[2025-12-30T09:47:08.053+0000] {processor.py:161} INFO - Started process (PID=73) to work on /home/airflow/.local/lib/python3.8/site-packages/airflow/example_dags/example_sensors.py
[2025-12-30T09:47:08.055+0000] {processor.py:830} INFO - Processing file /home/airflow/.local/lib/python3.8/site-packages/airflow/example_dags/example_sensors.py for tasks to queue
[2025-12-30T09:47:08.060+0000] {logging_mixin.py:188} INFO - [2025-12-30T09:47:08.059+0000] {dagbag.py:540} INFO - Filling up the DagBag from /home/airflow/.local/lib/python3.8/site-packages/airflow/example_dags/example_sensors.py
[2025-12-30T09:47:08.092+0000] {processor.py:840} INFO - DAG(s) 'example_sensors' retrieved from /home/airflow/.local/lib/python3.8/site-packages/airflow/example_dags/example_sensors.py
[2025-12-30T09:47:08.526+0000] {logging_mixin.py:188} INFO - [2025-12-30T09:47:08.525+0000] {dag.py:3047} INFO - Sync 1 DAGs
[2025-12-30T09:47:08.557+0000] {logging_mixin.py:188} INFO - [2025-12-30T09:47:08.556+0000] {dag.py:3834} INFO - Setting next_dagrun for example_sensors to None, run_after=None
[2025-12-30T09:47:08.645+0000] {processor.py:183} INFO - Processing /home/airflow/.local/lib/python3.8/site-packages/airflow/example_dags/example_sensors.py took 0.598 seconds
[2025-12-30T09:47:45.027+0000] {processor.py:161} INFO - Started process (PID=128) to work on /home/airflow/.local/lib/python3.8/site-packages/airflow/example_dags/example_sensors.py
[2025-12-30T09:47:45.071+0000] {processor.py:830} INFO - Processing file /home/airflow/.local/lib/python3.8/site-packages/airflow/example_dags/example_sensors.py for tasks to queue
[2025-12-30T09:47:45.078+0000] {logging_mixin.py:188} INFO - [2025-12-30T09:47:45.077+0000] {dagbag.py:540} INFO - Filling up the DagBag from /home/airflow/.local/lib/python3.8/site-packages/airflow/example_dags/example_sensors.py
[2025-12-30T09:47:45.116+0000] {processor.py:840} INFO - DAG(s) 'example_sensors' retrieved from /home/airflow/.local/lib/python3.8/site-packages/airflow/example_dags/example_sensors.py
[2025-12-30T09:47:45.374+0000] {logging_mixin.py:188} INFO - [2025-12-30T09:47:45.374+0000] {dag.py:3047} INFO - Sync 1 DAGs
[2025-12-30T09:47:45.396+0000] {logging_mixin.py:188} INFO - [2025-12-30T09:47:45.396+0000] {dag.py:3834} INFO - Setting next_dagrun for example_sensors to None, run_after=None
[2025-12-30T09:47:45.480+0000] {processor.py:183} INFO - Processing /home/airflow/.local/lib/python3.8/site-packages/airflow/example_dags/example_sensors.py took 0.465 seconds
[2025-12-30T09:49:59.840+0000] {processor.py:161} INFO - Started process (PID=179) to work on /home/airflow/.local/lib/python3.8/site-packages/airflow/example_dags/example_sensors.py
[2025-12-30T09:49:59.842+0000] {processor.py:830} INFO - Processing file /home/airflow/.local/lib/python3.8/site-packages/airflow/example_dags/example_sensors.py for tasks to queue
[2025-12-30T09:49:59.844+0000] {logging_mixin.py:188} INFO - [2025-12-30T09:49:59.843+0000] {dagbag.py:540} INFO - Filling up the DagBag from /home/airflow/.local/lib/python3.8/site-packages/airflow/example_dags/example_sensors.py
[2025-12-30T09:49:59.873+0000] {processor.py:840} INFO - DAG(s) 'example_sensors' retrieved from /home/airflow/.local/lib/python3.8/site-packages/airflow/example_dags/example_sensors.py
[2025-12-30T09:49:59.931+0000] {logging_mixin.py:188} INFO - [2025-12-30T09:49:59.930+0000] {dag.py:3047} INFO - Sync 1 DAGs
[2025-12-30T09:49:59.970+0000] {logging_mixin.py:188} INFO - [2025-12-30T09:49:59.969+0000] {dag.py:3834} INFO - Setting next_dagrun for example_sensors to None, run_after=None
[2025-12-30T09:50:00.036+0000] {processor.py:183} INFO - Processing /home/airflow/.local/lib/python3.8/site-packages/airflow/example_dags/example_sensors.py took 0.209 seconds
[2025-12-30T09:50:38.423+0000] {processor.py:161} INFO - Started process (PID=233) to work on /home/airflow/.local/lib/python3.8/site-packages/airflow/example_dags/example_sensors.py
[2025-12-30T09:50:38.427+0000] {processor.py:830} INFO - Processing file /home/airflow/.local/lib/python3.8/site-packages/airflow/example_dags/example_sensors.py for tasks to queue
[2025-12-30T09:50:38.431+0000] {logging_mixin.py:188} INFO - [2025-12-30T09:50:38.429+0000] {dagbag.py:540} INFO - Filling up the DagBag from /home/airflow/.local/lib/python3.8/site-packages/airflow/example_dags/example_sensors.py
[2025-12-30T09:50:38.456+0000] {processor.py:840} INFO - DAG(s) 'example_sensors' retrieved from /home/airflow/.local/lib/python3.8/site-packages/airflow/example_dags/example_sensors.py
[2025-12-30T09:50:39.014+0000] {logging_mixin.py:188} INFO - [2025-12-30T09:50:39.004+0000] {dag.py:3047} INFO - Sync 1 DAGs
[2025-12-30T09:50:39.041+0000] {logging_mixin.py:188} INFO - [2025-12-30T09:50:39.041+0000] {dag.py:3834} INFO - Setting next_dagrun for example_sensors to None, run_after=None
[2025-12-30T09:50:39.075+0000] {processor.py:183} INFO - Processing /home/airflow/.local/lib/python3.8/site-packages/airflow/example_dags/example_sensors.py took 0.662 seconds
[2025-12-30T09:53:31.567+0000] {processor.py:161} INFO - Started process (PID=280) to work on /home/airflow/.local/lib/python3.8/site-packages/airflow/example_dags/example_sensors.py
[2025-12-30T09:53:31.576+0000] {processor.py:830} INFO - Processing file /home/airflow/.local/lib/python3.8/site-packages/airflow/example_dags/example_sensors.py for tasks to queue
[2025-12-30T09:53:31.579+0000] {logging_mixin.py:188} INFO - [2025-12-30T09:53:31.578+0000] {dagbag.py:540} INFO - Filling up the DagBag from /home/airflow/.local/lib/python3.8/site-packages/airflow/example_dags/example_sensors.py
[2025-12-30T09:53:31.622+0000] {processor.py:840} INFO - DAG(s) 'example_sensors' retrieved from /home/airflow/.local/lib/python3.8/site-packages/airflow/example_dags/example_sensors.py
[2025-12-30T09:53:31.746+0000] {logging_mixin.py:188} INFO - [2025-12-30T09:53:31.745+0000] {dag.py:3047} INFO - Sync 1 DAGs
[2025-12-30T09:53:31.857+0000] {logging_mixin.py:188} INFO - [2025-12-30T09:53:31.857+0000] {dag.py:3834} INFO - Setting next_dagrun for example_sensors to None, run_after=None
[2025-12-30T09:53:31.938+0000] {processor.py:183} INFO - Processing /home/airflow/.local/lib/python3.8/site-packages/airflow/example_dags/example_sensors.py took 0.383 seconds
[2025-12-30T09:55:46.525+0000] {processor.py:161} INFO - Started process (PID=335) to work on /home/airflow/.local/lib/python3.8/site-packages/airflow/example_dags/example_sensors.py
[2025-12-30T09:55:46.548+0000] {processor.py:830} INFO - Processing file /home/airflow/.local/lib/python3.8/site-packages/airflow/example_dags/example_sensors.py for tasks to queue
[2025-12-30T09:55:46.569+0000] {logging_mixin.py:188} INFO - [2025-12-30T09:55:46.557+0000] {dagbag.py:540} INFO - Filling up the DagBag from /home/airflow/.local/lib/python3.8/site-packages/airflow/example_dags/example_sensors.py
[2025-12-30T09:55:46.909+0000] {processor.py:840} INFO - DAG(s) 'example_sensors' retrieved from /home/airflow/.local/lib/python3.8/site-packages/airflow/example_dags/example_sensors.py
[2025-12-30T09:56:00.587+0000] {logging_mixin.py:188} INFO - [2025-12-30T09:56:00.566+0000] {dag.py:3047} INFO - Sync 1 DAGs
[2025-12-30T09:56:00.836+0000] {logging_mixin.py:188} INFO - [2025-12-30T09:56:00.836+0000] {dag.py:3834} INFO - Setting next_dagrun for example_sensors to None, run_after=None
[2025-12-30T09:56:01.274+0000] {processor.py:183} INFO - Processing /home/airflow/.local/lib/python3.8/site-packages/airflow/example_dags/example_sensors.py took 14.798 seconds
[2025-12-30T10:00:29.209+0000] {processor.py:161} INFO - Started process (PID=390) to work on /home/airflow/.local/lib/python3.8/site-packages/airflow/example_dags/example_sensors.py
[2025-12-30T10:00:29.260+0000] {processor.py:830} INFO - Processing file /home/airflow/.local/lib/python3.8/site-packages/airflow/example_dags/example_sensors.py for tasks to queue
[2025-12-30T10:00:29.265+0000] {logging_mixin.py:188} INFO - [2025-12-30T10:00:29.265+0000] {dagbag.py:540} INFO - Filling up the DagBag from /home/airflow/.local/lib/python3.8/site-packages/airflow/example_dags/example_sensors.py
[2025-12-30T10:00:29.499+0000] {processor.py:840} INFO - DAG(s) 'example_sensors' retrieved from /home/airflow/.local/lib/python3.8/site-packages/airflow/example_dags/example_sensors.py
[2025-12-30T10:00:29.713+0000] {logging_mixin.py:188} INFO - [2025-12-30T10:00:29.709+0000] {dag.py:3047} INFO - Sync 1 DAGs
[2025-12-30T10:00:29.782+0000] {logging_mixin.py:188} INFO - [2025-12-30T10:00:29.782+0000] {dag.py:3834} INFO - Setting next_dagrun for example_sensors to None, run_after=None
[2025-12-30T10:00:29.918+0000] {processor.py:183} INFO - Processing /home/airflow/.local/lib/python3.8/site-packages/airflow/example_dags/example_sensors.py took 0.724 seconds
[2025-12-30T10:01:00.390+0000] {processor.py:161} INFO - Started process (PID=451) to work on /home/airflow/.local/lib/python3.8/site-packages/airflow/example_dags/example_sensors.py
[2025-12-30T10:01:00.403+0000] {processor.py:830} INFO - Processing file /home/airflow/.local/lib/python3.8/site-packages/airflow/example_dags/example_sensors.py for tasks to queue
[2025-12-30T10:01:00.407+0000] {logging_mixin.py:188} INFO - [2025-12-30T10:01:00.406+0000] {dagbag.py:540} INFO - Filling up the DagBag from /home/airflow/.local/lib/python3.8/site-packages/airflow/example_dags/example_sensors.py
[2025-12-30T10:01:00.472+0000] {processor.py:840} INFO - DAG(s) 'example_sensors' retrieved from /home/airflow/.local/lib/python3.8/site-packages/airflow/example_dags/example_sensors.py
[2025-12-30T10:01:00.645+0000] {logging_mixin.py:188} INFO - [2025-12-30T10:01:00.643+0000] {dag.py:3047} INFO - Sync 1 DAGs
[2025-12-30T10:01:00.723+0000] {logging_mixin.py:188} INFO - [2025-12-30T10:01:00.723+0000] {dag.py:3834} INFO - Setting next_dagrun for example_sensors to None, run_after=None
[2025-12-30T10:01:00.985+0000] {processor.py:183} INFO - Processing /home/airflow/.local/lib/python3.8/site-packages/airflow/example_dags/example_sensors.py took 0.618 seconds
