[2025-12-30T09:47:03.755+0000] {processor.py:161} INFO - Started process (PID=66) to work on /home/airflow/.local/lib/python3.8/site-packages/airflow/example_dags/example_xcom.py
[2025-12-30T09:47:03.764+0000] {processor.py:830} INFO - Processing file /home/airflow/.local/lib/python3.8/site-packages/airflow/example_dags/example_xcom.py for tasks to queue
[2025-12-30T09:47:03.771+0000] {logging_mixin.py:188} INFO - [2025-12-30T09:47:03.770+0000] {dagbag.py:540} INFO - Filling up the DagBag from /home/airflow/.local/lib/python3.8/site-packages/airflow/example_dags/example_xcom.py
[2025-12-30T09:47:04.061+0000] {processor.py:840} INFO - DAG(s) 'example_xcom' retrieved from /home/airflow/.local/lib/python3.8/site-packages/airflow/example_dags/example_xcom.py
[2025-12-30T09:47:04.722+0000] {logging_mixin.py:188} INFO - [2025-12-30T09:47:04.721+0000] {dag.py:3047} INFO - Sync 1 DAGs
[2025-12-30T09:47:04.784+0000] {logging_mixin.py:188} INFO - [2025-12-30T09:47:04.784+0000] {dag.py:3834} INFO - Setting next_dagrun for example_xcom to 2021-01-01 00:00:00+00:00, run_after=2021-01-01 00:00:00+00:00
[2025-12-30T09:47:04.852+0000] {processor.py:183} INFO - Processing /home/airflow/.local/lib/python3.8/site-packages/airflow/example_dags/example_xcom.py took 1.136 seconds
[2025-12-30T09:47:38.889+0000] {processor.py:161} INFO - Started process (PID=121) to work on /home/airflow/.local/lib/python3.8/site-packages/airflow/example_dags/example_xcom.py
[2025-12-30T09:47:39.220+0000] {processor.py:830} INFO - Processing file /home/airflow/.local/lib/python3.8/site-packages/airflow/example_dags/example_xcom.py for tasks to queue
[2025-12-30T09:47:39.227+0000] {logging_mixin.py:188} INFO - [2025-12-30T09:47:39.227+0000] {dagbag.py:540} INFO - Filling up the DagBag from /home/airflow/.local/lib/python3.8/site-packages/airflow/example_dags/example_xcom.py
[2025-12-30T09:47:39.461+0000] {processor.py:840} INFO - DAG(s) 'example_xcom' retrieved from /home/airflow/.local/lib/python3.8/site-packages/airflow/example_dags/example_xcom.py
[2025-12-30T09:47:41.160+0000] {logging_mixin.py:188} INFO - [2025-12-30T09:47:41.160+0000] {dag.py:3047} INFO - Sync 1 DAGs
[2025-12-30T09:47:41.360+0000] {logging_mixin.py:188} INFO - [2025-12-30T09:47:41.359+0000] {dag.py:3834} INFO - Setting next_dagrun for example_xcom to 2021-01-01 00:00:00+00:00, run_after=2021-01-01 00:00:00+00:00
[2025-12-30T09:47:41.506+0000] {processor.py:183} INFO - Processing /home/airflow/.local/lib/python3.8/site-packages/airflow/example_dags/example_xcom.py took 2.629 seconds
[2025-12-30T09:49:42.846+0000] {processor.py:161} INFO - Started process (PID=172) to work on /home/airflow/.local/lib/python3.8/site-packages/airflow/example_dags/example_xcom.py
[2025-12-30T09:49:42.860+0000] {processor.py:830} INFO - Processing file /home/airflow/.local/lib/python3.8/site-packages/airflow/example_dags/example_xcom.py for tasks to queue
[2025-12-30T09:49:42.926+0000] {logging_mixin.py:188} INFO - [2025-12-30T09:49:42.918+0000] {dagbag.py:540} INFO - Filling up the DagBag from /home/airflow/.local/lib/python3.8/site-packages/airflow/example_dags/example_xcom.py
[2025-12-30T09:49:43.568+0000] {processor.py:840} INFO - DAG(s) 'example_xcom' retrieved from /home/airflow/.local/lib/python3.8/site-packages/airflow/example_dags/example_xcom.py
[2025-12-30T09:49:57.246+0000] {logging_mixin.py:188} INFO - [2025-12-30T09:49:57.243+0000] {dag.py:3047} INFO - Sync 1 DAGs
[2025-12-30T09:49:57.550+0000] {logging_mixin.py:188} INFO - [2025-12-30T09:49:57.549+0000] {dag.py:3834} INFO - Setting next_dagrun for example_xcom to 2021-01-01 00:00:00+00:00, run_after=2021-01-01 00:00:00+00:00
[2025-12-30T09:49:58.014+0000] {processor.py:183} INFO - Processing /home/airflow/.local/lib/python3.8/site-packages/airflow/example_dags/example_xcom.py took 15.155 seconds
[2025-12-30T09:50:28.623+0000] {processor.py:161} INFO - Started process (PID=225) to work on /home/airflow/.local/lib/python3.8/site-packages/airflow/example_dags/example_xcom.py
[2025-12-30T09:50:28.628+0000] {processor.py:830} INFO - Processing file /home/airflow/.local/lib/python3.8/site-packages/airflow/example_dags/example_xcom.py for tasks to queue
[2025-12-30T09:50:28.634+0000] {logging_mixin.py:188} INFO - [2025-12-30T09:50:28.629+0000] {dagbag.py:540} INFO - Filling up the DagBag from /home/airflow/.local/lib/python3.8/site-packages/airflow/example_dags/example_xcom.py
[2025-12-30T09:50:28.664+0000] {processor.py:840} INFO - DAG(s) 'example_xcom' retrieved from /home/airflow/.local/lib/python3.8/site-packages/airflow/example_dags/example_xcom.py
[2025-12-30T09:50:36.835+0000] {logging_mixin.py:188} INFO - [2025-12-30T09:50:36.822+0000] {dag.py:3047} INFO - Sync 1 DAGs
[2025-12-30T09:50:36.882+0000] {logging_mixin.py:188} INFO - [2025-12-30T09:50:36.881+0000] {dag.py:3834} INFO - Setting next_dagrun for example_xcom to 2021-01-01 00:00:00+00:00, run_after=2021-01-01 00:00:00+00:00
[2025-12-30T09:50:36.918+0000] {processor.py:183} INFO - Processing /home/airflow/.local/lib/python3.8/site-packages/airflow/example_dags/example_xcom.py took 8.312 seconds
[2025-12-30T09:53:28.773+0000] {processor.py:161} INFO - Started process (PID=273) to work on /home/airflow/.local/lib/python3.8/site-packages/airflow/example_dags/example_xcom.py
[2025-12-30T09:53:28.779+0000] {processor.py:830} INFO - Processing file /home/airflow/.local/lib/python3.8/site-packages/airflow/example_dags/example_xcom.py for tasks to queue
[2025-12-30T09:53:28.784+0000] {logging_mixin.py:188} INFO - [2025-12-30T09:53:28.781+0000] {dagbag.py:540} INFO - Filling up the DagBag from /home/airflow/.local/lib/python3.8/site-packages/airflow/example_dags/example_xcom.py
[2025-12-30T09:53:28.839+0000] {processor.py:840} INFO - DAG(s) 'example_xcom' retrieved from /home/airflow/.local/lib/python3.8/site-packages/airflow/example_dags/example_xcom.py
[2025-12-30T09:53:28.976+0000] {logging_mixin.py:188} INFO - [2025-12-30T09:53:28.960+0000] {dag.py:3047} INFO - Sync 1 DAGs
[2025-12-30T09:53:29.148+0000] {logging_mixin.py:188} INFO - [2025-12-30T09:53:29.148+0000] {dag.py:3834} INFO - Setting next_dagrun for example_xcom to 2021-01-01 00:00:00+00:00, run_after=2021-01-01 00:00:00+00:00
[2025-12-30T09:53:29.251+0000] {processor.py:183} INFO - Processing /home/airflow/.local/lib/python3.8/site-packages/airflow/example_dags/example_xcom.py took 0.552 seconds
[2025-12-30T09:55:08.999+0000] {processor.py:161} INFO - Started process (PID=328) to work on /home/airflow/.local/lib/python3.8/site-packages/airflow/example_dags/example_xcom.py
[2025-12-30T09:55:09.030+0000] {processor.py:830} INFO - Processing file /home/airflow/.local/lib/python3.8/site-packages/airflow/example_dags/example_xcom.py for tasks to queue
[2025-12-30T09:55:09.049+0000] {logging_mixin.py:188} INFO - [2025-12-30T09:55:09.035+0000] {dagbag.py:540} INFO - Filling up the DagBag from /home/airflow/.local/lib/python3.8/site-packages/airflow/example_dags/example_xcom.py
[2025-12-30T09:55:09.323+0000] {processor.py:840} INFO - DAG(s) 'example_xcom' retrieved from /home/airflow/.local/lib/python3.8/site-packages/airflow/example_dags/example_xcom.py
[2025-12-30T09:55:10.609+0000] {logging_mixin.py:188} INFO - [2025-12-30T09:55:10.593+0000] {dag.py:3047} INFO - Sync 1 DAGs
[2025-12-30T09:55:10.782+0000] {logging_mixin.py:188} INFO - [2025-12-30T09:55:10.780+0000] {dag.py:3834} INFO - Setting next_dagrun for example_xcom to 2021-01-01 00:00:00+00:00, run_after=2021-01-01 00:00:00+00:00
[2025-12-30T09:55:10.953+0000] {processor.py:183} INFO - Processing /home/airflow/.local/lib/python3.8/site-packages/airflow/example_dags/example_xcom.py took 2.009 seconds
[2025-12-30T09:59:20.515+0000] {processor.py:161} INFO - Started process (PID=383) to work on /home/airflow/.local/lib/python3.8/site-packages/airflow/example_dags/example_xcom.py
[2025-12-30T09:59:20.518+0000] {processor.py:830} INFO - Processing file /home/airflow/.local/lib/python3.8/site-packages/airflow/example_dags/example_xcom.py for tasks to queue
[2025-12-30T09:59:20.519+0000] {logging_mixin.py:188} INFO - [2025-12-30T09:59:20.519+0000] {dagbag.py:540} INFO - Filling up the DagBag from /home/airflow/.local/lib/python3.8/site-packages/airflow/example_dags/example_xcom.py
[2025-12-30T09:59:20.535+0000] {processor.py:840} INFO - DAG(s) 'example_xcom' retrieved from /home/airflow/.local/lib/python3.8/site-packages/airflow/example_dags/example_xcom.py
[2025-12-30T09:59:20.578+0000] {logging_mixin.py:188} INFO - [2025-12-30T09:59:20.577+0000] {dag.py:3047} INFO - Sync 1 DAGs
[2025-12-30T09:59:20.643+0000] {logging_mixin.py:188} INFO - [2025-12-30T09:59:20.642+0000] {dag.py:3834} INFO - Setting next_dagrun for example_xcom to 2021-01-01 00:00:00+00:00, run_after=2021-01-01 00:00:00+00:00
[2025-12-30T09:59:20.689+0000] {processor.py:183} INFO - Processing /home/airflow/.local/lib/python3.8/site-packages/airflow/example_dags/example_xcom.py took 0.180 seconds
[2025-12-30T10:00:34.085+0000] {processor.py:161} INFO - Started process (PID=423) to work on /home/airflow/.local/lib/python3.8/site-packages/airflow/example_dags/example_xcom.py
[2025-12-30T10:00:34.087+0000] {processor.py:830} INFO - Processing file /home/airflow/.local/lib/python3.8/site-packages/airflow/example_dags/example_xcom.py for tasks to queue
[2025-12-30T10:00:34.089+0000] {logging_mixin.py:188} INFO - [2025-12-30T10:00:34.088+0000] {dagbag.py:540} INFO - Filling up the DagBag from /home/airflow/.local/lib/python3.8/site-packages/airflow/example_dags/example_xcom.py
[2025-12-30T10:00:34.105+0000] {processor.py:840} INFO - DAG(s) 'example_xcom' retrieved from /home/airflow/.local/lib/python3.8/site-packages/airflow/example_dags/example_xcom.py
[2025-12-30T10:00:34.144+0000] {logging_mixin.py:188} INFO - [2025-12-30T10:00:34.144+0000] {dag.py:3047} INFO - Sync 1 DAGs
[2025-12-30T10:00:34.182+0000] {logging_mixin.py:188} INFO - [2025-12-30T10:00:34.181+0000] {dag.py:3834} INFO - Setting next_dagrun for example_xcom to 2021-01-01 00:00:00+00:00, run_after=2021-01-01 00:00:00+00:00
[2025-12-30T10:00:34.214+0000] {processor.py:183} INFO - Processing /home/airflow/.local/lib/python3.8/site-packages/airflow/example_dags/example_xcom.py took 0.135 seconds
[2025-12-30T10:01:07.147+0000] {processor.py:161} INFO - Started process (PID=460) to work on /home/airflow/.local/lib/python3.8/site-packages/airflow/example_dags/example_xcom.py
[2025-12-30T10:01:07.299+0000] {processor.py:830} INFO - Processing file /home/airflow/.local/lib/python3.8/site-packages/airflow/example_dags/example_xcom.py for tasks to queue
[2025-12-30T10:01:07.302+0000] {logging_mixin.py:188} INFO - [2025-12-30T10:01:07.301+0000] {dagbag.py:540} INFO - Filling up the DagBag from /home/airflow/.local/lib/python3.8/site-packages/airflow/example_dags/example_xcom.py
[2025-12-30T10:01:07.390+0000] {processor.py:840} INFO - DAG(s) 'example_xcom' retrieved from /home/airflow/.local/lib/python3.8/site-packages/airflow/example_dags/example_xcom.py
[2025-12-30T10:01:07.513+0000] {logging_mixin.py:188} INFO - [2025-12-30T10:01:07.513+0000] {dag.py:3047} INFO - Sync 1 DAGs
[2025-12-30T10:01:07.629+0000] {logging_mixin.py:188} INFO - [2025-12-30T10:01:07.629+0000] {dag.py:3834} INFO - Setting next_dagrun for example_xcom to 2021-01-01 00:00:00+00:00, run_after=2021-01-01 00:00:00+00:00
