[2025-12-30T09:47:22.123+0000] {processor.py:161} INFO - Started process (PID=90) to work on /home/airflow/.local/lib/python3.8/site-packages/airflow/example_dags/example_sla_dag.py
[2025-12-30T09:47:22.125+0000] {processor.py:830} INFO - Processing file /home/airflow/.local/lib/python3.8/site-packages/airflow/example_dags/example_sla_dag.py for tasks to queue
[2025-12-30T09:47:22.129+0000] {logging_mixin.py:188} INFO - [2025-12-30T09:47:22.128+0000] {dagbag.py:540} INFO - Filling up the DagBag from /home/airflow/.local/lib/python3.8/site-packages/airflow/example_dags/example_sla_dag.py
[2025-12-30T09:47:22.208+0000] {processor.py:840} INFO - DAG(s) 'example_sla_dag' retrieved from /home/airflow/.local/lib/python3.8/site-packages/airflow/example_dags/example_sla_dag.py
[2025-12-30T09:47:23.115+0000] {logging_mixin.py:188} INFO - [2025-12-30T09:47:23.114+0000] {dag.py:3047} INFO - Sync 1 DAGs
[2025-12-30T09:47:23.189+0000] {logging_mixin.py:188} INFO - [2025-12-30T09:47:23.188+0000] {dag.py:3834} INFO - Setting next_dagrun for example_sla_dag to 2025-12-30 09:44:00+00:00, run_after=2025-12-30 09:46:00+00:00
[2025-12-30T09:47:23.312+0000] {processor.py:183} INFO - Processing /home/airflow/.local/lib/python3.8/site-packages/airflow/example_dags/example_sla_dag.py took 1.203 seconds
[2025-12-30T09:47:53.386+0000] {processor.py:161} INFO - Started process (PID=145) to work on /home/airflow/.local/lib/python3.8/site-packages/airflow/example_dags/example_sla_dag.py
[2025-12-30T09:47:53.388+0000] {processor.py:830} INFO - Processing file /home/airflow/.local/lib/python3.8/site-packages/airflow/example_dags/example_sla_dag.py for tasks to queue
[2025-12-30T09:47:53.392+0000] {logging_mixin.py:188} INFO - [2025-12-30T09:47:53.392+0000] {dagbag.py:540} INFO - Filling up the DagBag from /home/airflow/.local/lib/python3.8/site-packages/airflow/example_dags/example_sla_dag.py
[2025-12-30T09:47:53.409+0000] {processor.py:840} INFO - DAG(s) 'example_sla_dag' retrieved from /home/airflow/.local/lib/python3.8/site-packages/airflow/example_dags/example_sla_dag.py
[2025-12-30T09:47:53.448+0000] {logging_mixin.py:188} INFO - [2025-12-30T09:47:53.447+0000] {dag.py:3047} INFO - Sync 1 DAGs
[2025-12-30T09:47:53.495+0000] {logging_mixin.py:188} INFO - [2025-12-30T09:47:53.495+0000] {dag.py:3834} INFO - Setting next_dagrun for example_sla_dag to 2025-12-30 09:44:00+00:00, run_after=2025-12-30 09:46:00+00:00
[2025-12-30T09:47:53.538+0000] {processor.py:183} INFO - Processing /home/airflow/.local/lib/python3.8/site-packages/airflow/example_dags/example_sla_dag.py took 0.158 seconds
[2025-12-30T09:50:02.789+0000] {processor.py:161} INFO - Started process (PID=196) to work on /home/airflow/.local/lib/python3.8/site-packages/airflow/example_dags/example_sla_dag.py
[2025-12-30T09:50:02.791+0000] {processor.py:830} INFO - Processing file /home/airflow/.local/lib/python3.8/site-packages/airflow/example_dags/example_sla_dag.py for tasks to queue
[2025-12-30T09:50:02.793+0000] {logging_mixin.py:188} INFO - [2025-12-30T09:50:02.792+0000] {dagbag.py:540} INFO - Filling up the DagBag from /home/airflow/.local/lib/python3.8/site-packages/airflow/example_dags/example_sla_dag.py
[2025-12-30T09:50:02.837+0000] {processor.py:840} INFO - DAG(s) 'example_sla_dag' retrieved from /home/airflow/.local/lib/python3.8/site-packages/airflow/example_dags/example_sla_dag.py
[2025-12-30T09:50:02.938+0000] {logging_mixin.py:188} INFO - [2025-12-30T09:50:02.938+0000] {dag.py:3047} INFO - Sync 1 DAGs
[2025-12-30T09:50:02.989+0000] {logging_mixin.py:188} INFO - [2025-12-30T09:50:02.988+0000] {dag.py:3834} INFO - Setting next_dagrun for example_sla_dag to 2025-12-30 09:48:00+00:00, run_after=2025-12-30 09:50:00+00:00
[2025-12-30T09:50:03.045+0000] {processor.py:183} INFO - Processing /home/airflow/.local/lib/python3.8/site-packages/airflow/example_dags/example_sla_dag.py took 0.262 seconds
[2025-12-30T09:53:09.765+0000] {processor.py:161} INFO - Started process (PID=250) to work on /home/airflow/.local/lib/python3.8/site-packages/airflow/example_dags/example_sla_dag.py
[2025-12-30T09:53:09.768+0000] {processor.py:830} INFO - Processing file /home/airflow/.local/lib/python3.8/site-packages/airflow/example_dags/example_sla_dag.py for tasks to queue
[2025-12-30T09:53:09.769+0000] {logging_mixin.py:188} INFO - [2025-12-30T09:53:09.769+0000] {dagbag.py:540} INFO - Filling up the DagBag from /home/airflow/.local/lib/python3.8/site-packages/airflow/example_dags/example_sla_dag.py
[2025-12-30T09:53:09.813+0000] {processor.py:840} INFO - DAG(s) 'example_sla_dag' retrieved from /home/airflow/.local/lib/python3.8/site-packages/airflow/example_dags/example_sla_dag.py
[2025-12-30T09:53:09.892+0000] {logging_mixin.py:188} INFO - [2025-12-30T09:53:09.892+0000] {dag.py:3047} INFO - Sync 1 DAGs
[2025-12-30T09:53:10.004+0000] {logging_mixin.py:188} INFO - [2025-12-30T09:53:10.004+0000] {dag.py:3834} INFO - Setting next_dagrun for example_sla_dag to 2025-12-30 09:50:00+00:00, run_after=2025-12-30 09:52:00+00:00
[2025-12-30T09:53:10.128+0000] {processor.py:183} INFO - Processing /home/airflow/.local/lib/python3.8/site-packages/airflow/example_dags/example_sla_dag.py took 0.369 seconds
[2025-12-30T09:53:40.879+0000] {processor.py:161} INFO - Started process (PID=305) to work on /home/airflow/.local/lib/python3.8/site-packages/airflow/example_dags/example_sla_dag.py
[2025-12-30T09:53:40.888+0000] {processor.py:830} INFO - Processing file /home/airflow/.local/lib/python3.8/site-packages/airflow/example_dags/example_sla_dag.py for tasks to queue
[2025-12-30T09:53:40.899+0000] {logging_mixin.py:188} INFO - [2025-12-30T09:53:40.897+0000] {dagbag.py:540} INFO - Filling up the DagBag from /home/airflow/.local/lib/python3.8/site-packages/airflow/example_dags/example_sla_dag.py
[2025-12-30T09:53:41.022+0000] {processor.py:840} INFO - DAG(s) 'example_sla_dag' retrieved from /home/airflow/.local/lib/python3.8/site-packages/airflow/example_dags/example_sla_dag.py
[2025-12-30T09:53:41.163+0000] {logging_mixin.py:188} INFO - [2025-12-30T09:53:41.161+0000] {dag.py:3047} INFO - Sync 1 DAGs
[2025-12-30T09:53:41.263+0000] {logging_mixin.py:188} INFO - [2025-12-30T09:53:41.262+0000] {dag.py:3834} INFO - Setting next_dagrun for example_sla_dag to 2025-12-30 09:50:00+00:00, run_after=2025-12-30 09:52:00+00:00
[2025-12-30T09:53:41.365+0000] {processor.py:183} INFO - Processing /home/airflow/.local/lib/python3.8/site-packages/airflow/example_dags/example_sla_dag.py took 0.524 seconds
[2025-12-30T09:56:08.715+0000] {processor.py:161} INFO - Started process (PID=352) to work on /home/airflow/.local/lib/python3.8/site-packages/airflow/example_dags/example_sla_dag.py
[2025-12-30T09:56:08.722+0000] {processor.py:830} INFO - Processing file /home/airflow/.local/lib/python3.8/site-packages/airflow/example_dags/example_sla_dag.py for tasks to queue
[2025-12-30T09:56:08.727+0000] {logging_mixin.py:188} INFO - [2025-12-30T09:56:08.723+0000] {dagbag.py:540} INFO - Filling up the DagBag from /home/airflow/.local/lib/python3.8/site-packages/airflow/example_dags/example_sla_dag.py
[2025-12-30T09:56:08.837+0000] {processor.py:840} INFO - DAG(s) 'example_sla_dag' retrieved from /home/airflow/.local/lib/python3.8/site-packages/airflow/example_dags/example_sla_dag.py
[2025-12-30T09:56:09.632+0000] {logging_mixin.py:188} INFO - [2025-12-30T09:56:09.623+0000] {dag.py:3047} INFO - Sync 1 DAGs
[2025-12-30T09:56:09.725+0000] {logging_mixin.py:188} INFO - [2025-12-30T09:56:09.724+0000] {dag.py:3834} INFO - Setting next_dagrun for example_sla_dag to 2025-12-30 09:54:00+00:00, run_after=2025-12-30 09:56:00+00:00
[2025-12-30T09:56:09.834+0000] {processor.py:183} INFO - Processing /home/airflow/.local/lib/python3.8/site-packages/airflow/example_dags/example_sla_dag.py took 1.140 seconds
[2025-12-30T10:00:32.744+0000] {processor.py:161} INFO - Started process (PID=413) to work on /home/airflow/.local/lib/python3.8/site-packages/airflow/example_dags/example_sla_dag.py
[2025-12-30T10:00:32.748+0000] {processor.py:830} INFO - Processing file /home/airflow/.local/lib/python3.8/site-packages/airflow/example_dags/example_sla_dag.py for tasks to queue
[2025-12-30T10:00:32.751+0000] {logging_mixin.py:188} INFO - [2025-12-30T10:00:32.749+0000] {dagbag.py:540} INFO - Filling up the DagBag from /home/airflow/.local/lib/python3.8/site-packages/airflow/example_dags/example_sla_dag.py
[2025-12-30T10:00:32.773+0000] {processor.py:840} INFO - DAG(s) 'example_sla_dag' retrieved from /home/airflow/.local/lib/python3.8/site-packages/airflow/example_dags/example_sla_dag.py
[2025-12-30T10:00:32.822+0000] {logging_mixin.py:188} INFO - [2025-12-30T10:00:32.821+0000] {dag.py:3047} INFO - Sync 1 DAGs
[2025-12-30T10:00:32.871+0000] {logging_mixin.py:188} INFO - [2025-12-30T10:00:32.870+0000] {dag.py:3834} INFO - Setting next_dagrun for example_sla_dag to 2025-12-30 09:58:00+00:00, run_after=2025-12-30 10:00:00+00:00
[2025-12-30T10:00:32.924+0000] {processor.py:183} INFO - Processing /home/airflow/.local/lib/python3.8/site-packages/airflow/example_dags/example_sla_dag.py took 0.187 seconds
