[2025-12-30T09:47:07.059+0000] {processor.py:161} INFO - Started process (PID=72) to work on /home/airflow/.local/lib/python3.8/site-packages/airflow/example_dags/example_nested_branch_dag.py
[2025-12-30T09:47:07.061+0000] {processor.py:830} INFO - Processing file /home/airflow/.local/lib/python3.8/site-packages/airflow/example_dags/example_nested_branch_dag.py for tasks to queue
[2025-12-30T09:47:07.065+0000] {logging_mixin.py:188} INFO - [2025-12-30T09:47:07.064+0000] {dagbag.py:540} INFO - Filling up the DagBag from /home/airflow/.local/lib/python3.8/site-packages/airflow/example_dags/example_nested_branch_dag.py
[2025-12-30T09:47:07.117+0000] {processor.py:840} INFO - DAG(s) 'example_nested_branch_dag' retrieved from /home/airflow/.local/lib/python3.8/site-packages/airflow/example_dags/example_nested_branch_dag.py
[2025-12-30T09:47:07.597+0000] {logging_mixin.py:188} INFO - [2025-12-30T09:47:07.597+0000] {dag.py:3047} INFO - Sync 1 DAGs
[2025-12-30T09:47:07.685+0000] {logging_mixin.py:188} INFO - [2025-12-30T09:47:07.685+0000] {dag.py:3834} INFO - Setting next_dagrun for example_nested_branch_dag to 2025-12-29 00:00:00+00:00, run_after=2025-12-30 00:00:00+00:00
[2025-12-30T09:47:07.968+0000] {processor.py:183} INFO - Processing /home/airflow/.local/lib/python3.8/site-packages/airflow/example_dags/example_nested_branch_dag.py took 0.922 seconds
[2025-12-30T09:47:44.418+0000] {processor.py:161} INFO - Started process (PID=127) to work on /home/airflow/.local/lib/python3.8/site-packages/airflow/example_dags/example_nested_branch_dag.py
[2025-12-30T09:47:44.421+0000] {processor.py:830} INFO - Processing file /home/airflow/.local/lib/python3.8/site-packages/airflow/example_dags/example_nested_branch_dag.py for tasks to queue
[2025-12-30T09:47:44.424+0000] {logging_mixin.py:188} INFO - [2025-12-30T09:47:44.423+0000] {dagbag.py:540} INFO - Filling up the DagBag from /home/airflow/.local/lib/python3.8/site-packages/airflow/example_dags/example_nested_branch_dag.py
[2025-12-30T09:47:44.472+0000] {processor.py:840} INFO - DAG(s) 'example_nested_branch_dag' retrieved from /home/airflow/.local/lib/python3.8/site-packages/airflow/example_dags/example_nested_branch_dag.py
[2025-12-30T09:47:44.589+0000] {logging_mixin.py:188} INFO - [2025-12-30T09:47:44.588+0000] {dag.py:3047} INFO - Sync 1 DAGs
[2025-12-30T09:47:44.690+0000] {logging_mixin.py:188} INFO - [2025-12-30T09:47:44.690+0000] {dag.py:3834} INFO - Setting next_dagrun for example_nested_branch_dag to 2025-12-29 00:00:00+00:00, run_after=2025-12-30 00:00:00+00:00
[2025-12-30T09:47:44.973+0000] {processor.py:183} INFO - Processing /home/airflow/.local/lib/python3.8/site-packages/airflow/example_dags/example_nested_branch_dag.py took 0.573 seconds
[2025-12-30T09:49:59.644+0000] {processor.py:161} INFO - Started process (PID=178) to work on /home/airflow/.local/lib/python3.8/site-packages/airflow/example_dags/example_nested_branch_dag.py
[2025-12-30T09:49:59.647+0000] {processor.py:830} INFO - Processing file /home/airflow/.local/lib/python3.8/site-packages/airflow/example_dags/example_nested_branch_dag.py for tasks to queue
[2025-12-30T09:49:59.649+0000] {logging_mixin.py:188} INFO - [2025-12-30T09:49:59.648+0000] {dagbag.py:540} INFO - Filling up the DagBag from /home/airflow/.local/lib/python3.8/site-packages/airflow/example_dags/example_nested_branch_dag.py
[2025-12-30T09:49:59.672+0000] {processor.py:840} INFO - DAG(s) 'example_nested_branch_dag' retrieved from /home/airflow/.local/lib/python3.8/site-packages/airflow/example_dags/example_nested_branch_dag.py
[2025-12-30T09:49:59.723+0000] {logging_mixin.py:188} INFO - [2025-12-30T09:49:59.722+0000] {dag.py:3047} INFO - Sync 1 DAGs
[2025-12-30T09:49:59.763+0000] {logging_mixin.py:188} INFO - [2025-12-30T09:49:59.763+0000] {dag.py:3834} INFO - Setting next_dagrun for example_nested_branch_dag to 2025-12-29 00:00:00+00:00, run_after=2025-12-30 00:00:00+00:00
[2025-12-30T09:49:59.805+0000] {processor.py:183} INFO - Processing /home/airflow/.local/lib/python3.8/site-packages/airflow/example_dags/example_nested_branch_dag.py took 0.168 seconds
[2025-12-30T09:50:37.619+0000] {processor.py:161} INFO - Started process (PID=232) to work on /home/airflow/.local/lib/python3.8/site-packages/airflow/example_dags/example_nested_branch_dag.py
[2025-12-30T09:50:37.621+0000] {processor.py:830} INFO - Processing file /home/airflow/.local/lib/python3.8/site-packages/airflow/example_dags/example_nested_branch_dag.py for tasks to queue
[2025-12-30T09:50:37.626+0000] {logging_mixin.py:188} INFO - [2025-12-30T09:50:37.624+0000] {dagbag.py:540} INFO - Filling up the DagBag from /home/airflow/.local/lib/python3.8/site-packages/airflow/example_dags/example_nested_branch_dag.py
[2025-12-30T09:50:37.652+0000] {processor.py:840} INFO - DAG(s) 'example_nested_branch_dag' retrieved from /home/airflow/.local/lib/python3.8/site-packages/airflow/example_dags/example_nested_branch_dag.py
[2025-12-30T09:50:38.286+0000] {logging_mixin.py:188} INFO - [2025-12-30T09:50:38.283+0000] {dag.py:3047} INFO - Sync 1 DAGs
[2025-12-30T09:50:38.331+0000] {logging_mixin.py:188} INFO - [2025-12-30T09:50:38.330+0000] {dag.py:3834} INFO - Setting next_dagrun for example_nested_branch_dag to 2025-12-29 00:00:00+00:00, run_after=2025-12-30 00:00:00+00:00
[2025-12-30T09:50:38.370+0000] {processor.py:183} INFO - Processing /home/airflow/.local/lib/python3.8/site-packages/airflow/example_dags/example_nested_branch_dag.py took 0.757 seconds
[2025-12-30T09:53:31.298+0000] {processor.py:161} INFO - Started process (PID=279) to work on /home/airflow/.local/lib/python3.8/site-packages/airflow/example_dags/example_nested_branch_dag.py
[2025-12-30T09:53:31.299+0000] {processor.py:830} INFO - Processing file /home/airflow/.local/lib/python3.8/site-packages/airflow/example_dags/example_nested_branch_dag.py for tasks to queue
[2025-12-30T09:53:31.301+0000] {logging_mixin.py:188} INFO - [2025-12-30T09:53:31.301+0000] {dagbag.py:540} INFO - Filling up the DagBag from /home/airflow/.local/lib/python3.8/site-packages/airflow/example_dags/example_nested_branch_dag.py
[2025-12-30T09:53:31.321+0000] {processor.py:840} INFO - DAG(s) 'example_nested_branch_dag' retrieved from /home/airflow/.local/lib/python3.8/site-packages/airflow/example_dags/example_nested_branch_dag.py
[2025-12-30T09:53:31.422+0000] {logging_mixin.py:188} INFO - [2025-12-30T09:53:31.422+0000] {dag.py:3047} INFO - Sync 1 DAGs
[2025-12-30T09:53:31.494+0000] {logging_mixin.py:188} INFO - [2025-12-30T09:53:31.491+0000] {dag.py:3834} INFO - Setting next_dagrun for example_nested_branch_dag to 2025-12-29 00:00:00+00:00, run_after=2025-12-30 00:00:00+00:00
[2025-12-30T09:53:31.577+0000] {processor.py:183} INFO - Processing /home/airflow/.local/lib/python3.8/site-packages/airflow/example_dags/example_nested_branch_dag.py took 0.287 seconds
[2025-12-30T09:55:46.525+0000] {processor.py:161} INFO - Started process (PID=334) to work on /home/airflow/.local/lib/python3.8/site-packages/airflow/example_dags/example_nested_branch_dag.py
[2025-12-30T09:55:46.548+0000] {processor.py:830} INFO - Processing file /home/airflow/.local/lib/python3.8/site-packages/airflow/example_dags/example_nested_branch_dag.py for tasks to queue
[2025-12-30T09:55:46.569+0000] {logging_mixin.py:188} INFO - [2025-12-30T09:55:46.557+0000] {dagbag.py:540} INFO - Filling up the DagBag from /home/airflow/.local/lib/python3.8/site-packages/airflow/example_dags/example_nested_branch_dag.py
[2025-12-30T09:55:46.922+0000] {processor.py:840} INFO - DAG(s) 'example_nested_branch_dag' retrieved from /home/airflow/.local/lib/python3.8/site-packages/airflow/example_dags/example_nested_branch_dag.py
[2025-12-30T09:56:00.587+0000] {logging_mixin.py:188} INFO - [2025-12-30T09:56:00.571+0000] {dag.py:3047} INFO - Sync 1 DAGs
[2025-12-30T09:56:01.000+0000] {logging_mixin.py:188} INFO - [2025-12-30T09:56:00.999+0000] {dag.py:3834} INFO - Setting next_dagrun for example_nested_branch_dag to 2025-12-29 00:00:00+00:00, run_after=2025-12-30 00:00:00+00:00
[2025-12-30T09:56:01.367+0000] {processor.py:183} INFO - Processing /home/airflow/.local/lib/python3.8/site-packages/airflow/example_dags/example_nested_branch_dag.py took 14.891 seconds
[2025-12-30T10:00:27.699+0000] {processor.py:161} INFO - Started process (PID=389) to work on /home/airflow/.local/lib/python3.8/site-packages/airflow/example_dags/example_nested_branch_dag.py
[2025-12-30T10:00:27.712+0000] {processor.py:830} INFO - Processing file /home/airflow/.local/lib/python3.8/site-packages/airflow/example_dags/example_nested_branch_dag.py for tasks to queue
[2025-12-30T10:00:27.719+0000] {logging_mixin.py:188} INFO - [2025-12-30T10:00:27.718+0000] {dagbag.py:540} INFO - Filling up the DagBag from /home/airflow/.local/lib/python3.8/site-packages/airflow/example_dags/example_nested_branch_dag.py
[2025-12-30T10:00:27.952+0000] {processor.py:840} INFO - DAG(s) 'example_nested_branch_dag' retrieved from /home/airflow/.local/lib/python3.8/site-packages/airflow/example_dags/example_nested_branch_dag.py
[2025-12-30T10:00:28.146+0000] {logging_mixin.py:188} INFO - [2025-12-30T10:00:28.145+0000] {dag.py:3047} INFO - Sync 1 DAGs
[2025-12-30T10:00:28.924+0000] {logging_mixin.py:188} INFO - [2025-12-30T10:00:28.916+0000] {dag.py:3834} INFO - Setting next_dagrun for example_nested_branch_dag to 2025-12-29 00:00:00+00:00, run_after=2025-12-30 00:00:00+00:00
[2025-12-30T10:00:29.094+0000] {processor.py:183} INFO - Processing /home/airflow/.local/lib/python3.8/site-packages/airflow/example_dags/example_nested_branch_dag.py took 1.319 seconds
[2025-12-30T10:00:59.715+0000] {processor.py:161} INFO - Started process (PID=443) to work on /home/airflow/.local/lib/python3.8/site-packages/airflow/example_dags/example_nested_branch_dag.py
[2025-12-30T10:00:59.729+0000] {processor.py:830} INFO - Processing file /home/airflow/.local/lib/python3.8/site-packages/airflow/example_dags/example_nested_branch_dag.py for tasks to queue
[2025-12-30T10:00:59.745+0000] {logging_mixin.py:188} INFO - [2025-12-30T10:00:59.744+0000] {dagbag.py:540} INFO - Filling up the DagBag from /home/airflow/.local/lib/python3.8/site-packages/airflow/example_dags/example_nested_branch_dag.py
[2025-12-30T10:00:59.789+0000] {processor.py:840} INFO - DAG(s) 'example_nested_branch_dag' retrieved from /home/airflow/.local/lib/python3.8/site-packages/airflow/example_dags/example_nested_branch_dag.py
[2025-12-30T10:00:59.923+0000] {logging_mixin.py:188} INFO - [2025-12-30T10:00:59.922+0000] {dag.py:3047} INFO - Sync 1 DAGs
[2025-12-30T10:01:00.165+0000] {logging_mixin.py:188} INFO - [2025-12-30T10:01:00.164+0000] {dag.py:3834} INFO - Setting next_dagrun for example_nested_branch_dag to 2025-12-29 00:00:00+00:00, run_after=2025-12-30 00:00:00+00:00
[2025-12-30T10:01:00.273+0000] {processor.py:183} INFO - Processing /home/airflow/.local/lib/python3.8/site-packages/airflow/example_dags/example_nested_branch_dag.py took 0.578 seconds
