[2025-12-30T09:47:21.458+0000] {processor.py:161} INFO - Started process (PID=88) to work on /home/airflow/.local/lib/python3.8/site-packages/airflow/example_dags/example_latest_only.py
[2025-12-30T09:47:21.460+0000] {processor.py:830} INFO - Processing file /home/airflow/.local/lib/python3.8/site-packages/airflow/example_dags/example_latest_only.py for tasks to queue
[2025-12-30T09:47:21.465+0000] {logging_mixin.py:188} INFO - [2025-12-30T09:47:21.464+0000] {dagbag.py:540} INFO - Filling up the DagBag from /home/airflow/.local/lib/python3.8/site-packages/airflow/example_dags/example_latest_only.py
[2025-12-30T09:47:21.478+0000] {processor.py:840} INFO - DAG(s) 'latest_only' retrieved from /home/airflow/.local/lib/python3.8/site-packages/airflow/example_dags/example_latest_only.py
[2025-12-30T09:47:21.845+0000] {logging_mixin.py:188} INFO - [2025-12-30T09:47:21.844+0000] {dag.py:3047} INFO - Sync 1 DAGs
[2025-12-30T09:47:21.892+0000] {logging_mixin.py:188} INFO - [2025-12-30T09:47:21.892+0000] {dag.py:3834} INFO - Setting next_dagrun for latest_only to 2025-12-30 04:00:00+00:00, run_after=2025-12-30 08:00:00+00:00
[2025-12-30T09:47:22.016+0000] {processor.py:183} INFO - Processing /home/airflow/.local/lib/python3.8/site-packages/airflow/example_dags/example_latest_only.py took 0.571 seconds
[2025-12-30T09:47:52.137+0000] {processor.py:161} INFO - Started process (PID=143) to work on /home/airflow/.local/lib/python3.8/site-packages/airflow/example_dags/example_latest_only.py
[2025-12-30T09:47:52.139+0000] {processor.py:830} INFO - Processing file /home/airflow/.local/lib/python3.8/site-packages/airflow/example_dags/example_latest_only.py for tasks to queue
[2025-12-30T09:47:52.142+0000] {logging_mixin.py:188} INFO - [2025-12-30T09:47:52.142+0000] {dagbag.py:540} INFO - Filling up the DagBag from /home/airflow/.local/lib/python3.8/site-packages/airflow/example_dags/example_latest_only.py
[2025-12-30T09:47:52.154+0000] {processor.py:840} INFO - DAG(s) 'latest_only' retrieved from /home/airflow/.local/lib/python3.8/site-packages/airflow/example_dags/example_latest_only.py
[2025-12-30T09:47:52.188+0000] {logging_mixin.py:188} INFO - [2025-12-30T09:47:52.187+0000] {dag.py:3047} INFO - Sync 1 DAGs
[2025-12-30T09:47:52.240+0000] {logging_mixin.py:188} INFO - [2025-12-30T09:47:52.239+0000] {dag.py:3834} INFO - Setting next_dagrun for latest_only to 2025-12-30 04:00:00+00:00, run_after=2025-12-30 08:00:00+00:00
[2025-12-30T09:47:52.274+0000] {processor.py:183} INFO - Processing /home/airflow/.local/lib/python3.8/site-packages/airflow/example_dags/example_latest_only.py took 0.146 seconds
[2025-12-30T09:50:02.399+0000] {processor.py:161} INFO - Started process (PID=194) to work on /home/airflow/.local/lib/python3.8/site-packages/airflow/example_dags/example_latest_only.py
[2025-12-30T09:50:02.400+0000] {processor.py:830} INFO - Processing file /home/airflow/.local/lib/python3.8/site-packages/airflow/example_dags/example_latest_only.py for tasks to queue
[2025-12-30T09:50:02.401+0000] {logging_mixin.py:188} INFO - [2025-12-30T09:50:02.401+0000] {dagbag.py:540} INFO - Filling up the DagBag from /home/airflow/.local/lib/python3.8/site-packages/airflow/example_dags/example_latest_only.py
[2025-12-30T09:50:02.410+0000] {processor.py:840} INFO - DAG(s) 'latest_only' retrieved from /home/airflow/.local/lib/python3.8/site-packages/airflow/example_dags/example_latest_only.py
[2025-12-30T09:50:02.445+0000] {logging_mixin.py:188} INFO - [2025-12-30T09:50:02.444+0000] {dag.py:3047} INFO - Sync 1 DAGs
[2025-12-30T09:50:02.485+0000] {logging_mixin.py:188} INFO - [2025-12-30T09:50:02.485+0000] {dag.py:3834} INFO - Setting next_dagrun for latest_only to 2025-12-30 04:00:00+00:00, run_after=2025-12-30 08:00:00+00:00
[2025-12-30T09:50:02.527+0000] {processor.py:183} INFO - Processing /home/airflow/.local/lib/python3.8/site-packages/airflow/example_dags/example_latest_only.py took 0.133 seconds
[2025-12-30T09:53:06.743+0000] {processor.py:161} INFO - Started process (PID=248) to work on /home/airflow/.local/lib/python3.8/site-packages/airflow/example_dags/example_latest_only.py
[2025-12-30T09:53:06.751+0000] {processor.py:830} INFO - Processing file /home/airflow/.local/lib/python3.8/site-packages/airflow/example_dags/example_latest_only.py for tasks to queue
[2025-12-30T09:53:06.777+0000] {logging_mixin.py:188} INFO - [2025-12-30T09:53:06.776+0000] {dagbag.py:540} INFO - Filling up the DagBag from /home/airflow/.local/lib/python3.8/site-packages/airflow/example_dags/example_latest_only.py
[2025-12-30T09:53:06.989+0000] {processor.py:840} INFO - DAG(s) 'latest_only' retrieved from /home/airflow/.local/lib/python3.8/site-packages/airflow/example_dags/example_latest_only.py
[2025-12-30T09:53:09.496+0000] {logging_mixin.py:188} INFO - [2025-12-30T09:53:09.495+0000] {dag.py:3047} INFO - Sync 1 DAGs
[2025-12-30T09:53:09.591+0000] {logging_mixin.py:188} INFO - [2025-12-30T09:53:09.590+0000] {dag.py:3834} INFO - Setting next_dagrun for latest_only to 2025-12-30 04:00:00+00:00, run_after=2025-12-30 08:00:00+00:00
[2025-12-30T09:53:09.709+0000] {processor.py:183} INFO - Processing /home/airflow/.local/lib/python3.8/site-packages/airflow/example_dags/example_latest_only.py took 3.016 seconds
[2025-12-30T09:53:39.789+0000] {processor.py:161} INFO - Started process (PID=303) to work on /home/airflow/.local/lib/python3.8/site-packages/airflow/example_dags/example_latest_only.py
[2025-12-30T09:53:39.798+0000] {processor.py:830} INFO - Processing file /home/airflow/.local/lib/python3.8/site-packages/airflow/example_dags/example_latest_only.py for tasks to queue
[2025-12-30T09:53:39.804+0000] {logging_mixin.py:188} INFO - [2025-12-30T09:53:39.802+0000] {dagbag.py:540} INFO - Filling up the DagBag from /home/airflow/.local/lib/python3.8/site-packages/airflow/example_dags/example_latest_only.py
[2025-12-30T09:53:39.846+0000] {processor.py:840} INFO - DAG(s) 'latest_only' retrieved from /home/airflow/.local/lib/python3.8/site-packages/airflow/example_dags/example_latest_only.py
[2025-12-30T09:53:40.039+0000] {logging_mixin.py:188} INFO - [2025-12-30T09:53:40.038+0000] {dag.py:3047} INFO - Sync 1 DAGs
[2025-12-30T09:53:40.203+0000] {logging_mixin.py:188} INFO - [2025-12-30T09:53:40.203+0000] {dag.py:3834} INFO - Setting next_dagrun for latest_only to 2025-12-30 04:00:00+00:00, run_after=2025-12-30 08:00:00+00:00
[2025-12-30T09:53:40.404+0000] {processor.py:183} INFO - Processing /home/airflow/.local/lib/python3.8/site-packages/airflow/example_dags/example_latest_only.py took 0.566 seconds
[2025-12-30T09:56:07.614+0000] {processor.py:161} INFO - Started process (PID=350) to work on /home/airflow/.local/lib/python3.8/site-packages/airflow/example_dags/example_latest_only.py
[2025-12-30T09:56:07.616+0000] {processor.py:830} INFO - Processing file /home/airflow/.local/lib/python3.8/site-packages/airflow/example_dags/example_latest_only.py for tasks to queue
[2025-12-30T09:56:07.619+0000] {logging_mixin.py:188} INFO - [2025-12-30T09:56:07.618+0000] {dagbag.py:540} INFO - Filling up the DagBag from /home/airflow/.local/lib/python3.8/site-packages/airflow/example_dags/example_latest_only.py
[2025-12-30T09:56:07.633+0000] {processor.py:840} INFO - DAG(s) 'latest_only' retrieved from /home/airflow/.local/lib/python3.8/site-packages/airflow/example_dags/example_latest_only.py
[2025-12-30T09:56:07.997+0000] {logging_mixin.py:188} INFO - [2025-12-30T09:56:07.984+0000] {dag.py:3047} INFO - Sync 1 DAGs
[2025-12-30T09:56:08.081+0000] {logging_mixin.py:188} INFO - [2025-12-30T09:56:08.081+0000] {dag.py:3834} INFO - Setting next_dagrun for latest_only to 2025-12-30 04:00:00+00:00, run_after=2025-12-30 08:00:00+00:00
[2025-12-30T09:56:08.149+0000] {processor.py:183} INFO - Processing /home/airflow/.local/lib/python3.8/site-packages/airflow/example_dags/example_latest_only.py took 0.542 seconds
[2025-12-30T10:00:32.320+0000] {processor.py:161} INFO - Started process (PID=411) to work on /home/airflow/.local/lib/python3.8/site-packages/airflow/example_dags/example_latest_only.py
[2025-12-30T10:00:32.324+0000] {processor.py:830} INFO - Processing file /home/airflow/.local/lib/python3.8/site-packages/airflow/example_dags/example_latest_only.py for tasks to queue
[2025-12-30T10:00:32.325+0000] {logging_mixin.py:188} INFO - [2025-12-30T10:00:32.325+0000] {dagbag.py:540} INFO - Filling up the DagBag from /home/airflow/.local/lib/python3.8/site-packages/airflow/example_dags/example_latest_only.py
[2025-12-30T10:00:32.341+0000] {processor.py:840} INFO - DAG(s) 'latest_only' retrieved from /home/airflow/.local/lib/python3.8/site-packages/airflow/example_dags/example_latest_only.py
[2025-12-30T10:00:32.386+0000] {logging_mixin.py:188} INFO - [2025-12-30T10:00:32.385+0000] {dag.py:3047} INFO - Sync 1 DAGs
[2025-12-30T10:00:32.443+0000] {logging_mixin.py:188} INFO - [2025-12-30T10:00:32.443+0000] {dag.py:3834} INFO - Setting next_dagrun for latest_only to 2025-12-30 04:00:00+00:00, run_after=2025-12-30 08:00:00+00:00
[2025-12-30T10:00:32.517+0000] {processor.py:183} INFO - Processing /home/airflow/.local/lib/python3.8/site-packages/airflow/example_dags/example_latest_only.py took 0.205 seconds
