[2025-12-30T09:47:08.477+0000] {processor.py:161} INFO - Started process (PID=74) to work on /home/airflow/.local/lib/python3.8/site-packages/airflow/example_dags/example_sensor_decorator.py
[2025-12-30T09:47:08.479+0000] {processor.py:830} INFO - Processing file /home/airflow/.local/lib/python3.8/site-packages/airflow/example_dags/example_sensor_decorator.py for tasks to queue
[2025-12-30T09:47:08.494+0000] {logging_mixin.py:188} INFO - [2025-12-30T09:47:08.493+0000] {dagbag.py:540} INFO - Filling up the DagBag from /home/airflow/.local/lib/python3.8/site-packages/airflow/example_dags/example_sensor_decorator.py
[2025-12-30T09:47:08.536+0000] {processor.py:840} INFO - DAG(s) 'example_sensor_decorator' retrieved from /home/airflow/.local/lib/python3.8/site-packages/airflow/example_dags/example_sensor_decorator.py
[2025-12-30T09:47:08.877+0000] {logging_mixin.py:188} INFO - [2025-12-30T09:47:08.877+0000] {dag.py:3047} INFO - Sync 1 DAGs
[2025-12-30T09:47:08.907+0000] {logging_mixin.py:188} INFO - [2025-12-30T09:47:08.906+0000] {dag.py:3834} INFO - Setting next_dagrun for example_sensor_decorator to None, run_after=None
[2025-12-30T09:47:09.083+0000] {processor.py:183} INFO - Processing /home/airflow/.local/lib/python3.8/site-packages/airflow/example_dags/example_sensor_decorator.py took 0.623 seconds
[2025-12-30T09:47:45.535+0000] {processor.py:161} INFO - Started process (PID=129) to work on /home/airflow/.local/lib/python3.8/site-packages/airflow/example_dags/example_sensor_decorator.py
[2025-12-30T09:47:45.539+0000] {processor.py:830} INFO - Processing file /home/airflow/.local/lib/python3.8/site-packages/airflow/example_dags/example_sensor_decorator.py for tasks to queue
[2025-12-30T09:47:45.542+0000] {logging_mixin.py:188} INFO - [2025-12-30T09:47:45.541+0000] {dagbag.py:540} INFO - Filling up the DagBag from /home/airflow/.local/lib/python3.8/site-packages/airflow/example_dags/example_sensor_decorator.py
[2025-12-30T09:47:45.556+0000] {processor.py:840} INFO - DAG(s) 'example_sensor_decorator' retrieved from /home/airflow/.local/lib/python3.8/site-packages/airflow/example_dags/example_sensor_decorator.py
[2025-12-30T09:47:45.614+0000] {logging_mixin.py:188} INFO - [2025-12-30T09:47:45.613+0000] {dag.py:3047} INFO - Sync 1 DAGs
[2025-12-30T09:47:45.638+0000] {logging_mixin.py:188} INFO - [2025-12-30T09:47:45.637+0000] {dag.py:3834} INFO - Setting next_dagrun for example_sensor_decorator to None, run_after=None
[2025-12-30T09:47:45.694+0000] {processor.py:183} INFO - Processing /home/airflow/.local/lib/python3.8/site-packages/airflow/example_dags/example_sensor_decorator.py took 0.166 seconds
[2025-12-30T09:49:59.883+0000] {processor.py:161} INFO - Started process (PID=180) to work on /home/airflow/.local/lib/python3.8/site-packages/airflow/example_dags/example_sensor_decorator.py
[2025-12-30T09:49:59.886+0000] {processor.py:830} INFO - Processing file /home/airflow/.local/lib/python3.8/site-packages/airflow/example_dags/example_sensor_decorator.py for tasks to queue
[2025-12-30T09:49:59.888+0000] {logging_mixin.py:188} INFO - [2025-12-30T09:49:59.887+0000] {dagbag.py:540} INFO - Filling up the DagBag from /home/airflow/.local/lib/python3.8/site-packages/airflow/example_dags/example_sensor_decorator.py
[2025-12-30T09:49:59.903+0000] {processor.py:840} INFO - DAG(s) 'example_sensor_decorator' retrieved from /home/airflow/.local/lib/python3.8/site-packages/airflow/example_dags/example_sensor_decorator.py
[2025-12-30T09:49:59.951+0000] {logging_mixin.py:188} INFO - [2025-12-30T09:49:59.950+0000] {dag.py:3047} INFO - Sync 1 DAGs
[2025-12-30T09:49:59.991+0000] {logging_mixin.py:188} INFO - [2025-12-30T09:49:59.990+0000] {dag.py:3834} INFO - Setting next_dagrun for example_sensor_decorator to None, run_after=None
[2025-12-30T09:50:00.066+0000] {processor.py:183} INFO - Processing /home/airflow/.local/lib/python3.8/site-packages/airflow/example_dags/example_sensor_decorator.py took 0.194 seconds
[2025-12-30T09:50:39.117+0000] {processor.py:161} INFO - Started process (PID=234) to work on /home/airflow/.local/lib/python3.8/site-packages/airflow/example_dags/example_sensor_decorator.py
[2025-12-30T09:50:39.119+0000] {processor.py:830} INFO - Processing file /home/airflow/.local/lib/python3.8/site-packages/airflow/example_dags/example_sensor_decorator.py for tasks to queue
[2025-12-30T09:50:39.122+0000] {logging_mixin.py:188} INFO - [2025-12-30T09:50:39.120+0000] {dagbag.py:540} INFO - Filling up the DagBag from /home/airflow/.local/lib/python3.8/site-packages/airflow/example_dags/example_sensor_decorator.py
[2025-12-30T09:50:39.133+0000] {processor.py:840} INFO - DAG(s) 'example_sensor_decorator' retrieved from /home/airflow/.local/lib/python3.8/site-packages/airflow/example_dags/example_sensor_decorator.py
[2025-12-30T09:50:47.084+0000] {logging_mixin.py:188} INFO - [2025-12-30T09:50:46.878+0000] {dag.py:3047} INFO - Sync 1 DAGs
[2025-12-30T09:50:59.049+0000] {logging_mixin.py:188} INFO - [2025-12-30T09:50:59.022+0000] {dag.py:3834} INFO - Setting next_dagrun for example_sensor_decorator to None, run_after=None
[2025-12-30T09:50:59.977+0000] {processor.py:183} INFO - Processing /home/airflow/.local/lib/python3.8/site-packages/airflow/example_dags/example_sensor_decorator.py took 20.866 seconds
[2025-12-30T09:53:31.740+0000] {processor.py:161} INFO - Started process (PID=281) to work on /home/airflow/.local/lib/python3.8/site-packages/airflow/example_dags/example_sensor_decorator.py
[2025-12-30T09:53:31.747+0000] {processor.py:830} INFO - Processing file /home/airflow/.local/lib/python3.8/site-packages/airflow/example_dags/example_sensor_decorator.py for tasks to queue
[2025-12-30T09:53:31.757+0000] {logging_mixin.py:188} INFO - [2025-12-30T09:53:31.752+0000] {dagbag.py:540} INFO - Filling up the DagBag from /home/airflow/.local/lib/python3.8/site-packages/airflow/example_dags/example_sensor_decorator.py
[2025-12-30T09:53:31.876+0000] {processor.py:840} INFO - DAG(s) 'example_sensor_decorator' retrieved from /home/airflow/.local/lib/python3.8/site-packages/airflow/example_dags/example_sensor_decorator.py
[2025-12-30T09:53:32.019+0000] {logging_mixin.py:188} INFO - [2025-12-30T09:53:32.018+0000] {dag.py:3047} INFO - Sync 1 DAGs
[2025-12-30T09:53:32.085+0000] {logging_mixin.py:188} INFO - [2025-12-30T09:53:32.085+0000] {dag.py:3834} INFO - Setting next_dagrun for example_sensor_decorator to None, run_after=None
[2025-12-30T09:53:32.324+0000] {processor.py:183} INFO - Processing /home/airflow/.local/lib/python3.8/site-packages/airflow/example_dags/example_sensor_decorator.py took 0.642 seconds
[2025-12-30T09:56:01.466+0000] {processor.py:161} INFO - Started process (PID=336) to work on /home/airflow/.local/lib/python3.8/site-packages/airflow/example_dags/example_sensor_decorator.py
[2025-12-30T09:56:01.470+0000] {processor.py:830} INFO - Processing file /home/airflow/.local/lib/python3.8/site-packages/airflow/example_dags/example_sensor_decorator.py for tasks to queue
[2025-12-30T09:56:01.474+0000] {logging_mixin.py:188} INFO - [2025-12-30T09:56:01.472+0000] {dagbag.py:540} INFO - Filling up the DagBag from /home/airflow/.local/lib/python3.8/site-packages/airflow/example_dags/example_sensor_decorator.py
[2025-12-30T09:56:01.519+0000] {processor.py:840} INFO - DAG(s) 'example_sensor_decorator' retrieved from /home/airflow/.local/lib/python3.8/site-packages/airflow/example_dags/example_sensor_decorator.py
[2025-12-30T09:56:01.760+0000] {logging_mixin.py:188} INFO - [2025-12-30T09:56:01.759+0000] {dag.py:3047} INFO - Sync 1 DAGs
[2025-12-30T09:56:01.827+0000] {logging_mixin.py:188} INFO - [2025-12-30T09:56:01.826+0000] {dag.py:3834} INFO - Setting next_dagrun for example_sensor_decorator to None, run_after=None
[2025-12-30T09:56:01.939+0000] {processor.py:183} INFO - Processing /home/airflow/.local/lib/python3.8/site-packages/airflow/example_dags/example_sensor_decorator.py took 0.491 seconds
[2025-12-30T10:00:30.104+0000] {processor.py:161} INFO - Started process (PID=397) to work on /home/airflow/.local/lib/python3.8/site-packages/airflow/example_dags/example_sensor_decorator.py
[2025-12-30T10:00:30.113+0000] {processor.py:830} INFO - Processing file /home/airflow/.local/lib/python3.8/site-packages/airflow/example_dags/example_sensor_decorator.py for tasks to queue
[2025-12-30T10:00:30.118+0000] {logging_mixin.py:188} INFO - [2025-12-30T10:00:30.117+0000] {dagbag.py:540} INFO - Filling up the DagBag from /home/airflow/.local/lib/python3.8/site-packages/airflow/example_dags/example_sensor_decorator.py
[2025-12-30T10:00:30.143+0000] {processor.py:840} INFO - DAG(s) 'example_sensor_decorator' retrieved from /home/airflow/.local/lib/python3.8/site-packages/airflow/example_dags/example_sensor_decorator.py
[2025-12-30T10:00:30.254+0000] {logging_mixin.py:188} INFO - [2025-12-30T10:00:30.254+0000] {dag.py:3047} INFO - Sync 1 DAGs
[2025-12-30T10:00:30.367+0000] {logging_mixin.py:188} INFO - [2025-12-30T10:00:30.367+0000] {dag.py:3834} INFO - Setting next_dagrun for example_sensor_decorator to None, run_after=None
[2025-12-30T10:00:30.449+0000] {processor.py:183} INFO - Processing /home/airflow/.local/lib/python3.8/site-packages/airflow/example_dags/example_sensor_decorator.py took 0.361 seconds
[2025-12-30T10:01:01.934+0000] {processor.py:161} INFO - Started process (PID=453) to work on /home/airflow/.local/lib/python3.8/site-packages/airflow/example_dags/example_sensor_decorator.py
[2025-12-30T10:01:01.939+0000] {processor.py:830} INFO - Processing file /home/airflow/.local/lib/python3.8/site-packages/airflow/example_dags/example_sensor_decorator.py for tasks to queue
[2025-12-30T10:01:01.940+0000] {logging_mixin.py:188} INFO - [2025-12-30T10:01:01.940+0000] {dagbag.py:540} INFO - Filling up the DagBag from /home/airflow/.local/lib/python3.8/site-packages/airflow/example_dags/example_sensor_decorator.py
[2025-12-30T10:01:02.004+0000] {processor.py:840} INFO - DAG(s) 'example_sensor_decorator' retrieved from /home/airflow/.local/lib/python3.8/site-packages/airflow/example_dags/example_sensor_decorator.py
[2025-12-30T10:01:02.121+0000] {logging_mixin.py:188} INFO - [2025-12-30T10:01:02.120+0000] {dag.py:3047} INFO - Sync 1 DAGs
[2025-12-30T10:01:02.184+0000] {logging_mixin.py:188} INFO - [2025-12-30T10:01:02.177+0000] {dag.py:3834} INFO - Setting next_dagrun for example_sensor_decorator to None, run_after=None
[2025-12-30T10:01:02.305+0000] {processor.py:183} INFO - Processing /home/airflow/.local/lib/python3.8/site-packages/airflow/example_dags/example_sensor_decorator.py took 0.379 seconds
