[2025-12-30T09:47:20.856+0000] {processor.py:161} INFO - Started process (PID=87) to work on /home/airflow/.local/lib/python3.8/site-packages/airflow/example_dags/example_local_kubernetes_executor.py
[2025-12-30T09:47:20.857+0000] {processor.py:830} INFO - Processing file /home/airflow/.local/lib/python3.8/site-packages/airflow/example_dags/example_local_kubernetes_executor.py for tasks to queue
[2025-12-30T09:47:20.859+0000] {logging_mixin.py:188} INFO - [2025-12-30T09:47:20.859+0000] {dagbag.py:540} INFO - Filling up the DagBag from /home/airflow/.local/lib/python3.8/site-packages/airflow/example_dags/example_local_kubernetes_executor.py
[2025-12-30T09:47:20.959+0000] {processor.py:840} INFO - DAG(s) 'example_local_kubernetes_executor' retrieved from /home/airflow/.local/lib/python3.8/site-packages/airflow/example_dags/example_local_kubernetes_executor.py
[2025-12-30T09:47:21.603+0000] {logging_mixin.py:188} INFO - [2025-12-30T09:47:21.602+0000] {dag.py:3047} INFO - Sync 1 DAGs
[2025-12-30T09:47:21.637+0000] {logging_mixin.py:188} INFO - [2025-12-30T09:47:21.636+0000] {dag.py:3834} INFO - Setting next_dagrun for example_local_kubernetes_executor to None, run_after=None
[2025-12-30T09:47:21.734+0000] {processor.py:183} INFO - Processing /home/airflow/.local/lib/python3.8/site-packages/airflow/example_dags/example_local_kubernetes_executor.py took 0.882 seconds
[2025-12-30T09:47:51.983+0000] {processor.py:161} INFO - Started process (PID=142) to work on /home/airflow/.local/lib/python3.8/site-packages/airflow/example_dags/example_local_kubernetes_executor.py
[2025-12-30T09:47:51.985+0000] {processor.py:830} INFO - Processing file /home/airflow/.local/lib/python3.8/site-packages/airflow/example_dags/example_local_kubernetes_executor.py for tasks to queue
[2025-12-30T09:47:51.987+0000] {logging_mixin.py:188} INFO - [2025-12-30T09:47:51.987+0000] {dagbag.py:540} INFO - Filling up the DagBag from /home/airflow/.local/lib/python3.8/site-packages/airflow/example_dags/example_local_kubernetes_executor.py
[2025-12-30T09:47:52.000+0000] {processor.py:840} INFO - DAG(s) 'example_local_kubernetes_executor' retrieved from /home/airflow/.local/lib/python3.8/site-packages/airflow/example_dags/example_local_kubernetes_executor.py
[2025-12-30T09:47:52.059+0000] {logging_mixin.py:188} INFO - [2025-12-30T09:47:52.058+0000] {dag.py:3047} INFO - Sync 1 DAGs
[2025-12-30T09:47:52.084+0000] {logging_mixin.py:188} INFO - [2025-12-30T09:47:52.083+0000] {dag.py:3834} INFO - Setting next_dagrun for example_local_kubernetes_executor to None, run_after=None
[2025-12-30T09:47:52.126+0000] {processor.py:183} INFO - Processing /home/airflow/.local/lib/python3.8/site-packages/airflow/example_dags/example_local_kubernetes_executor.py took 0.149 seconds
[2025-12-30T09:50:02.369+0000] {processor.py:161} INFO - Started process (PID=193) to work on /home/airflow/.local/lib/python3.8/site-packages/airflow/example_dags/example_local_kubernetes_executor.py
[2025-12-30T09:50:02.371+0000] {processor.py:830} INFO - Processing file /home/airflow/.local/lib/python3.8/site-packages/airflow/example_dags/example_local_kubernetes_executor.py for tasks to queue
[2025-12-30T09:50:02.372+0000] {logging_mixin.py:188} INFO - [2025-12-30T09:50:02.371+0000] {dagbag.py:540} INFO - Filling up the DagBag from /home/airflow/.local/lib/python3.8/site-packages/airflow/example_dags/example_local_kubernetes_executor.py
[2025-12-30T09:50:02.389+0000] {processor.py:840} INFO - DAG(s) 'example_local_kubernetes_executor' retrieved from /home/airflow/.local/lib/python3.8/site-packages/airflow/example_dags/example_local_kubernetes_executor.py
[2025-12-30T09:50:02.454+0000] {logging_mixin.py:188} INFO - [2025-12-30T09:50:02.453+0000] {dag.py:3047} INFO - Sync 1 DAGs
[2025-12-30T09:50:02.478+0000] {logging_mixin.py:188} INFO - [2025-12-30T09:50:02.477+0000] {dag.py:3834} INFO - Setting next_dagrun for example_local_kubernetes_executor to None, run_after=None
[2025-12-30T09:50:02.524+0000] {processor.py:183} INFO - Processing /home/airflow/.local/lib/python3.8/site-packages/airflow/example_dags/example_local_kubernetes_executor.py took 0.161 seconds
[2025-12-30T09:51:56.258+0000] {processor.py:161} INFO - Started process (PID=247) to work on /home/airflow/.local/lib/python3.8/site-packages/airflow/example_dags/example_local_kubernetes_executor.py
[2025-12-30T09:51:56.309+0000] {processor.py:830} INFO - Processing file /home/airflow/.local/lib/python3.8/site-packages/airflow/example_dags/example_local_kubernetes_executor.py for tasks to queue
[2025-12-30T09:51:56.312+0000] {logging_mixin.py:188} INFO - [2025-12-30T09:51:56.310+0000] {dagbag.py:540} INFO - Filling up the DagBag from /home/airflow/.local/lib/python3.8/site-packages/airflow/example_dags/example_local_kubernetes_executor.py
[2025-12-30T09:51:57.418+0000] {processor.py:840} INFO - DAG(s) 'example_local_kubernetes_executor' retrieved from /home/airflow/.local/lib/python3.8/site-packages/airflow/example_dags/example_local_kubernetes_executor.py
[2025-12-30T09:51:58.988+0000] {logging_mixin.py:188} INFO - [2025-12-30T09:51:58.970+0000] {dag.py:3047} INFO - Sync 1 DAGs
[2025-12-30T09:51:59.210+0000] {logging_mixin.py:188} INFO - [2025-12-30T09:51:59.196+0000] {dag.py:3834} INFO - Setting next_dagrun for example_local_kubernetes_executor to None, run_after=None
[2025-12-30T09:53:06.136+0000] {processor.py:183} INFO - Processing /home/airflow/.local/lib/python3.8/site-packages/airflow/example_dags/example_local_kubernetes_executor.py took 69.869 seconds
[2025-12-30T09:53:38.453+0000] {processor.py:161} INFO - Started process (PID=295) to work on /home/airflow/.local/lib/python3.8/site-packages/airflow/example_dags/example_local_kubernetes_executor.py
[2025-12-30T09:53:38.456+0000] {processor.py:830} INFO - Processing file /home/airflow/.local/lib/python3.8/site-packages/airflow/example_dags/example_local_kubernetes_executor.py for tasks to queue
[2025-12-30T09:53:38.462+0000] {logging_mixin.py:188} INFO - [2025-12-30T09:53:38.458+0000] {dagbag.py:540} INFO - Filling up the DagBag from /home/airflow/.local/lib/python3.8/site-packages/airflow/example_dags/example_local_kubernetes_executor.py
[2025-12-30T09:53:38.494+0000] {processor.py:840} INFO - DAG(s) 'example_local_kubernetes_executor' retrieved from /home/airflow/.local/lib/python3.8/site-packages/airflow/example_dags/example_local_kubernetes_executor.py
[2025-12-30T09:53:38.655+0000] {logging_mixin.py:188} INFO - [2025-12-30T09:53:38.654+0000] {dag.py:3047} INFO - Sync 1 DAGs
[2025-12-30T09:53:38.682+0000] {logging_mixin.py:188} INFO - [2025-12-30T09:53:38.682+0000] {dag.py:3834} INFO - Setting next_dagrun for example_local_kubernetes_executor to None, run_after=None
[2025-12-30T09:53:38.727+0000] {processor.py:183} INFO - Processing /home/airflow/.local/lib/python3.8/site-packages/airflow/example_dags/example_local_kubernetes_executor.py took 0.288 seconds
[2025-12-30T09:56:07.561+0000] {processor.py:161} INFO - Started process (PID=349) to work on /home/airflow/.local/lib/python3.8/site-packages/airflow/example_dags/example_local_kubernetes_executor.py
[2025-12-30T09:56:07.566+0000] {processor.py:830} INFO - Processing file /home/airflow/.local/lib/python3.8/site-packages/airflow/example_dags/example_local_kubernetes_executor.py for tasks to queue
[2025-12-30T09:56:07.573+0000] {logging_mixin.py:188} INFO - [2025-12-30T09:56:07.572+0000] {dagbag.py:540} INFO - Filling up the DagBag from /home/airflow/.local/lib/python3.8/site-packages/airflow/example_dags/example_local_kubernetes_executor.py
[2025-12-30T09:56:07.628+0000] {processor.py:840} INFO - DAG(s) 'example_local_kubernetes_executor' retrieved from /home/airflow/.local/lib/python3.8/site-packages/airflow/example_dags/example_local_kubernetes_executor.py
[2025-12-30T09:56:08.066+0000] {logging_mixin.py:188} INFO - [2025-12-30T09:56:08.064+0000] {dag.py:3047} INFO - Sync 1 DAGs
[2025-12-30T09:56:08.092+0000] {logging_mixin.py:188} INFO - [2025-12-30T09:56:08.091+0000] {dag.py:3834} INFO - Setting next_dagrun for example_local_kubernetes_executor to None, run_after=None
[2025-12-30T09:56:08.149+0000] {processor.py:183} INFO - Processing /home/airflow/.local/lib/python3.8/site-packages/airflow/example_dags/example_local_kubernetes_executor.py took 0.594 seconds
[2025-12-30T10:00:32.233+0000] {processor.py:161} INFO - Started process (PID=410) to work on /home/airflow/.local/lib/python3.8/site-packages/airflow/example_dags/example_local_kubernetes_executor.py
[2025-12-30T10:00:32.237+0000] {processor.py:830} INFO - Processing file /home/airflow/.local/lib/python3.8/site-packages/airflow/example_dags/example_local_kubernetes_executor.py for tasks to queue
[2025-12-30T10:00:32.241+0000] {logging_mixin.py:188} INFO - [2025-12-30T10:00:32.240+0000] {dagbag.py:540} INFO - Filling up the DagBag from /home/airflow/.local/lib/python3.8/site-packages/airflow/example_dags/example_local_kubernetes_executor.py
[2025-12-30T10:00:32.278+0000] {processor.py:840} INFO - DAG(s) 'example_local_kubernetes_executor' retrieved from /home/airflow/.local/lib/python3.8/site-packages/airflow/example_dags/example_local_kubernetes_executor.py
[2025-12-30T10:00:32.392+0000] {logging_mixin.py:188} INFO - [2025-12-30T10:00:32.392+0000] {dag.py:3047} INFO - Sync 1 DAGs
[2025-12-30T10:00:32.430+0000] {logging_mixin.py:188} INFO - [2025-12-30T10:00:32.430+0000] {dag.py:3834} INFO - Setting next_dagrun for example_local_kubernetes_executor to None, run_after=None
[2025-12-30T10:00:32.493+0000] {processor.py:183} INFO - Processing /home/airflow/.local/lib/python3.8/site-packages/airflow/example_dags/example_local_kubernetes_executor.py took 0.271 seconds
