[2025-12-30T09:47:31.051+0000] {processor.py:161} INFO - Started process (PID=107) to work on /home/airflow/.local/lib/python3.8/site-packages/airflow/example_dags/example_kubernetes_executor.py
[2025-12-30T09:47:31.052+0000] {processor.py:830} INFO - Processing file /home/airflow/.local/lib/python3.8/site-packages/airflow/example_dags/example_kubernetes_executor.py for tasks to queue
[2025-12-30T09:47:31.055+0000] {logging_mixin.py:188} INFO - [2025-12-30T09:47:31.054+0000] {dagbag.py:540} INFO - Filling up the DagBag from /home/airflow/.local/lib/python3.8/site-packages/airflow/example_dags/example_kubernetes_executor.py
[2025-12-30T09:47:31.377+0000] {processor.py:840} INFO - DAG(s) 'example_kubernetes_executor' retrieved from /home/airflow/.local/lib/python3.8/site-packages/airflow/example_dags/example_kubernetes_executor.py
[2025-12-30T09:47:31.884+0000] {logging_mixin.py:188} INFO - [2025-12-30T09:47:31.883+0000] {dag.py:3047} INFO - Sync 1 DAGs
[2025-12-30T09:47:31.915+0000] {logging_mixin.py:188} INFO - [2025-12-30T09:47:31.915+0000] {dag.py:3834} INFO - Setting next_dagrun for example_kubernetes_executor to None, run_after=None
[2025-12-30T09:47:31.995+0000] {processor.py:183} INFO - Processing /home/airflow/.local/lib/python3.8/site-packages/airflow/example_dags/example_kubernetes_executor.py took 0.951 seconds
[2025-12-30T09:48:02.106+0000] {processor.py:161} INFO - Started process (PID=156) to work on /home/airflow/.local/lib/python3.8/site-packages/airflow/example_dags/example_kubernetes_executor.py
[2025-12-30T09:48:02.109+0000] {processor.py:830} INFO - Processing file /home/airflow/.local/lib/python3.8/site-packages/airflow/example_dags/example_kubernetes_executor.py for tasks to queue
[2025-12-30T09:48:02.115+0000] {logging_mixin.py:188} INFO - [2025-12-30T09:48:02.112+0000] {dagbag.py:540} INFO - Filling up the DagBag from /home/airflow/.local/lib/python3.8/site-packages/airflow/example_dags/example_kubernetes_executor.py
[2025-12-30T09:48:02.165+0000] {processor.py:840} INFO - DAG(s) 'example_kubernetes_executor' retrieved from /home/airflow/.local/lib/python3.8/site-packages/airflow/example_dags/example_kubernetes_executor.py
[2025-12-30T09:48:02.477+0000] {logging_mixin.py:188} INFO - [2025-12-30T09:48:02.477+0000] {dag.py:3047} INFO - Sync 1 DAGs
[2025-12-30T09:48:02.513+0000] {logging_mixin.py:188} INFO - [2025-12-30T09:48:02.513+0000] {dag.py:3834} INFO - Setting next_dagrun for example_kubernetes_executor to None, run_after=None
[2025-12-30T09:48:02.593+0000] {processor.py:183} INFO - Processing /home/airflow/.local/lib/python3.8/site-packages/airflow/example_dags/example_kubernetes_executor.py took 0.492 seconds
[2025-12-30T09:50:05.271+0000] {processor.py:161} INFO - Started process (PID=207) to work on /home/airflow/.local/lib/python3.8/site-packages/airflow/example_dags/example_kubernetes_executor.py
[2025-12-30T09:50:05.273+0000] {processor.py:830} INFO - Processing file /home/airflow/.local/lib/python3.8/site-packages/airflow/example_dags/example_kubernetes_executor.py for tasks to queue
[2025-12-30T09:50:05.275+0000] {logging_mixin.py:188} INFO - [2025-12-30T09:50:05.274+0000] {dagbag.py:540} INFO - Filling up the DagBag from /home/airflow/.local/lib/python3.8/site-packages/airflow/example_dags/example_kubernetes_executor.py
[2025-12-30T09:50:05.313+0000] {processor.py:840} INFO - DAG(s) 'example_kubernetes_executor' retrieved from /home/airflow/.local/lib/python3.8/site-packages/airflow/example_dags/example_kubernetes_executor.py
[2025-12-30T09:50:05.381+0000] {logging_mixin.py:188} INFO - [2025-12-30T09:50:05.380+0000] {dag.py:3047} INFO - Sync 1 DAGs
[2025-12-30T09:50:05.415+0000] {logging_mixin.py:188} INFO - [2025-12-30T09:50:05.415+0000] {dag.py:3834} INFO - Setting next_dagrun for example_kubernetes_executor to None, run_after=None
[2025-12-30T09:50:05.457+0000] {processor.py:183} INFO - Processing /home/airflow/.local/lib/python3.8/site-packages/airflow/example_dags/example_kubernetes_executor.py took 0.195 seconds
[2025-12-30T09:53:13.768+0000] {processor.py:161} INFO - Started process (PID=261) to work on /home/airflow/.local/lib/python3.8/site-packages/airflow/example_dags/example_kubernetes_executor.py
[2025-12-30T09:53:13.775+0000] {processor.py:830} INFO - Processing file /home/airflow/.local/lib/python3.8/site-packages/airflow/example_dags/example_kubernetes_executor.py for tasks to queue
[2025-12-30T09:53:13.778+0000] {logging_mixin.py:188} INFO - [2025-12-30T09:53:13.777+0000] {dagbag.py:540} INFO - Filling up the DagBag from /home/airflow/.local/lib/python3.8/site-packages/airflow/example_dags/example_kubernetes_executor.py
[2025-12-30T09:53:13.870+0000] {processor.py:840} INFO - DAG(s) 'example_kubernetes_executor' retrieved from /home/airflow/.local/lib/python3.8/site-packages/airflow/example_dags/example_kubernetes_executor.py
[2025-12-30T09:53:14.064+0000] {logging_mixin.py:188} INFO - [2025-12-30T09:53:14.062+0000] {dag.py:3047} INFO - Sync 1 DAGs
[2025-12-30T09:53:14.113+0000] {logging_mixin.py:188} INFO - [2025-12-30T09:53:14.111+0000] {dag.py:3834} INFO - Setting next_dagrun for example_kubernetes_executor to None, run_after=None
[2025-12-30T09:53:14.196+0000] {processor.py:183} INFO - Processing /home/airflow/.local/lib/python3.8/site-packages/airflow/example_dags/example_kubernetes_executor.py took 0.441 seconds
[2025-12-30T09:53:44.698+0000] {processor.py:161} INFO - Started process (PID=316) to work on /home/airflow/.local/lib/python3.8/site-packages/airflow/example_dags/example_kubernetes_executor.py
[2025-12-30T09:53:44.700+0000] {processor.py:830} INFO - Processing file /home/airflow/.local/lib/python3.8/site-packages/airflow/example_dags/example_kubernetes_executor.py for tasks to queue
[2025-12-30T09:53:44.703+0000] {logging_mixin.py:188} INFO - [2025-12-30T09:53:44.701+0000] {dagbag.py:540} INFO - Filling up the DagBag from /home/airflow/.local/lib/python3.8/site-packages/airflow/example_dags/example_kubernetes_executor.py
[2025-12-30T09:53:44.754+0000] {processor.py:840} INFO - DAG(s) 'example_kubernetes_executor' retrieved from /home/airflow/.local/lib/python3.8/site-packages/airflow/example_dags/example_kubernetes_executor.py
[2025-12-30T09:53:44.872+0000] {logging_mixin.py:188} INFO - [2025-12-30T09:53:44.871+0000] {dag.py:3047} INFO - Sync 1 DAGs
[2025-12-30T09:53:44.899+0000] {logging_mixin.py:188} INFO - [2025-12-30T09:53:44.899+0000] {dag.py:3834} INFO - Setting next_dagrun for example_kubernetes_executor to None, run_after=None
[2025-12-30T09:53:44.954+0000] {processor.py:183} INFO - Processing /home/airflow/.local/lib/python3.8/site-packages/airflow/example_dags/example_kubernetes_executor.py took 0.263 seconds
[2025-12-30T09:59:17.053+0000] {processor.py:161} INFO - Started process (PID=363) to work on /home/airflow/.local/lib/python3.8/site-packages/airflow/example_dags/example_kubernetes_executor.py
[2025-12-30T09:59:17.055+0000] {processor.py:830} INFO - Processing file /home/airflow/.local/lib/python3.8/site-packages/airflow/example_dags/example_kubernetes_executor.py for tasks to queue
[2025-12-30T09:59:17.060+0000] {logging_mixin.py:188} INFO - [2025-12-30T09:59:17.058+0000] {dagbag.py:540} INFO - Filling up the DagBag from /home/airflow/.local/lib/python3.8/site-packages/airflow/example_dags/example_kubernetes_executor.py
[2025-12-30T09:59:17.145+0000] {processor.py:840} INFO - DAG(s) 'example_kubernetes_executor' retrieved from /home/airflow/.local/lib/python3.8/site-packages/airflow/example_dags/example_kubernetes_executor.py
[2025-12-30T09:59:17.347+0000] {logging_mixin.py:188} INFO - [2025-12-30T09:59:17.347+0000] {dag.py:3047} INFO - Sync 1 DAGs
[2025-12-30T09:59:17.387+0000] {logging_mixin.py:188} INFO - [2025-12-30T09:59:17.387+0000] {dag.py:3834} INFO - Setting next_dagrun for example_kubernetes_executor to None, run_after=None
[2025-12-30T09:59:17.458+0000] {processor.py:183} INFO - Processing /home/airflow/.local/lib/python3.8/site-packages/airflow/example_dags/example_kubernetes_executor.py took 0.413 seconds
[2025-12-30T10:00:34.876+0000] {processor.py:161} INFO - Started process (PID=431) to work on /home/airflow/.local/lib/python3.8/site-packages/airflow/example_dags/example_kubernetes_executor.py
[2025-12-30T10:00:34.878+0000] {processor.py:830} INFO - Processing file /home/airflow/.local/lib/python3.8/site-packages/airflow/example_dags/example_kubernetes_executor.py for tasks to queue
[2025-12-30T10:00:34.880+0000] {logging_mixin.py:188} INFO - [2025-12-30T10:00:34.879+0000] {dagbag.py:540} INFO - Filling up the DagBag from /home/airflow/.local/lib/python3.8/site-packages/airflow/example_dags/example_kubernetes_executor.py
[2025-12-30T10:00:34.910+0000] {processor.py:840} INFO - DAG(s) 'example_kubernetes_executor' retrieved from /home/airflow/.local/lib/python3.8/site-packages/airflow/example_dags/example_kubernetes_executor.py
[2025-12-30T10:00:34.976+0000] {logging_mixin.py:188} INFO - [2025-12-30T10:00:34.975+0000] {dag.py:3047} INFO - Sync 1 DAGs
[2025-12-30T10:00:34.997+0000] {logging_mixin.py:188} INFO - [2025-12-30T10:00:34.996+0000] {dag.py:3834} INFO - Setting next_dagrun for example_kubernetes_executor to None, run_after=None
[2025-12-30T10:00:35.032+0000] {processor.py:183} INFO - Processing /home/airflow/.local/lib/python3.8/site-packages/airflow/example_dags/example_kubernetes_executor.py took 0.163 seconds
