[2025-12-30T09:47:33.362+0000] {processor.py:161} INFO - Started process (PID=112) to work on /home/airflow/.local/lib/python3.8/site-packages/airflow/example_dags/example_params_ui_tutorial.py
[2025-12-30T09:47:33.365+0000] {processor.py:830} INFO - Processing file /home/airflow/.local/lib/python3.8/site-packages/airflow/example_dags/example_params_ui_tutorial.py for tasks to queue
[2025-12-30T09:47:33.377+0000] {logging_mixin.py:188} INFO - [2025-12-30T09:47:33.376+0000] {dagbag.py:540} INFO - Filling up the DagBag from /home/airflow/.local/lib/python3.8/site-packages/airflow/example_dags/example_params_ui_tutorial.py
[2025-12-30T09:47:33.528+0000] {processor.py:840} INFO - DAG(s) 'example_params_ui_tutorial' retrieved from /home/airflow/.local/lib/python3.8/site-packages/airflow/example_dags/example_params_ui_tutorial.py
[2025-12-30T09:47:34.344+0000] {logging_mixin.py:188} INFO - [2025-12-30T09:47:34.344+0000] {dag.py:3047} INFO - Sync 1 DAGs
[2025-12-30T09:47:34.375+0000] {logging_mixin.py:188} INFO - [2025-12-30T09:47:34.373+0000] {dag.py:3834} INFO - Setting next_dagrun for example_params_ui_tutorial to None, run_after=None
[2025-12-30T09:47:34.487+0000] {processor.py:183} INFO - Processing /home/airflow/.local/lib/python3.8/site-packages/airflow/example_dags/example_params_ui_tutorial.py took 1.141 seconds
[2025-12-30T09:48:39.138+0000] {processor.py:161} INFO - Started process (PID=166) to work on /home/airflow/.local/lib/python3.8/site-packages/airflow/example_dags/example_params_ui_tutorial.py
[2025-12-30T09:48:39.141+0000] {processor.py:830} INFO - Processing file /home/airflow/.local/lib/python3.8/site-packages/airflow/example_dags/example_params_ui_tutorial.py for tasks to queue
[2025-12-30T09:48:39.145+0000] {logging_mixin.py:188} INFO - [2025-12-30T09:48:39.144+0000] {dagbag.py:540} INFO - Filling up the DagBag from /home/airflow/.local/lib/python3.8/site-packages/airflow/example_dags/example_params_ui_tutorial.py
[2025-12-30T09:48:39.195+0000] {processor.py:840} INFO - DAG(s) 'example_params_ui_tutorial' retrieved from /home/airflow/.local/lib/python3.8/site-packages/airflow/example_dags/example_params_ui_tutorial.py
[2025-12-30T09:48:40.598+0000] {logging_mixin.py:188} INFO - [2025-12-30T09:48:40.562+0000] {dag.py:3047} INFO - Sync 1 DAGs
[2025-12-30T09:48:41.055+0000] {logging_mixin.py:188} INFO - [2025-12-30T09:48:41.021+0000] {dag.py:3834} INFO - Setting next_dagrun for example_params_ui_tutorial to None, run_after=None
[2025-12-30T09:48:42.506+0000] {processor.py:183} INFO - Processing /home/airflow/.local/lib/python3.8/site-packages/airflow/example_dags/example_params_ui_tutorial.py took 3.381 seconds
[2025-12-30T09:50:06.700+0000] {processor.py:161} INFO - Started process (PID=215) to work on /home/airflow/.local/lib/python3.8/site-packages/airflow/example_dags/example_params_ui_tutorial.py
[2025-12-30T09:50:06.702+0000] {processor.py:830} INFO - Processing file /home/airflow/.local/lib/python3.8/site-packages/airflow/example_dags/example_params_ui_tutorial.py for tasks to queue
[2025-12-30T09:50:06.703+0000] {logging_mixin.py:188} INFO - [2025-12-30T09:50:06.703+0000] {dagbag.py:540} INFO - Filling up the DagBag from /home/airflow/.local/lib/python3.8/site-packages/airflow/example_dags/example_params_ui_tutorial.py
[2025-12-30T09:50:06.728+0000] {processor.py:840} INFO - DAG(s) 'example_params_ui_tutorial' retrieved from /home/airflow/.local/lib/python3.8/site-packages/airflow/example_dags/example_params_ui_tutorial.py
[2025-12-30T09:50:06.839+0000] {logging_mixin.py:188} INFO - [2025-12-30T09:50:06.838+0000] {dag.py:3047} INFO - Sync 1 DAGs
[2025-12-30T09:50:06.859+0000] {logging_mixin.py:188} INFO - [2025-12-30T09:50:06.859+0000] {dag.py:3834} INFO - Setting next_dagrun for example_params_ui_tutorial to None, run_after=None
[2025-12-30T09:50:06.906+0000] {processor.py:183} INFO - Processing /home/airflow/.local/lib/python3.8/site-packages/airflow/example_dags/example_params_ui_tutorial.py took 0.212 seconds
[2025-12-30T09:53:15.497+0000] {processor.py:161} INFO - Started process (PID=266) to work on /home/airflow/.local/lib/python3.8/site-packages/airflow/example_dags/example_params_ui_tutorial.py
[2025-12-30T09:53:15.500+0000] {processor.py:830} INFO - Processing file /home/airflow/.local/lib/python3.8/site-packages/airflow/example_dags/example_params_ui_tutorial.py for tasks to queue
[2025-12-30T09:53:15.503+0000] {logging_mixin.py:188} INFO - [2025-12-30T09:53:15.502+0000] {dagbag.py:540} INFO - Filling up the DagBag from /home/airflow/.local/lib/python3.8/site-packages/airflow/example_dags/example_params_ui_tutorial.py
[2025-12-30T09:53:15.557+0000] {processor.py:840} INFO - DAG(s) 'example_params_ui_tutorial' retrieved from /home/airflow/.local/lib/python3.8/site-packages/airflow/example_dags/example_params_ui_tutorial.py
[2025-12-30T09:53:16.288+0000] {logging_mixin.py:188} INFO - [2025-12-30T09:53:16.274+0000] {dag.py:3047} INFO - Sync 1 DAGs
[2025-12-30T09:53:16.336+0000] {logging_mixin.py:188} INFO - [2025-12-30T09:53:16.335+0000] {dag.py:3834} INFO - Setting next_dagrun for example_params_ui_tutorial to None, run_after=None
[2025-12-30T09:53:16.465+0000] {processor.py:183} INFO - Processing /home/airflow/.local/lib/python3.8/site-packages/airflow/example_dags/example_params_ui_tutorial.py took 0.982 seconds
[2025-12-30T09:53:47.272+0000] {processor.py:161} INFO - Started process (PID=321) to work on /home/airflow/.local/lib/python3.8/site-packages/airflow/example_dags/example_params_ui_tutorial.py
[2025-12-30T09:53:47.274+0000] {processor.py:830} INFO - Processing file /home/airflow/.local/lib/python3.8/site-packages/airflow/example_dags/example_params_ui_tutorial.py for tasks to queue
[2025-12-30T09:53:47.276+0000] {logging_mixin.py:188} INFO - [2025-12-30T09:53:47.275+0000] {dagbag.py:540} INFO - Filling up the DagBag from /home/airflow/.local/lib/python3.8/site-packages/airflow/example_dags/example_params_ui_tutorial.py
[2025-12-30T09:53:47.298+0000] {processor.py:840} INFO - DAG(s) 'example_params_ui_tutorial' retrieved from /home/airflow/.local/lib/python3.8/site-packages/airflow/example_dags/example_params_ui_tutorial.py
[2025-12-30T09:53:47.437+0000] {logging_mixin.py:188} INFO - [2025-12-30T09:53:47.436+0000] {dag.py:3047} INFO - Sync 1 DAGs
[2025-12-30T09:53:47.453+0000] {logging_mixin.py:188} INFO - [2025-12-30T09:53:47.453+0000] {dag.py:3834} INFO - Setting next_dagrun for example_params_ui_tutorial to None, run_after=None
[2025-12-30T09:53:47.488+0000] {processor.py:183} INFO - Processing /home/airflow/.local/lib/python3.8/site-packages/airflow/example_dags/example_params_ui_tutorial.py took 0.224 seconds
[2025-12-30T09:59:18.029+0000] {processor.py:161} INFO - Started process (PID=374) to work on /home/airflow/.local/lib/python3.8/site-packages/airflow/example_dags/example_params_ui_tutorial.py
[2025-12-30T09:59:18.031+0000] {processor.py:830} INFO - Processing file /home/airflow/.local/lib/python3.8/site-packages/airflow/example_dags/example_params_ui_tutorial.py for tasks to queue
[2025-12-30T09:59:18.033+0000] {logging_mixin.py:188} INFO - [2025-12-30T09:59:18.032+0000] {dagbag.py:540} INFO - Filling up the DagBag from /home/airflow/.local/lib/python3.8/site-packages/airflow/example_dags/example_params_ui_tutorial.py
[2025-12-30T09:59:18.101+0000] {processor.py:840} INFO - DAG(s) 'example_params_ui_tutorial' retrieved from /home/airflow/.local/lib/python3.8/site-packages/airflow/example_dags/example_params_ui_tutorial.py
[2025-12-30T09:59:18.314+0000] {logging_mixin.py:188} INFO - [2025-12-30T09:59:18.313+0000] {dag.py:3047} INFO - Sync 1 DAGs
[2025-12-30T09:59:18.341+0000] {logging_mixin.py:188} INFO - [2025-12-30T09:59:18.340+0000] {dag.py:3834} INFO - Setting next_dagrun for example_params_ui_tutorial to None, run_after=None
[2025-12-30T09:59:18.383+0000] {processor.py:183} INFO - Processing /home/airflow/.local/lib/python3.8/site-packages/airflow/example_dags/example_params_ui_tutorial.py took 0.359 seconds
[2025-12-30T10:00:35.339+0000] {processor.py:161} INFO - Started process (PID=436) to work on /home/airflow/.local/lib/python3.8/site-packages/airflow/example_dags/example_params_ui_tutorial.py
[2025-12-30T10:00:35.342+0000] {processor.py:830} INFO - Processing file /home/airflow/.local/lib/python3.8/site-packages/airflow/example_dags/example_params_ui_tutorial.py for tasks to queue
[2025-12-30T10:00:35.345+0000] {logging_mixin.py:188} INFO - [2025-12-30T10:00:35.344+0000] {dagbag.py:540} INFO - Filling up the DagBag from /home/airflow/.local/lib/python3.8/site-packages/airflow/example_dags/example_params_ui_tutorial.py
[2025-12-30T10:00:35.362+0000] {processor.py:840} INFO - DAG(s) 'example_params_ui_tutorial' retrieved from /home/airflow/.local/lib/python3.8/site-packages/airflow/example_dags/example_params_ui_tutorial.py
[2025-12-30T10:00:35.466+0000] {logging_mixin.py:188} INFO - [2025-12-30T10:00:35.466+0000] {dag.py:3047} INFO - Sync 1 DAGs
[2025-12-30T10:00:35.492+0000] {logging_mixin.py:188} INFO - [2025-12-30T10:00:35.491+0000] {dag.py:3834} INFO - Setting next_dagrun for example_params_ui_tutorial to None, run_after=None
[2025-12-30T10:00:35.527+0000] {processor.py:183} INFO - Processing /home/airflow/.local/lib/python3.8/site-packages/airflow/example_dags/example_params_ui_tutorial.py took 0.193 seconds
