[2025-12-30T09:47:09.204+0000] {processor.py:161} INFO - Started process (PID=76) to work on /home/airflow/.local/lib/python3.8/site-packages/airflow/example_dags/example_short_circuit_decorator.py
[2025-12-30T09:47:09.207+0000] {processor.py:830} INFO - Processing file /home/airflow/.local/lib/python3.8/site-packages/airflow/example_dags/example_short_circuit_decorator.py for tasks to queue
[2025-12-30T09:47:09.220+0000] {logging_mixin.py:188} INFO - [2025-12-30T09:47:09.218+0000] {dagbag.py:540} INFO - Filling up the DagBag from /home/airflow/.local/lib/python3.8/site-packages/airflow/example_dags/example_short_circuit_decorator.py
[2025-12-30T09:47:09.291+0000] {processor.py:840} INFO - DAG(s) 'example_short_circuit_decorator' retrieved from /home/airflow/.local/lib/python3.8/site-packages/airflow/example_dags/example_short_circuit_decorator.py
[2025-12-30T09:47:10.016+0000] {logging_mixin.py:188} INFO - [2025-12-30T09:47:10.015+0000] {dag.py:3047} INFO - Sync 1 DAGs
[2025-12-30T09:47:10.149+0000] {logging_mixin.py:188} INFO - [2025-12-30T09:47:10.148+0000] {dag.py:3834} INFO - Setting next_dagrun for example_short_circuit_decorator to 2025-12-29 00:00:00+00:00, run_after=2025-12-30 00:00:00+00:00
[2025-12-30T09:47:10.280+0000] {processor.py:183} INFO - Processing /home/airflow/.local/lib/python3.8/site-packages/airflow/example_dags/example_short_circuit_decorator.py took 1.090 seconds
[2025-12-30T09:47:46.003+0000] {processor.py:161} INFO - Started process (PID=131) to work on /home/airflow/.local/lib/python3.8/site-packages/airflow/example_dags/example_short_circuit_decorator.py
[2025-12-30T09:47:46.005+0000] {processor.py:830} INFO - Processing file /home/airflow/.local/lib/python3.8/site-packages/airflow/example_dags/example_short_circuit_decorator.py for tasks to queue
[2025-12-30T09:47:46.008+0000] {logging_mixin.py:188} INFO - [2025-12-30T09:47:46.008+0000] {dagbag.py:540} INFO - Filling up the DagBag from /home/airflow/.local/lib/python3.8/site-packages/airflow/example_dags/example_short_circuit_decorator.py
[2025-12-30T09:47:46.035+0000] {processor.py:840} INFO - DAG(s) 'example_short_circuit_decorator' retrieved from /home/airflow/.local/lib/python3.8/site-packages/airflow/example_dags/example_short_circuit_decorator.py
[2025-12-30T09:47:46.117+0000] {logging_mixin.py:188} INFO - [2025-12-30T09:47:46.117+0000] {dag.py:3047} INFO - Sync 1 DAGs
[2025-12-30T09:47:46.185+0000] {logging_mixin.py:188} INFO - [2025-12-30T09:47:46.185+0000] {dag.py:3834} INFO - Setting next_dagrun for example_short_circuit_decorator to 2025-12-29 00:00:00+00:00, run_after=2025-12-30 00:00:00+00:00
[2025-12-30T09:47:46.334+0000] {processor.py:183} INFO - Processing /home/airflow/.local/lib/python3.8/site-packages/airflow/example_dags/example_short_circuit_decorator.py took 0.339 seconds
[2025-12-30T09:50:00.133+0000] {processor.py:161} INFO - Started process (PID=182) to work on /home/airflow/.local/lib/python3.8/site-packages/airflow/example_dags/example_short_circuit_decorator.py
[2025-12-30T09:50:00.146+0000] {processor.py:830} INFO - Processing file /home/airflow/.local/lib/python3.8/site-packages/airflow/example_dags/example_short_circuit_decorator.py for tasks to queue
[2025-12-30T09:50:00.149+0000] {logging_mixin.py:188} INFO - [2025-12-30T09:50:00.148+0000] {dagbag.py:540} INFO - Filling up the DagBag from /home/airflow/.local/lib/python3.8/site-packages/airflow/example_dags/example_short_circuit_decorator.py
[2025-12-30T09:50:00.183+0000] {processor.py:840} INFO - DAG(s) 'example_short_circuit_decorator' retrieved from /home/airflow/.local/lib/python3.8/site-packages/airflow/example_dags/example_short_circuit_decorator.py
[2025-12-30T09:50:00.240+0000] {logging_mixin.py:188} INFO - [2025-12-30T09:50:00.239+0000] {dag.py:3047} INFO - Sync 1 DAGs
[2025-12-30T09:50:00.297+0000] {logging_mixin.py:188} INFO - [2025-12-30T09:50:00.297+0000] {dag.py:3834} INFO - Setting next_dagrun for example_short_circuit_decorator to 2025-12-29 00:00:00+00:00, run_after=2025-12-30 00:00:00+00:00
[2025-12-30T09:50:00.357+0000] {processor.py:183} INFO - Processing /home/airflow/.local/lib/python3.8/site-packages/airflow/example_dags/example_short_circuit_decorator.py took 0.228 seconds
[2025-12-30T09:51:00.141+0000] {processor.py:161} INFO - Started process (PID=236) to work on /home/airflow/.local/lib/python3.8/site-packages/airflow/example_dags/example_short_circuit_decorator.py
[2025-12-30T09:51:00.144+0000] {processor.py:830} INFO - Processing file /home/airflow/.local/lib/python3.8/site-packages/airflow/example_dags/example_short_circuit_decorator.py for tasks to queue
[2025-12-30T09:51:00.157+0000] {logging_mixin.py:188} INFO - [2025-12-30T09:51:00.152+0000] {dagbag.py:540} INFO - Filling up the DagBag from /home/airflow/.local/lib/python3.8/site-packages/airflow/example_dags/example_short_circuit_decorator.py
[2025-12-30T09:51:00.219+0000] {processor.py:840} INFO - DAG(s) 'example_short_circuit_decorator' retrieved from /home/airflow/.local/lib/python3.8/site-packages/airflow/example_dags/example_short_circuit_decorator.py
[2025-12-30T09:51:01.023+0000] {logging_mixin.py:188} INFO - [2025-12-30T09:51:01.009+0000] {dag.py:3047} INFO - Sync 1 DAGs
[2025-12-30T09:51:01.162+0000] {logging_mixin.py:188} INFO - [2025-12-30T09:51:01.161+0000] {dag.py:3834} INFO - Setting next_dagrun for example_short_circuit_decorator to 2025-12-29 00:00:00+00:00, run_after=2025-12-30 00:00:00+00:00
[2025-12-30T09:51:08.106+0000] {processor.py:183} INFO - Processing /home/airflow/.local/lib/python3.8/site-packages/airflow/example_dags/example_short_circuit_decorator.py took 7.979 seconds
[2025-12-30T09:53:32.436+0000] {processor.py:161} INFO - Started process (PID=283) to work on /home/airflow/.local/lib/python3.8/site-packages/airflow/example_dags/example_short_circuit_decorator.py
[2025-12-30T09:53:32.439+0000] {processor.py:830} INFO - Processing file /home/airflow/.local/lib/python3.8/site-packages/airflow/example_dags/example_short_circuit_decorator.py for tasks to queue
[2025-12-30T09:53:32.443+0000] {logging_mixin.py:188} INFO - [2025-12-30T09:53:32.441+0000] {dagbag.py:540} INFO - Filling up the DagBag from /home/airflow/.local/lib/python3.8/site-packages/airflow/example_dags/example_short_circuit_decorator.py
[2025-12-30T09:53:32.567+0000] {processor.py:840} INFO - DAG(s) 'example_short_circuit_decorator' retrieved from /home/airflow/.local/lib/python3.8/site-packages/airflow/example_dags/example_short_circuit_decorator.py
[2025-12-30T09:53:32.887+0000] {logging_mixin.py:188} INFO - [2025-12-30T09:53:32.886+0000] {dag.py:3047} INFO - Sync 1 DAGs
[2025-12-30T09:53:33.080+0000] {logging_mixin.py:188} INFO - [2025-12-30T09:53:33.080+0000] {dag.py:3834} INFO - Setting next_dagrun for example_short_circuit_decorator to 2025-12-29 00:00:00+00:00, run_after=2025-12-30 00:00:00+00:00
[2025-12-30T09:53:33.231+0000] {processor.py:183} INFO - Processing /home/airflow/.local/lib/python3.8/site-packages/airflow/example_dags/example_short_circuit_decorator.py took 0.803 seconds
[2025-12-30T09:56:02.084+0000] {processor.py:161} INFO - Started process (PID=338) to work on /home/airflow/.local/lib/python3.8/site-packages/airflow/example_dags/example_short_circuit_decorator.py
[2025-12-30T09:56:02.090+0000] {processor.py:830} INFO - Processing file /home/airflow/.local/lib/python3.8/site-packages/airflow/example_dags/example_short_circuit_decorator.py for tasks to queue
[2025-12-30T09:56:02.092+0000] {logging_mixin.py:188} INFO - [2025-12-30T09:56:02.092+0000] {dagbag.py:540} INFO - Filling up the DagBag from /home/airflow/.local/lib/python3.8/site-packages/airflow/example_dags/example_short_circuit_decorator.py
[2025-12-30T09:56:02.139+0000] {processor.py:840} INFO - DAG(s) 'example_short_circuit_decorator' retrieved from /home/airflow/.local/lib/python3.8/site-packages/airflow/example_dags/example_short_circuit_decorator.py
[2025-12-30T09:56:02.319+0000] {logging_mixin.py:188} INFO - [2025-12-30T09:56:02.318+0000] {dag.py:3047} INFO - Sync 1 DAGs
[2025-12-30T09:56:02.491+0000] {logging_mixin.py:188} INFO - [2025-12-30T09:56:02.490+0000] {dag.py:3834} INFO - Setting next_dagrun for example_short_circuit_decorator to 2025-12-29 00:00:00+00:00, run_after=2025-12-30 00:00:00+00:00
[2025-12-30T09:56:02.601+0000] {processor.py:183} INFO - Processing /home/airflow/.local/lib/python3.8/site-packages/airflow/example_dags/example_short_circuit_decorator.py took 0.528 seconds
[2025-12-30T10:00:30.540+0000] {processor.py:161} INFO - Started process (PID=399) to work on /home/airflow/.local/lib/python3.8/site-packages/airflow/example_dags/example_short_circuit_decorator.py
[2025-12-30T10:00:30.542+0000] {processor.py:830} INFO - Processing file /home/airflow/.local/lib/python3.8/site-packages/airflow/example_dags/example_short_circuit_decorator.py for tasks to queue
[2025-12-30T10:00:30.543+0000] {logging_mixin.py:188} INFO - [2025-12-30T10:00:30.543+0000] {dagbag.py:540} INFO - Filling up the DagBag from /home/airflow/.local/lib/python3.8/site-packages/airflow/example_dags/example_short_circuit_decorator.py
[2025-12-30T10:00:30.574+0000] {processor.py:840} INFO - DAG(s) 'example_short_circuit_decorator' retrieved from /home/airflow/.local/lib/python3.8/site-packages/airflow/example_dags/example_short_circuit_decorator.py
[2025-12-30T10:00:30.631+0000] {logging_mixin.py:188} INFO - [2025-12-30T10:00:30.628+0000] {dag.py:3047} INFO - Sync 1 DAGs
[2025-12-30T10:00:30.685+0000] {logging_mixin.py:188} INFO - [2025-12-30T10:00:30.684+0000] {dag.py:3834} INFO - Setting next_dagrun for example_short_circuit_decorator to 2025-12-29 00:00:00+00:00, run_after=2025-12-30 00:00:00+00:00
[2025-12-30T10:00:30.760+0000] {processor.py:183} INFO - Processing /home/airflow/.local/lib/python3.8/site-packages/airflow/example_dags/example_short_circuit_decorator.py took 0.230 seconds
[2025-12-30T10:01:03.371+0000] {processor.py:161} INFO - Started process (PID=455) to work on /home/airflow/.local/lib/python3.8/site-packages/airflow/example_dags/example_short_circuit_decorator.py
[2025-12-30T10:01:03.377+0000] {processor.py:830} INFO - Processing file /home/airflow/.local/lib/python3.8/site-packages/airflow/example_dags/example_short_circuit_decorator.py for tasks to queue
[2025-12-30T10:01:03.383+0000] {logging_mixin.py:188} INFO - [2025-12-30T10:01:03.382+0000] {dagbag.py:540} INFO - Filling up the DagBag from /home/airflow/.local/lib/python3.8/site-packages/airflow/example_dags/example_short_circuit_decorator.py
[2025-12-30T10:01:03.503+0000] {processor.py:840} INFO - DAG(s) 'example_short_circuit_decorator' retrieved from /home/airflow/.local/lib/python3.8/site-packages/airflow/example_dags/example_short_circuit_decorator.py
[2025-12-30T10:01:03.762+0000] {logging_mixin.py:188} INFO - [2025-12-30T10:01:03.761+0000] {dag.py:3047} INFO - Sync 1 DAGs
[2025-12-30T10:01:03.979+0000] {logging_mixin.py:188} INFO - [2025-12-30T10:01:03.979+0000] {dag.py:3834} INFO - Setting next_dagrun for example_short_circuit_decorator to 2025-12-29 00:00:00+00:00, run_after=2025-12-30 00:00:00+00:00
[2025-12-30T10:01:04.189+0000] {processor.py:183} INFO - Processing /home/airflow/.local/lib/python3.8/site-packages/airflow/example_dags/example_short_circuit_decorator.py took 0.826 seconds
