[2025-12-30T09:47:21.816+0000] {processor.py:161} INFO - Started process (PID=89) to work on /home/airflow/.local/lib/python3.8/site-packages/airflow/example_dags/example_latest_only_with_trigger.py
[2025-12-30T09:47:21.821+0000] {processor.py:830} INFO - Processing file /home/airflow/.local/lib/python3.8/site-packages/airflow/example_dags/example_latest_only_with_trigger.py for tasks to queue
[2025-12-30T09:47:21.832+0000] {logging_mixin.py:188} INFO - [2025-12-30T09:47:21.830+0000] {dagbag.py:540} INFO - Filling up the DagBag from /home/airflow/.local/lib/python3.8/site-packages/airflow/example_dags/example_latest_only_with_trigger.py
[2025-12-30T09:47:21.850+0000] {processor.py:840} INFO - DAG(s) 'latest_only_with_trigger' retrieved from /home/airflow/.local/lib/python3.8/site-packages/airflow/example_dags/example_latest_only_with_trigger.py
[2025-12-30T09:47:22.382+0000] {logging_mixin.py:188} INFO - [2025-12-30T09:47:22.381+0000] {dag.py:3047} INFO - Sync 1 DAGs
[2025-12-30T09:47:22.580+0000] {logging_mixin.py:188} INFO - [2025-12-30T09:47:22.579+0000] {dag.py:3834} INFO - Setting next_dagrun for latest_only_with_trigger to 2025-12-30 04:00:00+00:00, run_after=2025-12-30 08:00:00+00:00
[2025-12-30T09:47:22.738+0000] {processor.py:183} INFO - Processing /home/airflow/.local/lib/python3.8/site-packages/airflow/example_dags/example_latest_only_with_trigger.py took 0.933 seconds
[2025-12-30T09:47:53.194+0000] {processor.py:161} INFO - Started process (PID=144) to work on /home/airflow/.local/lib/python3.8/site-packages/airflow/example_dags/example_latest_only_with_trigger.py
[2025-12-30T09:47:53.198+0000] {processor.py:830} INFO - Processing file /home/airflow/.local/lib/python3.8/site-packages/airflow/example_dags/example_latest_only_with_trigger.py for tasks to queue
[2025-12-30T09:47:53.202+0000] {logging_mixin.py:188} INFO - [2025-12-30T09:47:53.201+0000] {dagbag.py:540} INFO - Filling up the DagBag from /home/airflow/.local/lib/python3.8/site-packages/airflow/example_dags/example_latest_only_with_trigger.py
[2025-12-30T09:47:53.216+0000] {processor.py:840} INFO - DAG(s) 'latest_only_with_trigger' retrieved from /home/airflow/.local/lib/python3.8/site-packages/airflow/example_dags/example_latest_only_with_trigger.py
[2025-12-30T09:47:53.259+0000] {logging_mixin.py:188} INFO - [2025-12-30T09:47:53.258+0000] {dag.py:3047} INFO - Sync 1 DAGs
[2025-12-30T09:47:53.298+0000] {logging_mixin.py:188} INFO - [2025-12-30T09:47:53.298+0000] {dag.py:3834} INFO - Setting next_dagrun for latest_only_with_trigger to 2025-12-30 04:00:00+00:00, run_after=2025-12-30 08:00:00+00:00
[2025-12-30T09:47:53.332+0000] {processor.py:183} INFO - Processing /home/airflow/.local/lib/python3.8/site-packages/airflow/example_dags/example_latest_only_with_trigger.py took 0.151 seconds
[2025-12-30T09:50:02.585+0000] {processor.py:161} INFO - Started process (PID=195) to work on /home/airflow/.local/lib/python3.8/site-packages/airflow/example_dags/example_latest_only_with_trigger.py
[2025-12-30T09:50:02.588+0000] {processor.py:830} INFO - Processing file /home/airflow/.local/lib/python3.8/site-packages/airflow/example_dags/example_latest_only_with_trigger.py for tasks to queue
[2025-12-30T09:50:02.591+0000] {logging_mixin.py:188} INFO - [2025-12-30T09:50:02.590+0000] {dagbag.py:540} INFO - Filling up the DagBag from /home/airflow/.local/lib/python3.8/site-packages/airflow/example_dags/example_latest_only_with_trigger.py
[2025-12-30T09:50:02.616+0000] {processor.py:840} INFO - DAG(s) 'latest_only_with_trigger' retrieved from /home/airflow/.local/lib/python3.8/site-packages/airflow/example_dags/example_latest_only_with_trigger.py
[2025-12-30T09:50:02.664+0000] {logging_mixin.py:188} INFO - [2025-12-30T09:50:02.664+0000] {dag.py:3047} INFO - Sync 1 DAGs
[2025-12-30T09:50:02.706+0000] {logging_mixin.py:188} INFO - [2025-12-30T09:50:02.706+0000] {dag.py:3834} INFO - Setting next_dagrun for latest_only_with_trigger to 2025-12-30 04:00:00+00:00, run_after=2025-12-30 08:00:00+00:00
[2025-12-30T09:50:02.741+0000] {processor.py:183} INFO - Processing /home/airflow/.local/lib/python3.8/site-packages/airflow/example_dags/example_latest_only_with_trigger.py took 0.166 seconds
[2025-12-30T09:53:06.755+0000] {processor.py:161} INFO - Started process (PID=249) to work on /home/airflow/.local/lib/python3.8/site-packages/airflow/example_dags/example_latest_only_with_trigger.py
[2025-12-30T09:53:06.762+0000] {processor.py:830} INFO - Processing file /home/airflow/.local/lib/python3.8/site-packages/airflow/example_dags/example_latest_only_with_trigger.py for tasks to queue
[2025-12-30T09:53:06.779+0000] {logging_mixin.py:188} INFO - [2025-12-30T09:53:06.774+0000] {dagbag.py:540} INFO - Filling up the DagBag from /home/airflow/.local/lib/python3.8/site-packages/airflow/example_dags/example_latest_only_with_trigger.py
[2025-12-30T09:53:06.984+0000] {processor.py:840} INFO - DAG(s) 'latest_only_with_trigger' retrieved from /home/airflow/.local/lib/python3.8/site-packages/airflow/example_dags/example_latest_only_with_trigger.py
[2025-12-30T09:53:09.500+0000] {logging_mixin.py:188} INFO - [2025-12-30T09:53:09.499+0000] {dag.py:3047} INFO - Sync 1 DAGs
[2025-12-30T09:53:09.592+0000] {logging_mixin.py:188} INFO - [2025-12-30T09:53:09.592+0000] {dag.py:3834} INFO - Setting next_dagrun for latest_only_with_trigger to 2025-12-30 04:00:00+00:00, run_after=2025-12-30 08:00:00+00:00
[2025-12-30T09:53:09.704+0000] {processor.py:183} INFO - Processing /home/airflow/.local/lib/python3.8/site-packages/airflow/example_dags/example_latest_only_with_trigger.py took 3.012 seconds
[2025-12-30T09:53:40.441+0000] {processor.py:161} INFO - Started process (PID=304) to work on /home/airflow/.local/lib/python3.8/site-packages/airflow/example_dags/example_latest_only_with_trigger.py
[2025-12-30T09:53:40.443+0000] {processor.py:830} INFO - Processing file /home/airflow/.local/lib/python3.8/site-packages/airflow/example_dags/example_latest_only_with_trigger.py for tasks to queue
[2025-12-30T09:53:40.444+0000] {logging_mixin.py:188} INFO - [2025-12-30T09:53:40.444+0000] {dagbag.py:540} INFO - Filling up the DagBag from /home/airflow/.local/lib/python3.8/site-packages/airflow/example_dags/example_latest_only_with_trigger.py
[2025-12-30T09:53:40.457+0000] {processor.py:840} INFO - DAG(s) 'latest_only_with_trigger' retrieved from /home/airflow/.local/lib/python3.8/site-packages/airflow/example_dags/example_latest_only_with_trigger.py
[2025-12-30T09:53:40.577+0000] {logging_mixin.py:188} INFO - [2025-12-30T09:53:40.576+0000] {dag.py:3047} INFO - Sync 1 DAGs
[2025-12-30T09:53:40.652+0000] {logging_mixin.py:188} INFO - [2025-12-30T09:53:40.651+0000] {dag.py:3834} INFO - Setting next_dagrun for latest_only_with_trigger to 2025-12-30 04:00:00+00:00, run_after=2025-12-30 08:00:00+00:00
[2025-12-30T09:53:40.746+0000] {processor.py:183} INFO - Processing /home/airflow/.local/lib/python3.8/site-packages/airflow/example_dags/example_latest_only_with_trigger.py took 0.309 seconds
[2025-12-30T09:56:08.270+0000] {processor.py:161} INFO - Started process (PID=351) to work on /home/airflow/.local/lib/python3.8/site-packages/airflow/example_dags/example_latest_only_with_trigger.py
[2025-12-30T09:56:08.275+0000] {processor.py:830} INFO - Processing file /home/airflow/.local/lib/python3.8/site-packages/airflow/example_dags/example_latest_only_with_trigger.py for tasks to queue
[2025-12-30T09:56:08.280+0000] {logging_mixin.py:188} INFO - [2025-12-30T09:56:08.276+0000] {dagbag.py:540} INFO - Filling up the DagBag from /home/airflow/.local/lib/python3.8/site-packages/airflow/example_dags/example_latest_only_with_trigger.py
[2025-12-30T09:56:08.300+0000] {processor.py:840} INFO - DAG(s) 'latest_only_with_trigger' retrieved from /home/airflow/.local/lib/python3.8/site-packages/airflow/example_dags/example_latest_only_with_trigger.py
[2025-12-30T09:56:08.945+0000] {logging_mixin.py:188} INFO - [2025-12-30T09:56:08.936+0000] {dag.py:3047} INFO - Sync 1 DAGs
[2025-12-30T09:56:09.089+0000] {logging_mixin.py:188} INFO - [2025-12-30T09:56:09.072+0000] {dag.py:3834} INFO - Setting next_dagrun for latest_only_with_trigger to 2025-12-30 04:00:00+00:00, run_after=2025-12-30 08:00:00+00:00
[2025-12-30T09:56:09.240+0000] {processor.py:183} INFO - Processing /home/airflow/.local/lib/python3.8/site-packages/airflow/example_dags/example_latest_only_with_trigger.py took 0.979 seconds
[2025-12-30T10:00:32.555+0000] {processor.py:161} INFO - Started process (PID=412) to work on /home/airflow/.local/lib/python3.8/site-packages/airflow/example_dags/example_latest_only_with_trigger.py
[2025-12-30T10:00:32.559+0000] {processor.py:830} INFO - Processing file /home/airflow/.local/lib/python3.8/site-packages/airflow/example_dags/example_latest_only_with_trigger.py for tasks to queue
[2025-12-30T10:00:32.560+0000] {logging_mixin.py:188} INFO - [2025-12-30T10:00:32.560+0000] {dagbag.py:540} INFO - Filling up the DagBag from /home/airflow/.local/lib/python3.8/site-packages/airflow/example_dags/example_latest_only_with_trigger.py
[2025-12-30T10:00:32.573+0000] {processor.py:840} INFO - DAG(s) 'latest_only_with_trigger' retrieved from /home/airflow/.local/lib/python3.8/site-packages/airflow/example_dags/example_latest_only_with_trigger.py
[2025-12-30T10:00:32.612+0000] {logging_mixin.py:188} INFO - [2025-12-30T10:00:32.612+0000] {dag.py:3047} INFO - Sync 1 DAGs
[2025-12-30T10:00:32.656+0000] {logging_mixin.py:188} INFO - [2025-12-30T10:00:32.655+0000] {dag.py:3834} INFO - Setting next_dagrun for latest_only_with_trigger to 2025-12-30 04:00:00+00:00, run_after=2025-12-30 08:00:00+00:00
[2025-12-30T10:00:32.696+0000] {processor.py:183} INFO - Processing /home/airflow/.local/lib/python3.8/site-packages/airflow/example_dags/example_latest_only_with_trigger.py took 0.150 seconds
