[2025-12-30T09:47:17.512+0000] {processor.py:161} INFO - Started process (PID=83) to work on /home/airflow/.local/lib/python3.8/site-packages/airflow/example_dags/example_time_delta_sensor_async.py
[2025-12-30T09:47:17.541+0000] {processor.py:830} INFO - Processing file /home/airflow/.local/lib/python3.8/site-packages/airflow/example_dags/example_time_delta_sensor_async.py for tasks to queue
[2025-12-30T09:47:17.571+0000] {logging_mixin.py:188} INFO - [2025-12-30T09:47:17.568+0000] {dagbag.py:540} INFO - Filling up the DagBag from /home/airflow/.local/lib/python3.8/site-packages/airflow/example_dags/example_time_delta_sensor_async.py
[2025-12-30T09:47:17.739+0000] {processor.py:840} INFO - DAG(s) 'example_time_delta_sensor_async' retrieved from /home/airflow/.local/lib/python3.8/site-packages/airflow/example_dags/example_time_delta_sensor_async.py
[2025-12-30T09:47:18.866+0000] {logging_mixin.py:188} INFO - [2025-12-30T09:47:18.865+0000] {dag.py:3047} INFO - Sync 1 DAGs
[2025-12-30T09:47:18.922+0000] {logging_mixin.py:188} INFO - [2025-12-30T09:47:18.921+0000] {dag.py:3834} INFO - Setting next_dagrun for example_time_delta_sensor_async to None, run_after=None
[2025-12-30T09:47:19.013+0000] {processor.py:183} INFO - Processing /home/airflow/.local/lib/python3.8/site-packages/airflow/example_dags/example_time_delta_sensor_async.py took 1.590 seconds
[2025-12-30T09:47:49.598+0000] {processor.py:161} INFO - Started process (PID=138) to work on /home/airflow/.local/lib/python3.8/site-packages/airflow/example_dags/example_time_delta_sensor_async.py
[2025-12-30T09:47:49.601+0000] {processor.py:830} INFO - Processing file /home/airflow/.local/lib/python3.8/site-packages/airflow/example_dags/example_time_delta_sensor_async.py for tasks to queue
[2025-12-30T09:47:49.605+0000] {logging_mixin.py:188} INFO - [2025-12-30T09:47:49.604+0000] {dagbag.py:540} INFO - Filling up the DagBag from /home/airflow/.local/lib/python3.8/site-packages/airflow/example_dags/example_time_delta_sensor_async.py
[2025-12-30T09:47:49.621+0000] {processor.py:840} INFO - DAG(s) 'example_time_delta_sensor_async' retrieved from /home/airflow/.local/lib/python3.8/site-packages/airflow/example_dags/example_time_delta_sensor_async.py
[2025-12-30T09:47:49.672+0000] {logging_mixin.py:188} INFO - [2025-12-30T09:47:49.671+0000] {dag.py:3047} INFO - Sync 1 DAGs
[2025-12-30T09:47:49.705+0000] {logging_mixin.py:188} INFO - [2025-12-30T09:47:49.705+0000] {dag.py:3834} INFO - Setting next_dagrun for example_time_delta_sensor_async to None, run_after=None
[2025-12-30T09:47:49.759+0000] {processor.py:183} INFO - Processing /home/airflow/.local/lib/python3.8/site-packages/airflow/example_dags/example_time_delta_sensor_async.py took 0.172 seconds
[2025-12-30T09:50:01.708+0000] {processor.py:161} INFO - Started process (PID=189) to work on /home/airflow/.local/lib/python3.8/site-packages/airflow/example_dags/example_time_delta_sensor_async.py
[2025-12-30T09:50:01.710+0000] {processor.py:830} INFO - Processing file /home/airflow/.local/lib/python3.8/site-packages/airflow/example_dags/example_time_delta_sensor_async.py for tasks to queue
[2025-12-30T09:50:01.712+0000] {logging_mixin.py:188} INFO - [2025-12-30T09:50:01.711+0000] {dagbag.py:540} INFO - Filling up the DagBag from /home/airflow/.local/lib/python3.8/site-packages/airflow/example_dags/example_time_delta_sensor_async.py
[2025-12-30T09:50:01.726+0000] {processor.py:840} INFO - DAG(s) 'example_time_delta_sensor_async' retrieved from /home/airflow/.local/lib/python3.8/site-packages/airflow/example_dags/example_time_delta_sensor_async.py
[2025-12-30T09:50:01.815+0000] {logging_mixin.py:188} INFO - [2025-12-30T09:50:01.814+0000] {dag.py:3047} INFO - Sync 1 DAGs
[2025-12-30T09:50:01.867+0000] {logging_mixin.py:188} INFO - [2025-12-30T09:50:01.866+0000] {dag.py:3834} INFO - Setting next_dagrun for example_time_delta_sensor_async to None, run_after=None
[2025-12-30T09:50:01.918+0000] {processor.py:183} INFO - Processing /home/airflow/.local/lib/python3.8/site-packages/airflow/example_dags/example_time_delta_sensor_async.py took 0.222 seconds
[2025-12-30T09:51:53.707+0000] {processor.py:161} INFO - Started process (PID=243) to work on /home/airflow/.local/lib/python3.8/site-packages/airflow/example_dags/example_time_delta_sensor_async.py
[2025-12-30T09:51:53.708+0000] {processor.py:830} INFO - Processing file /home/airflow/.local/lib/python3.8/site-packages/airflow/example_dags/example_time_delta_sensor_async.py for tasks to queue
[2025-12-30T09:51:53.710+0000] {logging_mixin.py:188} INFO - [2025-12-30T09:51:53.709+0000] {dagbag.py:540} INFO - Filling up the DagBag from /home/airflow/.local/lib/python3.8/site-packages/airflow/example_dags/example_time_delta_sensor_async.py
[2025-12-30T09:51:53.722+0000] {processor.py:840} INFO - DAG(s) 'example_time_delta_sensor_async' retrieved from /home/airflow/.local/lib/python3.8/site-packages/airflow/example_dags/example_time_delta_sensor_async.py
[2025-12-30T09:51:54.023+0000] {logging_mixin.py:188} INFO - [2025-12-30T09:51:54.004+0000] {dag.py:3047} INFO - Sync 1 DAGs
[2025-12-30T09:51:54.062+0000] {logging_mixin.py:188} INFO - [2025-12-30T09:51:54.062+0000] {dag.py:3834} INFO - Setting next_dagrun for example_time_delta_sensor_async to None, run_after=None
[2025-12-30T09:51:54.136+0000] {processor.py:183} INFO - Processing /home/airflow/.local/lib/python3.8/site-packages/airflow/example_dags/example_time_delta_sensor_async.py took 0.435 seconds
[2025-12-30T09:53:37.083+0000] {processor.py:161} INFO - Started process (PID=290) to work on /home/airflow/.local/lib/python3.8/site-packages/airflow/example_dags/example_time_delta_sensor_async.py
[2025-12-30T09:53:37.090+0000] {processor.py:830} INFO - Processing file /home/airflow/.local/lib/python3.8/site-packages/airflow/example_dags/example_time_delta_sensor_async.py for tasks to queue
[2025-12-30T09:53:37.096+0000] {logging_mixin.py:188} INFO - [2025-12-30T09:53:37.096+0000] {dagbag.py:540} INFO - Filling up the DagBag from /home/airflow/.local/lib/python3.8/site-packages/airflow/example_dags/example_time_delta_sensor_async.py
[2025-12-30T09:53:37.114+0000] {processor.py:840} INFO - DAG(s) 'example_time_delta_sensor_async' retrieved from /home/airflow/.local/lib/python3.8/site-packages/airflow/example_dags/example_time_delta_sensor_async.py
[2025-12-30T09:53:37.259+0000] {logging_mixin.py:188} INFO - [2025-12-30T09:53:37.258+0000] {dag.py:3047} INFO - Sync 1 DAGs
[2025-12-30T09:53:37.323+0000] {logging_mixin.py:188} INFO - [2025-12-30T09:53:37.321+0000] {dag.py:3834} INFO - Setting next_dagrun for example_time_delta_sensor_async to None, run_after=None
[2025-12-30T09:53:37.412+0000] {processor.py:183} INFO - Processing /home/airflow/.local/lib/python3.8/site-packages/airflow/example_dags/example_time_delta_sensor_async.py took 0.339 seconds
[2025-12-30T09:56:06.197+0000] {processor.py:161} INFO - Started process (PID=345) to work on /home/airflow/.local/lib/python3.8/site-packages/airflow/example_dags/example_time_delta_sensor_async.py
[2025-12-30T09:56:06.200+0000] {processor.py:830} INFO - Processing file /home/airflow/.local/lib/python3.8/site-packages/airflow/example_dags/example_time_delta_sensor_async.py for tasks to queue
[2025-12-30T09:56:06.203+0000] {logging_mixin.py:188} INFO - [2025-12-30T09:56:06.202+0000] {dagbag.py:540} INFO - Filling up the DagBag from /home/airflow/.local/lib/python3.8/site-packages/airflow/example_dags/example_time_delta_sensor_async.py
[2025-12-30T09:56:06.232+0000] {processor.py:840} INFO - DAG(s) 'example_time_delta_sensor_async' retrieved from /home/airflow/.local/lib/python3.8/site-packages/airflow/example_dags/example_time_delta_sensor_async.py
[2025-12-30T09:56:06.554+0000] {logging_mixin.py:188} INFO - [2025-12-30T09:56:06.553+0000] {dag.py:3047} INFO - Sync 1 DAGs
[2025-12-30T09:56:06.599+0000] {logging_mixin.py:188} INFO - [2025-12-30T09:56:06.599+0000] {dag.py:3834} INFO - Setting next_dagrun for example_time_delta_sensor_async to None, run_after=None
[2025-12-30T09:56:06.683+0000] {processor.py:183} INFO - Processing /home/airflow/.local/lib/python3.8/site-packages/airflow/example_dags/example_time_delta_sensor_async.py took 0.499 seconds
[2025-12-30T10:00:31.800+0000] {processor.py:161} INFO - Started process (PID=406) to work on /home/airflow/.local/lib/python3.8/site-packages/airflow/example_dags/example_time_delta_sensor_async.py
[2025-12-30T10:00:31.801+0000] {processor.py:830} INFO - Processing file /home/airflow/.local/lib/python3.8/site-packages/airflow/example_dags/example_time_delta_sensor_async.py for tasks to queue
[2025-12-30T10:00:31.802+0000] {logging_mixin.py:188} INFO - [2025-12-30T10:00:31.802+0000] {dagbag.py:540} INFO - Filling up the DagBag from /home/airflow/.local/lib/python3.8/site-packages/airflow/example_dags/example_time_delta_sensor_async.py
[2025-12-30T10:00:31.816+0000] {processor.py:840} INFO - DAG(s) 'example_time_delta_sensor_async' retrieved from /home/airflow/.local/lib/python3.8/site-packages/airflow/example_dags/example_time_delta_sensor_async.py
[2025-12-30T10:00:31.858+0000] {logging_mixin.py:188} INFO - [2025-12-30T10:00:31.858+0000] {dag.py:3047} INFO - Sync 1 DAGs
[2025-12-30T10:00:31.885+0000] {logging_mixin.py:188} INFO - [2025-12-30T10:00:31.885+0000] {dag.py:3834} INFO - Setting next_dagrun for example_time_delta_sensor_async to None, run_after=None
[2025-12-30T10:00:31.927+0000] {processor.py:183} INFO - Processing /home/airflow/.local/lib/python3.8/site-packages/airflow/example_dags/example_time_delta_sensor_async.py took 0.134 seconds
