[2025-12-30T09:47:16.293+0000] {processor.py:161} INFO - Started process (PID=82) to work on /home/airflow/.local/lib/python3.8/site-packages/airflow/example_dags/example_bash_operator.py
[2025-12-30T09:47:16.294+0000] {processor.py:830} INFO - Processing file /home/airflow/.local/lib/python3.8/site-packages/airflow/example_dags/example_bash_operator.py for tasks to queue
[2025-12-30T09:47:16.298+0000] {logging_mixin.py:188} INFO - [2025-12-30T09:47:16.298+0000] {dagbag.py:540} INFO - Filling up the DagBag from /home/airflow/.local/lib/python3.8/site-packages/airflow/example_dags/example_bash_operator.py
[2025-12-30T09:47:16.326+0000] {processor.py:840} INFO - DAG(s) 'example_bash_operator' retrieved from /home/airflow/.local/lib/python3.8/site-packages/airflow/example_dags/example_bash_operator.py
[2025-12-30T09:47:16.937+0000] {logging_mixin.py:188} INFO - [2025-12-30T09:47:16.936+0000] {dag.py:3047} INFO - Sync 1 DAGs
[2025-12-30T09:47:17.020+0000] {logging_mixin.py:188} INFO - [2025-12-30T09:47:17.018+0000] {dag.py:3834} INFO - Setting next_dagrun for example_bash_operator to 2025-12-29 00:00:00+00:00, run_after=2025-12-30 00:00:00+00:00
[2025-12-30T09:47:17.383+0000] {processor.py:183} INFO - Processing /home/airflow/.local/lib/python3.8/site-packages/airflow/example_dags/example_bash_operator.py took 1.094 seconds
[2025-12-30T09:47:48.575+0000] {processor.py:161} INFO - Started process (PID=137) to work on /home/airflow/.local/lib/python3.8/site-packages/airflow/example_dags/example_bash_operator.py
[2025-12-30T09:47:48.577+0000] {processor.py:830} INFO - Processing file /home/airflow/.local/lib/python3.8/site-packages/airflow/example_dags/example_bash_operator.py for tasks to queue
[2025-12-30T09:47:48.581+0000] {logging_mixin.py:188} INFO - [2025-12-30T09:47:48.581+0000] {dagbag.py:540} INFO - Filling up the DagBag from /home/airflow/.local/lib/python3.8/site-packages/airflow/example_dags/example_bash_operator.py
[2025-12-30T09:47:48.618+0000] {processor.py:840} INFO - DAG(s) 'example_bash_operator' retrieved from /home/airflow/.local/lib/python3.8/site-packages/airflow/example_dags/example_bash_operator.py
[2025-12-30T09:47:48.683+0000] {logging_mixin.py:188} INFO - [2025-12-30T09:47:48.683+0000] {dag.py:3047} INFO - Sync 1 DAGs
[2025-12-30T09:47:48.729+0000] {logging_mixin.py:188} INFO - [2025-12-30T09:47:48.729+0000] {dag.py:3834} INFO - Setting next_dagrun for example_bash_operator to 2025-12-29 00:00:00+00:00, run_after=2025-12-30 00:00:00+00:00
[2025-12-30T09:47:48.769+0000] {processor.py:183} INFO - Processing /home/airflow/.local/lib/python3.8/site-packages/airflow/example_dags/example_bash_operator.py took 0.203 seconds
[2025-12-30T09:50:01.432+0000] {processor.py:161} INFO - Started process (PID=188) to work on /home/airflow/.local/lib/python3.8/site-packages/airflow/example_dags/example_bash_operator.py
[2025-12-30T09:50:01.433+0000] {processor.py:830} INFO - Processing file /home/airflow/.local/lib/python3.8/site-packages/airflow/example_dags/example_bash_operator.py for tasks to queue
[2025-12-30T09:50:01.435+0000] {logging_mixin.py:188} INFO - [2025-12-30T09:50:01.435+0000] {dagbag.py:540} INFO - Filling up the DagBag from /home/airflow/.local/lib/python3.8/site-packages/airflow/example_dags/example_bash_operator.py
[2025-12-30T09:50:01.462+0000] {processor.py:840} INFO - DAG(s) 'example_bash_operator' retrieved from /home/airflow/.local/lib/python3.8/site-packages/airflow/example_dags/example_bash_operator.py
[2025-12-30T09:50:01.551+0000] {logging_mixin.py:188} INFO - [2025-12-30T09:50:01.550+0000] {dag.py:3047} INFO - Sync 1 DAGs
[2025-12-30T09:50:01.599+0000] {logging_mixin.py:188} INFO - [2025-12-30T09:50:01.598+0000] {dag.py:3834} INFO - Setting next_dagrun for example_bash_operator to 2025-12-29 00:00:00+00:00, run_after=2025-12-30 00:00:00+00:00
[2025-12-30T09:50:01.652+0000] {processor.py:183} INFO - Processing /home/airflow/.local/lib/python3.8/site-packages/airflow/example_dags/example_bash_operator.py took 0.231 seconds
[2025-12-30T09:51:53.524+0000] {processor.py:161} INFO - Started process (PID=242) to work on /home/airflow/.local/lib/python3.8/site-packages/airflow/example_dags/example_bash_operator.py
[2025-12-30T09:51:53.529+0000] {processor.py:830} INFO - Processing file /home/airflow/.local/lib/python3.8/site-packages/airflow/example_dags/example_bash_operator.py for tasks to queue
[2025-12-30T09:51:53.534+0000] {logging_mixin.py:188} INFO - [2025-12-30T09:51:53.530+0000] {dagbag.py:540} INFO - Filling up the DagBag from /home/airflow/.local/lib/python3.8/site-packages/airflow/example_dags/example_bash_operator.py
[2025-12-30T09:51:53.615+0000] {processor.py:840} INFO - DAG(s) 'example_bash_operator' retrieved from /home/airflow/.local/lib/python3.8/site-packages/airflow/example_dags/example_bash_operator.py
[2025-12-30T09:51:54.023+0000] {logging_mixin.py:188} INFO - [2025-12-30T09:51:54.020+0000] {dag.py:3047} INFO - Sync 1 DAGs
[2025-12-30T09:51:54.092+0000] {logging_mixin.py:188} INFO - [2025-12-30T09:51:54.091+0000] {dag.py:3834} INFO - Setting next_dagrun for example_bash_operator to 2025-12-29 00:00:00+00:00, run_after=2025-12-30 00:00:00+00:00
[2025-12-30T09:51:54.138+0000] {processor.py:183} INFO - Processing /home/airflow/.local/lib/python3.8/site-packages/airflow/example_dags/example_bash_operator.py took 0.625 seconds
[2025-12-30T09:53:36.733+0000] {processor.py:161} INFO - Started process (PID=289) to work on /home/airflow/.local/lib/python3.8/site-packages/airflow/example_dags/example_bash_operator.py
[2025-12-30T09:53:36.738+0000] {processor.py:830} INFO - Processing file /home/airflow/.local/lib/python3.8/site-packages/airflow/example_dags/example_bash_operator.py for tasks to queue
[2025-12-30T09:53:36.746+0000] {logging_mixin.py:188} INFO - [2025-12-30T09:53:36.743+0000] {dagbag.py:540} INFO - Filling up the DagBag from /home/airflow/.local/lib/python3.8/site-packages/airflow/example_dags/example_bash_operator.py
[2025-12-30T09:53:36.813+0000] {processor.py:840} INFO - DAG(s) 'example_bash_operator' retrieved from /home/airflow/.local/lib/python3.8/site-packages/airflow/example_dags/example_bash_operator.py
[2025-12-30T09:53:36.989+0000] {logging_mixin.py:188} INFO - [2025-12-30T09:53:36.989+0000] {dag.py:3047} INFO - Sync 1 DAGs
[2025-12-30T09:53:37.106+0000] {logging_mixin.py:188} INFO - [2025-12-30T09:53:37.106+0000] {dag.py:3834} INFO - Setting next_dagrun for example_bash_operator to 2025-12-29 00:00:00+00:00, run_after=2025-12-30 00:00:00+00:00
[2025-12-30T09:53:37.222+0000] {processor.py:183} INFO - Processing /home/airflow/.local/lib/python3.8/site-packages/airflow/example_dags/example_bash_operator.py took 0.508 seconds
[2025-12-30T09:56:05.781+0000] {processor.py:161} INFO - Started process (PID=344) to work on /home/airflow/.local/lib/python3.8/site-packages/airflow/example_dags/example_bash_operator.py
[2025-12-30T09:56:05.787+0000] {processor.py:830} INFO - Processing file /home/airflow/.local/lib/python3.8/site-packages/airflow/example_dags/example_bash_operator.py for tasks to queue
[2025-12-30T09:56:05.792+0000] {logging_mixin.py:188} INFO - [2025-12-30T09:56:05.788+0000] {dagbag.py:540} INFO - Filling up the DagBag from /home/airflow/.local/lib/python3.8/site-packages/airflow/example_dags/example_bash_operator.py
[2025-12-30T09:56:05.875+0000] {processor.py:840} INFO - DAG(s) 'example_bash_operator' retrieved from /home/airflow/.local/lib/python3.8/site-packages/airflow/example_dags/example_bash_operator.py
[2025-12-30T09:56:06.600+0000] {logging_mixin.py:188} INFO - [2025-12-30T09:56:06.600+0000] {dag.py:3047} INFO - Sync 1 DAGs
[2025-12-30T09:56:06.673+0000] {logging_mixin.py:188} INFO - [2025-12-30T09:56:06.672+0000] {dag.py:3834} INFO - Setting next_dagrun for example_bash_operator to 2025-12-29 00:00:00+00:00, run_after=2025-12-30 00:00:00+00:00
[2025-12-30T09:56:06.737+0000] {processor.py:183} INFO - Processing /home/airflow/.local/lib/python3.8/site-packages/airflow/example_dags/example_bash_operator.py took 0.981 seconds
[2025-12-30T10:00:31.635+0000] {processor.py:161} INFO - Started process (PID=405) to work on /home/airflow/.local/lib/python3.8/site-packages/airflow/example_dags/example_bash_operator.py
[2025-12-30T10:00:31.638+0000] {processor.py:830} INFO - Processing file /home/airflow/.local/lib/python3.8/site-packages/airflow/example_dags/example_bash_operator.py for tasks to queue
[2025-12-30T10:00:31.641+0000] {logging_mixin.py:188} INFO - [2025-12-30T10:00:31.640+0000] {dagbag.py:540} INFO - Filling up the DagBag from /home/airflow/.local/lib/python3.8/site-packages/airflow/example_dags/example_bash_operator.py
[2025-12-30T10:00:31.664+0000] {processor.py:840} INFO - DAG(s) 'example_bash_operator' retrieved from /home/airflow/.local/lib/python3.8/site-packages/airflow/example_dags/example_bash_operator.py
[2025-12-30T10:00:31.733+0000] {logging_mixin.py:188} INFO - [2025-12-30T10:00:31.732+0000] {dag.py:3047} INFO - Sync 1 DAGs
[2025-12-30T10:00:31.779+0000] {logging_mixin.py:188} INFO - [2025-12-30T10:00:31.778+0000] {dag.py:3834} INFO - Setting next_dagrun for example_bash_operator to 2025-12-29 00:00:00+00:00, run_after=2025-12-30 00:00:00+00:00
[2025-12-30T10:00:31.821+0000] {processor.py:183} INFO - Processing /home/airflow/.local/lib/python3.8/site-packages/airflow/example_dags/example_bash_operator.py took 0.191 seconds
