[2025-12-30T09:47:32.878+0000] {processor.py:161} INFO - Started process (PID=111) to work on /home/airflow/.local/lib/python3.8/site-packages/airflow/example_dags/example_branch_datetime_operator.py
[2025-12-30T09:47:32.879+0000] {processor.py:830} INFO - Processing file /home/airflow/.local/lib/python3.8/site-packages/airflow/example_dags/example_branch_datetime_operator.py for tasks to queue
[2025-12-30T09:47:32.885+0000] {logging_mixin.py:188} INFO - [2025-12-30T09:47:32.884+0000] {dagbag.py:540} INFO - Filling up the DagBag from /home/airflow/.local/lib/python3.8/site-packages/airflow/example_dags/example_branch_datetime_operator.py
[2025-12-30T09:47:32.911+0000] {processor.py:840} INFO - DAG(s) 'example_branch_datetime_operator', 'example_branch_datetime_operator_3', 'example_branch_datetime_operator_2' retrieved from /home/airflow/.local/lib/python3.8/site-packages/airflow/example_dags/example_branch_datetime_operator.py
[2025-12-30T09:47:33.964+0000] {logging_mixin.py:188} INFO - [2025-12-30T09:47:33.963+0000] {dag.py:3047} INFO - Sync 3 DAGs
[2025-12-30T09:47:34.093+0000] {logging_mixin.py:188} INFO - [2025-12-30T09:47:34.093+0000] {dag.py:3834} INFO - Setting next_dagrun for example_branch_datetime_operator to 2025-12-29 00:00:00+00:00, run_after=2025-12-30 00:00:00+00:00
[2025-12-30T09:47:34.104+0000] {logging_mixin.py:188} INFO - [2025-12-30T09:47:34.104+0000] {dag.py:3834} INFO - Setting next_dagrun for example_branch_datetime_operator_2 to 2025-12-29 00:00:00+00:00, run_after=2025-12-30 00:00:00+00:00
[2025-12-30T09:47:34.111+0000] {logging_mixin.py:188} INFO - [2025-12-30T09:47:34.110+0000] {dag.py:3834} INFO - Setting next_dagrun for example_branch_datetime_operator_3 to 2025-12-29 00:00:00+00:00, run_after=2025-12-30 00:00:00+00:00
[2025-12-30T09:47:34.211+0000] {processor.py:183} INFO - Processing /home/airflow/.local/lib/python3.8/site-packages/airflow/example_dags/example_branch_datetime_operator.py took 1.338 seconds
[2025-12-30T09:48:36.767+0000] {processor.py:161} INFO - Started process (PID=165) to work on /home/airflow/.local/lib/python3.8/site-packages/airflow/example_dags/example_branch_datetime_operator.py
[2025-12-30T09:48:36.775+0000] {processor.py:830} INFO - Processing file /home/airflow/.local/lib/python3.8/site-packages/airflow/example_dags/example_branch_datetime_operator.py for tasks to queue
[2025-12-30T09:48:36.807+0000] {logging_mixin.py:188} INFO - [2025-12-30T09:48:36.795+0000] {dagbag.py:540} INFO - Filling up the DagBag from /home/airflow/.local/lib/python3.8/site-packages/airflow/example_dags/example_branch_datetime_operator.py
[2025-12-30T09:48:36.973+0000] {processor.py:840} INFO - DAG(s) 'example_branch_datetime_operator_3', 'example_branch_datetime_operator', 'example_branch_datetime_operator_2' retrieved from /home/airflow/.local/lib/python3.8/site-packages/airflow/example_dags/example_branch_datetime_operator.py
[2025-12-30T09:48:38.817+0000] {logging_mixin.py:188} INFO - [2025-12-30T09:48:38.816+0000] {dag.py:3047} INFO - Sync 3 DAGs
[2025-12-30T09:48:38.921+0000] {logging_mixin.py:188} INFO - [2025-12-30T09:48:38.920+0000] {dag.py:3834} INFO - Setting next_dagrun for example_branch_datetime_operator to 2025-12-29 00:00:00+00:00, run_after=2025-12-30 00:00:00+00:00
[2025-12-30T09:48:38.940+0000] {logging_mixin.py:188} INFO - [2025-12-30T09:48:38.939+0000] {dag.py:3834} INFO - Setting next_dagrun for example_branch_datetime_operator_2 to 2025-12-29 00:00:00+00:00, run_after=2025-12-30 00:00:00+00:00
[2025-12-30T09:48:38.947+0000] {logging_mixin.py:188} INFO - [2025-12-30T09:48:38.946+0000] {dag.py:3834} INFO - Setting next_dagrun for example_branch_datetime_operator_3 to 2025-12-29 00:00:00+00:00, run_after=2025-12-30 00:00:00+00:00
[2025-12-30T09:48:39.014+0000] {processor.py:183} INFO - Processing /home/airflow/.local/lib/python3.8/site-packages/airflow/example_dags/example_branch_datetime_operator.py took 2.284 seconds
[2025-12-30T09:50:06.381+0000] {processor.py:161} INFO - Started process (PID=214) to work on /home/airflow/.local/lib/python3.8/site-packages/airflow/example_dags/example_branch_datetime_operator.py
[2025-12-30T09:50:06.384+0000] {processor.py:830} INFO - Processing file /home/airflow/.local/lib/python3.8/site-packages/airflow/example_dags/example_branch_datetime_operator.py for tasks to queue
[2025-12-30T09:50:06.385+0000] {logging_mixin.py:188} INFO - [2025-12-30T09:50:06.385+0000] {dagbag.py:540} INFO - Filling up the DagBag from /home/airflow/.local/lib/python3.8/site-packages/airflow/example_dags/example_branch_datetime_operator.py
[2025-12-30T09:50:06.407+0000] {processor.py:840} INFO - DAG(s) 'example_branch_datetime_operator_3', 'example_branch_datetime_operator', 'example_branch_datetime_operator_2' retrieved from /home/airflow/.local/lib/python3.8/site-packages/airflow/example_dags/example_branch_datetime_operator.py
[2025-12-30T09:50:06.510+0000] {logging_mixin.py:188} INFO - [2025-12-30T09:50:06.510+0000] {dag.py:3047} INFO - Sync 3 DAGs
[2025-12-30T09:50:06.558+0000] {logging_mixin.py:188} INFO - [2025-12-30T09:50:06.557+0000] {dag.py:3834} INFO - Setting next_dagrun for example_branch_datetime_operator to 2025-12-29 00:00:00+00:00, run_after=2025-12-30 00:00:00+00:00
[2025-12-30T09:50:06.568+0000] {logging_mixin.py:188} INFO - [2025-12-30T09:50:06.567+0000] {dag.py:3834} INFO - Setting next_dagrun for example_branch_datetime_operator_2 to 2025-12-29 00:00:00+00:00, run_after=2025-12-30 00:00:00+00:00
[2025-12-30T09:50:06.581+0000] {logging_mixin.py:188} INFO - [2025-12-30T09:50:06.581+0000] {dag.py:3834} INFO - Setting next_dagrun for example_branch_datetime_operator_3 to 2025-12-29 00:00:00+00:00, run_after=2025-12-30 00:00:00+00:00
[2025-12-30T09:50:06.631+0000] {processor.py:183} INFO - Processing /home/airflow/.local/lib/python3.8/site-packages/airflow/example_dags/example_branch_datetime_operator.py took 0.257 seconds
[2025-12-30T09:53:14.856+0000] {processor.py:161} INFO - Started process (PID=265) to work on /home/airflow/.local/lib/python3.8/site-packages/airflow/example_dags/example_branch_datetime_operator.py
[2025-12-30T09:53:14.862+0000] {processor.py:830} INFO - Processing file /home/airflow/.local/lib/python3.8/site-packages/airflow/example_dags/example_branch_datetime_operator.py for tasks to queue
[2025-12-30T09:53:14.867+0000] {logging_mixin.py:188} INFO - [2025-12-30T09:53:14.863+0000] {dagbag.py:540} INFO - Filling up the DagBag from /home/airflow/.local/lib/python3.8/site-packages/airflow/example_dags/example_branch_datetime_operator.py
[2025-12-30T09:53:14.907+0000] {processor.py:840} INFO - DAG(s) 'example_branch_datetime_operator_3', 'example_branch_datetime_operator_2', 'example_branch_datetime_operator' retrieved from /home/airflow/.local/lib/python3.8/site-packages/airflow/example_dags/example_branch_datetime_operator.py
[2025-12-30T09:53:15.252+0000] {logging_mixin.py:188} INFO - [2025-12-30T09:53:15.233+0000] {dag.py:3047} INFO - Sync 3 DAGs
[2025-12-30T09:53:15.317+0000] {logging_mixin.py:188} INFO - [2025-12-30T09:53:15.315+0000] {dag.py:3834} INFO - Setting next_dagrun for example_branch_datetime_operator to 2025-12-29 00:00:00+00:00, run_after=2025-12-30 00:00:00+00:00
[2025-12-30T09:53:15.334+0000] {logging_mixin.py:188} INFO - [2025-12-30T09:53:15.333+0000] {dag.py:3834} INFO - Setting next_dagrun for example_branch_datetime_operator_2 to 2025-12-29 00:00:00+00:00, run_after=2025-12-30 00:00:00+00:00
[2025-12-30T09:53:15.342+0000] {logging_mixin.py:188} INFO - [2025-12-30T09:53:15.340+0000] {dag.py:3834} INFO - Setting next_dagrun for example_branch_datetime_operator_3 to 2025-12-29 00:00:00+00:00, run_after=2025-12-30 00:00:00+00:00
[2025-12-30T09:53:15.427+0000] {processor.py:183} INFO - Processing /home/airflow/.local/lib/python3.8/site-packages/airflow/example_dags/example_branch_datetime_operator.py took 0.583 seconds
[2025-12-30T09:53:45.976+0000] {processor.py:161} INFO - Started process (PID=320) to work on /home/airflow/.local/lib/python3.8/site-packages/airflow/example_dags/example_branch_datetime_operator.py
[2025-12-30T09:53:45.978+0000] {processor.py:830} INFO - Processing file /home/airflow/.local/lib/python3.8/site-packages/airflow/example_dags/example_branch_datetime_operator.py for tasks to queue
[2025-12-30T09:53:45.980+0000] {logging_mixin.py:188} INFO - [2025-12-30T09:53:45.979+0000] {dagbag.py:540} INFO - Filling up the DagBag from /home/airflow/.local/lib/python3.8/site-packages/airflow/example_dags/example_branch_datetime_operator.py
[2025-12-30T09:53:46.003+0000] {processor.py:840} INFO - DAG(s) 'example_branch_datetime_operator_2', 'example_branch_datetime_operator', 'example_branch_datetime_operator_3' retrieved from /home/airflow/.local/lib/python3.8/site-packages/airflow/example_dags/example_branch_datetime_operator.py
[2025-12-30T09:53:46.063+0000] {logging_mixin.py:188} INFO - [2025-12-30T09:53:46.063+0000] {dag.py:3047} INFO - Sync 3 DAGs
[2025-12-30T09:53:46.105+0000] {logging_mixin.py:188} INFO - [2025-12-30T09:53:46.105+0000] {dag.py:3834} INFO - Setting next_dagrun for example_branch_datetime_operator to 2025-12-29 00:00:00+00:00, run_after=2025-12-30 00:00:00+00:00
[2025-12-30T09:53:46.113+0000] {logging_mixin.py:188} INFO - [2025-12-30T09:53:46.113+0000] {dag.py:3834} INFO - Setting next_dagrun for example_branch_datetime_operator_2 to 2025-12-29 00:00:00+00:00, run_after=2025-12-30 00:00:00+00:00
[2025-12-30T09:53:46.119+0000] {logging_mixin.py:188} INFO - [2025-12-30T09:53:46.118+0000] {dag.py:3834} INFO - Setting next_dagrun for example_branch_datetime_operator_3 to 2025-12-29 00:00:00+00:00, run_after=2025-12-30 00:00:00+00:00
[2025-12-30T09:53:46.164+0000] {processor.py:183} INFO - Processing /home/airflow/.local/lib/python3.8/site-packages/airflow/example_dags/example_branch_datetime_operator.py took 0.197 seconds
[2025-12-30T09:59:17.834+0000] {processor.py:161} INFO - Started process (PID=373) to work on /home/airflow/.local/lib/python3.8/site-packages/airflow/example_dags/example_branch_datetime_operator.py
[2025-12-30T09:59:17.837+0000] {processor.py:830} INFO - Processing file /home/airflow/.local/lib/python3.8/site-packages/airflow/example_dags/example_branch_datetime_operator.py for tasks to queue
[2025-12-30T09:59:17.839+0000] {logging_mixin.py:188} INFO - [2025-12-30T09:59:17.838+0000] {dagbag.py:540} INFO - Filling up the DagBag from /home/airflow/.local/lib/python3.8/site-packages/airflow/example_dags/example_branch_datetime_operator.py
[2025-12-30T09:59:17.876+0000] {processor.py:840} INFO - DAG(s) 'example_branch_datetime_operator_3', 'example_branch_datetime_operator_2', 'example_branch_datetime_operator' retrieved from /home/airflow/.local/lib/python3.8/site-packages/airflow/example_dags/example_branch_datetime_operator.py
[2025-12-30T09:59:17.919+0000] {logging_mixin.py:188} INFO - [2025-12-30T09:59:17.918+0000] {dag.py:3047} INFO - Sync 3 DAGs
[2025-12-30T09:59:17.986+0000] {logging_mixin.py:188} INFO - [2025-12-30T09:59:17.985+0000] {dag.py:3834} INFO - Setting next_dagrun for example_branch_datetime_operator to 2025-12-29 00:00:00+00:00, run_after=2025-12-30 00:00:00+00:00
[2025-12-30T09:59:17.996+0000] {logging_mixin.py:188} INFO - [2025-12-30T09:59:17.995+0000] {dag.py:3834} INFO - Setting next_dagrun for example_branch_datetime_operator_2 to 2025-12-29 00:00:00+00:00, run_after=2025-12-30 00:00:00+00:00
[2025-12-30T09:59:18.002+0000] {logging_mixin.py:188} INFO - [2025-12-30T09:59:18.002+0000] {dag.py:3834} INFO - Setting next_dagrun for example_branch_datetime_operator_3 to 2025-12-29 00:00:00+00:00, run_after=2025-12-30 00:00:00+00:00
[2025-12-30T09:59:18.037+0000] {processor.py:183} INFO - Processing /home/airflow/.local/lib/python3.8/site-packages/airflow/example_dags/example_branch_datetime_operator.py took 0.214 seconds
[2025-12-30T10:00:35.230+0000] {processor.py:161} INFO - Started process (PID=435) to work on /home/airflow/.local/lib/python3.8/site-packages/airflow/example_dags/example_branch_datetime_operator.py
[2025-12-30T10:00:35.233+0000] {processor.py:830} INFO - Processing file /home/airflow/.local/lib/python3.8/site-packages/airflow/example_dags/example_branch_datetime_operator.py for tasks to queue
[2025-12-30T10:00:35.234+0000] {logging_mixin.py:188} INFO - [2025-12-30T10:00:35.234+0000] {dagbag.py:540} INFO - Filling up the DagBag from /home/airflow/.local/lib/python3.8/site-packages/airflow/example_dags/example_branch_datetime_operator.py
[2025-12-30T10:00:35.250+0000] {processor.py:840} INFO - DAG(s) 'example_branch_datetime_operator', 'example_branch_datetime_operator_3', 'example_branch_datetime_operator_2' retrieved from /home/airflow/.local/lib/python3.8/site-packages/airflow/example_dags/example_branch_datetime_operator.py
[2025-12-30T10:00:35.299+0000] {logging_mixin.py:188} INFO - [2025-12-30T10:00:35.299+0000] {dag.py:3047} INFO - Sync 3 DAGs
[2025-12-30T10:00:35.334+0000] {logging_mixin.py:188} INFO - [2025-12-30T10:00:35.334+0000] {dag.py:3834} INFO - Setting next_dagrun for example_branch_datetime_operator to 2025-12-29 00:00:00+00:00, run_after=2025-12-30 00:00:00+00:00
[2025-12-30T10:00:35.345+0000] {logging_mixin.py:188} INFO - [2025-12-30T10:00:35.344+0000] {dag.py:3834} INFO - Setting next_dagrun for example_branch_datetime_operator_2 to 2025-12-29 00:00:00+00:00, run_after=2025-12-30 00:00:00+00:00
[2025-12-30T10:00:35.351+0000] {logging_mixin.py:188} INFO - [2025-12-30T10:00:35.350+0000] {dag.py:3834} INFO - Setting next_dagrun for example_branch_datetime_operator_3 to 2025-12-29 00:00:00+00:00, run_after=2025-12-30 00:00:00+00:00
[2025-12-30T10:00:35.376+0000] {processor.py:183} INFO - Processing /home/airflow/.local/lib/python3.8/site-packages/airflow/example_dags/example_branch_datetime_operator.py took 0.151 seconds
