[2025-12-30T09:47:13.882+0000] {processor.py:161} INFO - Started process (PID=80) to work on /home/airflow/.local/lib/python3.8/site-packages/airflow/example_dags/example_dynamic_task_mapping.py
[2025-12-30T09:47:13.885+0000] {processor.py:830} INFO - Processing file /home/airflow/.local/lib/python3.8/site-packages/airflow/example_dags/example_dynamic_task_mapping.py for tasks to queue
[2025-12-30T09:47:13.899+0000] {logging_mixin.py:188} INFO - [2025-12-30T09:47:13.898+0000] {dagbag.py:540} INFO - Filling up the DagBag from /home/airflow/.local/lib/python3.8/site-packages/airflow/example_dags/example_dynamic_task_mapping.py
[2025-12-30T09:47:14.203+0000] {processor.py:840} INFO - DAG(s) 'example_dynamic_task_mapping' retrieved from /home/airflow/.local/lib/python3.8/site-packages/airflow/example_dags/example_dynamic_task_mapping.py
[2025-12-30T09:47:15.815+0000] {logging_mixin.py:188} INFO - [2025-12-30T09:47:15.814+0000] {dag.py:3047} INFO - Sync 1 DAGs
[2025-12-30T09:47:15.874+0000] {logging_mixin.py:188} INFO - [2025-12-30T09:47:15.874+0000] {dag.py:3834} INFO - Setting next_dagrun for example_dynamic_task_mapping to 2022-03-04 00:00:00+00:00, run_after=2022-03-05 00:00:00+00:00
[2025-12-30T09:47:16.025+0000] {processor.py:183} INFO - Processing /home/airflow/.local/lib/python3.8/site-packages/airflow/example_dags/example_dynamic_task_mapping.py took 2.151 seconds
[2025-12-30T09:47:48.012+0000] {processor.py:161} INFO - Started process (PID=135) to work on /home/airflow/.local/lib/python3.8/site-packages/airflow/example_dags/example_dynamic_task_mapping.py
[2025-12-30T09:47:48.013+0000] {processor.py:830} INFO - Processing file /home/airflow/.local/lib/python3.8/site-packages/airflow/example_dags/example_dynamic_task_mapping.py for tasks to queue
[2025-12-30T09:47:48.017+0000] {logging_mixin.py:188} INFO - [2025-12-30T09:47:48.016+0000] {dagbag.py:540} INFO - Filling up the DagBag from /home/airflow/.local/lib/python3.8/site-packages/airflow/example_dags/example_dynamic_task_mapping.py
[2025-12-30T09:47:48.030+0000] {processor.py:840} INFO - DAG(s) 'example_dynamic_task_mapping' retrieved from /home/airflow/.local/lib/python3.8/site-packages/airflow/example_dags/example_dynamic_task_mapping.py
[2025-12-30T09:47:48.077+0000] {logging_mixin.py:188} INFO - [2025-12-30T09:47:48.076+0000] {dag.py:3047} INFO - Sync 1 DAGs
[2025-12-30T09:47:48.125+0000] {logging_mixin.py:188} INFO - [2025-12-30T09:47:48.124+0000] {dag.py:3834} INFO - Setting next_dagrun for example_dynamic_task_mapping to 2022-03-04 00:00:00+00:00, run_after=2022-03-05 00:00:00+00:00
[2025-12-30T09:47:48.164+0000] {processor.py:183} INFO - Processing /home/airflow/.local/lib/python3.8/site-packages/airflow/example_dags/example_dynamic_task_mapping.py took 0.165 seconds
[2025-12-30T09:50:00.902+0000] {processor.py:161} INFO - Started process (PID=186) to work on /home/airflow/.local/lib/python3.8/site-packages/airflow/example_dags/example_dynamic_task_mapping.py
[2025-12-30T09:50:00.906+0000] {processor.py:830} INFO - Processing file /home/airflow/.local/lib/python3.8/site-packages/airflow/example_dags/example_dynamic_task_mapping.py for tasks to queue
[2025-12-30T09:50:00.910+0000] {logging_mixin.py:188} INFO - [2025-12-30T09:50:00.909+0000] {dagbag.py:540} INFO - Filling up the DagBag from /home/airflow/.local/lib/python3.8/site-packages/airflow/example_dags/example_dynamic_task_mapping.py
[2025-12-30T09:50:00.932+0000] {processor.py:840} INFO - DAG(s) 'example_dynamic_task_mapping' retrieved from /home/airflow/.local/lib/python3.8/site-packages/airflow/example_dags/example_dynamic_task_mapping.py
[2025-12-30T09:50:00.987+0000] {logging_mixin.py:188} INFO - [2025-12-30T09:50:00.986+0000] {dag.py:3047} INFO - Sync 1 DAGs
[2025-12-30T09:50:01.084+0000] {logging_mixin.py:188} INFO - [2025-12-30T09:50:01.084+0000] {dag.py:3834} INFO - Setting next_dagrun for example_dynamic_task_mapping to 2022-03-04 00:00:00+00:00, run_after=2022-03-05 00:00:00+00:00
[2025-12-30T09:50:01.118+0000] {processor.py:183} INFO - Processing /home/airflow/.local/lib/python3.8/site-packages/airflow/example_dags/example_dynamic_task_mapping.py took 0.226 seconds
[2025-12-30T09:51:45.169+0000] {processor.py:161} INFO - Started process (PID=240) to work on /home/airflow/.local/lib/python3.8/site-packages/airflow/example_dags/example_dynamic_task_mapping.py
[2025-12-30T09:51:45.173+0000] {processor.py:830} INFO - Processing file /home/airflow/.local/lib/python3.8/site-packages/airflow/example_dags/example_dynamic_task_mapping.py for tasks to queue
[2025-12-30T09:51:45.179+0000] {logging_mixin.py:188} INFO - [2025-12-30T09:51:45.174+0000] {dagbag.py:540} INFO - Filling up the DagBag from /home/airflow/.local/lib/python3.8/site-packages/airflow/example_dags/example_dynamic_task_mapping.py
[2025-12-30T09:51:45.518+0000] {processor.py:840} INFO - DAG(s) 'example_dynamic_task_mapping' retrieved from /home/airflow/.local/lib/python3.8/site-packages/airflow/example_dags/example_dynamic_task_mapping.py
[2025-12-30T09:51:52.381+0000] {logging_mixin.py:188} INFO - [2025-12-30T09:51:52.374+0000] {dag.py:3047} INFO - Sync 1 DAGs
[2025-12-30T09:51:52.499+0000] {logging_mixin.py:188} INFO - [2025-12-30T09:51:52.498+0000] {dag.py:3834} INFO - Setting next_dagrun for example_dynamic_task_mapping to 2022-03-04 00:00:00+00:00, run_after=2022-03-05 00:00:00+00:00
[2025-12-30T09:51:52.630+0000] {processor.py:183} INFO - Processing /home/airflow/.local/lib/python3.8/site-packages/airflow/example_dags/example_dynamic_task_mapping.py took 7.485 seconds
[2025-12-30T09:53:36.085+0000] {processor.py:161} INFO - Started process (PID=287) to work on /home/airflow/.local/lib/python3.8/site-packages/airflow/example_dags/example_dynamic_task_mapping.py
[2025-12-30T09:53:36.104+0000] {processor.py:830} INFO - Processing file /home/airflow/.local/lib/python3.8/site-packages/airflow/example_dags/example_dynamic_task_mapping.py for tasks to queue
[2025-12-30T09:53:36.131+0000] {logging_mixin.py:188} INFO - [2025-12-30T09:53:36.129+0000] {dagbag.py:540} INFO - Filling up the DagBag from /home/airflow/.local/lib/python3.8/site-packages/airflow/example_dags/example_dynamic_task_mapping.py
[2025-12-30T09:53:36.165+0000] {processor.py:840} INFO - DAG(s) 'example_dynamic_task_mapping' retrieved from /home/airflow/.local/lib/python3.8/site-packages/airflow/example_dags/example_dynamic_task_mapping.py
[2025-12-30T09:53:36.418+0000] {logging_mixin.py:188} INFO - [2025-12-30T09:53:36.409+0000] {dag.py:3047} INFO - Sync 1 DAGs
[2025-12-30T09:53:36.522+0000] {logging_mixin.py:188} INFO - [2025-12-30T09:53:36.521+0000] {dag.py:3834} INFO - Setting next_dagrun for example_dynamic_task_mapping to 2022-03-04 00:00:00+00:00, run_after=2022-03-05 00:00:00+00:00
[2025-12-30T09:53:36.633+0000] {processor.py:183} INFO - Processing /home/airflow/.local/lib/python3.8/site-packages/airflow/example_dags/example_dynamic_task_mapping.py took 0.562 seconds
[2025-12-30T09:56:03.726+0000] {processor.py:161} INFO - Started process (PID=342) to work on /home/airflow/.local/lib/python3.8/site-packages/airflow/example_dags/example_dynamic_task_mapping.py
[2025-12-30T09:56:03.752+0000] {processor.py:830} INFO - Processing file /home/airflow/.local/lib/python3.8/site-packages/airflow/example_dags/example_dynamic_task_mapping.py for tasks to queue
[2025-12-30T09:56:03.754+0000] {logging_mixin.py:188} INFO - [2025-12-30T09:56:03.753+0000] {dagbag.py:540} INFO - Filling up the DagBag from /home/airflow/.local/lib/python3.8/site-packages/airflow/example_dags/example_dynamic_task_mapping.py
[2025-12-30T09:56:03.875+0000] {processor.py:840} INFO - DAG(s) 'example_dynamic_task_mapping' retrieved from /home/airflow/.local/lib/python3.8/site-packages/airflow/example_dags/example_dynamic_task_mapping.py
[2025-12-30T09:56:04.660+0000] {logging_mixin.py:188} INFO - [2025-12-30T09:56:04.651+0000] {dag.py:3047} INFO - Sync 1 DAGs
[2025-12-30T09:56:04.804+0000] {logging_mixin.py:188} INFO - [2025-12-30T09:56:04.803+0000] {dag.py:3834} INFO - Setting next_dagrun for example_dynamic_task_mapping to 2022-03-04 00:00:00+00:00, run_after=2022-03-05 00:00:00+00:00
[2025-12-30T09:56:04.910+0000] {processor.py:183} INFO - Processing /home/airflow/.local/lib/python3.8/site-packages/airflow/example_dags/example_dynamic_task_mapping.py took 1.210 seconds
[2025-12-30T10:00:31.300+0000] {processor.py:161} INFO - Started process (PID=403) to work on /home/airflow/.local/lib/python3.8/site-packages/airflow/example_dags/example_dynamic_task_mapping.py
[2025-12-30T10:00:31.303+0000] {processor.py:830} INFO - Processing file /home/airflow/.local/lib/python3.8/site-packages/airflow/example_dags/example_dynamic_task_mapping.py for tasks to queue
[2025-12-30T10:00:31.306+0000] {logging_mixin.py:188} INFO - [2025-12-30T10:00:31.304+0000] {dagbag.py:540} INFO - Filling up the DagBag from /home/airflow/.local/lib/python3.8/site-packages/airflow/example_dags/example_dynamic_task_mapping.py
[2025-12-30T10:00:31.325+0000] {processor.py:840} INFO - DAG(s) 'example_dynamic_task_mapping' retrieved from /home/airflow/.local/lib/python3.8/site-packages/airflow/example_dags/example_dynamic_task_mapping.py
[2025-12-30T10:00:31.380+0000] {logging_mixin.py:188} INFO - [2025-12-30T10:00:31.379+0000] {dag.py:3047} INFO - Sync 1 DAGs
[2025-12-30T10:00:31.437+0000] {logging_mixin.py:188} INFO - [2025-12-30T10:00:31.437+0000] {dag.py:3834} INFO - Setting next_dagrun for example_dynamic_task_mapping to 2022-03-04 00:00:00+00:00, run_after=2022-03-05 00:00:00+00:00
[2025-12-30T10:00:31.505+0000] {processor.py:183} INFO - Processing /home/airflow/.local/lib/python3.8/site-packages/airflow/example_dags/example_dynamic_task_mapping.py took 0.213 seconds
