[2025-12-30T09:47:31.291+0000] {processor.py:161} INFO - Started process (PID=108) to work on /home/airflow/.local/lib/python3.8/site-packages/airflow/example_dags/example_task_group_decorator.py
[2025-12-30T09:47:31.292+0000] {processor.py:830} INFO - Processing file /home/airflow/.local/lib/python3.8/site-packages/airflow/example_dags/example_task_group_decorator.py for tasks to queue
[2025-12-30T09:47:31.295+0000] {logging_mixin.py:188} INFO - [2025-12-30T09:47:31.294+0000] {dagbag.py:540} INFO - Filling up the DagBag from /home/airflow/.local/lib/python3.8/site-packages/airflow/example_dags/example_task_group_decorator.py
[2025-12-30T09:47:31.354+0000] {processor.py:840} INFO - DAG(s) 'example_task_group_decorator' retrieved from /home/airflow/.local/lib/python3.8/site-packages/airflow/example_dags/example_task_group_decorator.py
[2025-12-30T09:47:31.852+0000] {logging_mixin.py:188} INFO - [2025-12-30T09:47:31.852+0000] {dag.py:3047} INFO - Sync 1 DAGs
[2025-12-30T09:47:31.948+0000] {logging_mixin.py:188} INFO - [2025-12-30T09:47:31.947+0000] {dag.py:3834} INFO - Setting next_dagrun for example_task_group_decorator to 2025-12-29 00:00:00+00:00, run_after=2025-12-30 00:00:00+00:00
[2025-12-30T09:47:32.030+0000] {processor.py:183} INFO - Processing /home/airflow/.local/lib/python3.8/site-packages/airflow/example_dags/example_task_group_decorator.py took 0.744 seconds
[2025-12-30T09:48:02.126+0000] {processor.py:161} INFO - Started process (PID=157) to work on /home/airflow/.local/lib/python3.8/site-packages/airflow/example_dags/example_task_group_decorator.py
[2025-12-30T09:48:02.131+0000] {processor.py:830} INFO - Processing file /home/airflow/.local/lib/python3.8/site-packages/airflow/example_dags/example_task_group_decorator.py for tasks to queue
[2025-12-30T09:48:02.139+0000] {logging_mixin.py:188} INFO - [2025-12-30T09:48:02.139+0000] {dagbag.py:540} INFO - Filling up the DagBag from /home/airflow/.local/lib/python3.8/site-packages/airflow/example_dags/example_task_group_decorator.py
[2025-12-30T09:48:02.188+0000] {processor.py:840} INFO - DAG(s) 'example_task_group_decorator' retrieved from /home/airflow/.local/lib/python3.8/site-packages/airflow/example_dags/example_task_group_decorator.py
[2025-12-30T09:48:02.298+0000] {logging_mixin.py:188} INFO - [2025-12-30T09:48:02.297+0000] {dag.py:3047} INFO - Sync 1 DAGs
[2025-12-30T09:48:02.345+0000] {logging_mixin.py:188} INFO - [2025-12-30T09:48:02.344+0000] {dag.py:3834} INFO - Setting next_dagrun for example_task_group_decorator to 2025-12-29 00:00:00+00:00, run_after=2025-12-30 00:00:00+00:00
[2025-12-30T09:48:02.407+0000] {processor.py:183} INFO - Processing /home/airflow/.local/lib/python3.8/site-packages/airflow/example_dags/example_task_group_decorator.py took 0.292 seconds
[2025-12-30T09:50:05.489+0000] {processor.py:161} INFO - Started process (PID=208) to work on /home/airflow/.local/lib/python3.8/site-packages/airflow/example_dags/example_task_group_decorator.py
[2025-12-30T09:50:05.491+0000] {processor.py:830} INFO - Processing file /home/airflow/.local/lib/python3.8/site-packages/airflow/example_dags/example_task_group_decorator.py for tasks to queue
[2025-12-30T09:50:05.492+0000] {logging_mixin.py:188} INFO - [2025-12-30T09:50:05.492+0000] {dagbag.py:540} INFO - Filling up the DagBag from /home/airflow/.local/lib/python3.8/site-packages/airflow/example_dags/example_task_group_decorator.py
[2025-12-30T09:50:05.522+0000] {processor.py:840} INFO - DAG(s) 'example_task_group_decorator' retrieved from /home/airflow/.local/lib/python3.8/site-packages/airflow/example_dags/example_task_group_decorator.py
[2025-12-30T09:50:05.596+0000] {logging_mixin.py:188} INFO - [2025-12-30T09:50:05.594+0000] {dag.py:3047} INFO - Sync 1 DAGs
[2025-12-30T09:50:05.657+0000] {logging_mixin.py:188} INFO - [2025-12-30T09:50:05.656+0000] {dag.py:3834} INFO - Setting next_dagrun for example_task_group_decorator to 2025-12-29 00:00:00+00:00, run_after=2025-12-30 00:00:00+00:00
[2025-12-30T09:50:05.706+0000] {processor.py:183} INFO - Processing /home/airflow/.local/lib/python3.8/site-packages/airflow/example_dags/example_task_group_decorator.py took 0.222 seconds
[2025-12-30T09:53:13.994+0000] {processor.py:161} INFO - Started process (PID=262) to work on /home/airflow/.local/lib/python3.8/site-packages/airflow/example_dags/example_task_group_decorator.py
[2025-12-30T09:53:13.997+0000] {processor.py:830} INFO - Processing file /home/airflow/.local/lib/python3.8/site-packages/airflow/example_dags/example_task_group_decorator.py for tasks to queue
[2025-12-30T09:53:13.999+0000] {logging_mixin.py:188} INFO - [2025-12-30T09:53:13.999+0000] {dagbag.py:540} INFO - Filling up the DagBag from /home/airflow/.local/lib/python3.8/site-packages/airflow/example_dags/example_task_group_decorator.py
[2025-12-30T09:53:14.071+0000] {processor.py:840} INFO - DAG(s) 'example_task_group_decorator' retrieved from /home/airflow/.local/lib/python3.8/site-packages/airflow/example_dags/example_task_group_decorator.py
[2025-12-30T09:53:14.167+0000] {logging_mixin.py:188} INFO - [2025-12-30T09:53:14.167+0000] {dag.py:3047} INFO - Sync 1 DAGs
[2025-12-30T09:53:14.259+0000] {logging_mixin.py:188} INFO - [2025-12-30T09:53:14.258+0000] {dag.py:3834} INFO - Setting next_dagrun for example_task_group_decorator to 2025-12-29 00:00:00+00:00, run_after=2025-12-30 00:00:00+00:00
[2025-12-30T09:53:14.349+0000] {processor.py:183} INFO - Processing /home/airflow/.local/lib/python3.8/site-packages/airflow/example_dags/example_task_group_decorator.py took 0.364 seconds
[2025-12-30T09:53:45.019+0000] {processor.py:161} INFO - Started process (PID=317) to work on /home/airflow/.local/lib/python3.8/site-packages/airflow/example_dags/example_task_group_decorator.py
[2025-12-30T09:53:45.024+0000] {processor.py:830} INFO - Processing file /home/airflow/.local/lib/python3.8/site-packages/airflow/example_dags/example_task_group_decorator.py for tasks to queue
[2025-12-30T09:53:45.026+0000] {logging_mixin.py:188} INFO - [2025-12-30T09:53:45.026+0000] {dagbag.py:540} INFO - Filling up the DagBag from /home/airflow/.local/lib/python3.8/site-packages/airflow/example_dags/example_task_group_decorator.py
[2025-12-30T09:53:45.066+0000] {processor.py:840} INFO - DAG(s) 'example_task_group_decorator' retrieved from /home/airflow/.local/lib/python3.8/site-packages/airflow/example_dags/example_task_group_decorator.py
[2025-12-30T09:53:45.132+0000] {logging_mixin.py:188} INFO - [2025-12-30T09:53:45.130+0000] {dag.py:3047} INFO - Sync 1 DAGs
[2025-12-30T09:53:45.186+0000] {logging_mixin.py:188} INFO - [2025-12-30T09:53:45.186+0000] {dag.py:3834} INFO - Setting next_dagrun for example_task_group_decorator to 2025-12-29 00:00:00+00:00, run_after=2025-12-30 00:00:00+00:00
[2025-12-30T09:53:45.240+0000] {processor.py:183} INFO - Processing /home/airflow/.local/lib/python3.8/site-packages/airflow/example_dags/example_task_group_decorator.py took 0.229 seconds
[2025-12-30T09:59:17.336+0000] {processor.py:161} INFO - Started process (PID=370) to work on /home/airflow/.local/lib/python3.8/site-packages/airflow/example_dags/example_task_group_decorator.py
[2025-12-30T09:59:17.354+0000] {processor.py:830} INFO - Processing file /home/airflow/.local/lib/python3.8/site-packages/airflow/example_dags/example_task_group_decorator.py for tasks to queue
[2025-12-30T09:59:17.356+0000] {logging_mixin.py:188} INFO - [2025-12-30T09:59:17.356+0000] {dagbag.py:540} INFO - Filling up the DagBag from /home/airflow/.local/lib/python3.8/site-packages/airflow/example_dags/example_task_group_decorator.py
[2025-12-30T09:59:17.434+0000] {processor.py:840} INFO - DAG(s) 'example_task_group_decorator' retrieved from /home/airflow/.local/lib/python3.8/site-packages/airflow/example_dags/example_task_group_decorator.py
[2025-12-30T09:59:17.500+0000] {logging_mixin.py:188} INFO - [2025-12-30T09:59:17.499+0000] {dag.py:3047} INFO - Sync 1 DAGs
[2025-12-30T09:59:17.568+0000] {logging_mixin.py:188} INFO - [2025-12-30T09:59:17.568+0000] {dag.py:3834} INFO - Setting next_dagrun for example_task_group_decorator to 2025-12-29 00:00:00+00:00, run_after=2025-12-30 00:00:00+00:00
[2025-12-30T09:59:17.614+0000] {processor.py:183} INFO - Processing /home/airflow/.local/lib/python3.8/site-packages/airflow/example_dags/example_task_group_decorator.py took 0.287 seconds
[2025-12-30T10:00:35.000+0000] {processor.py:161} INFO - Started process (PID=432) to work on /home/airflow/.local/lib/python3.8/site-packages/airflow/example_dags/example_task_group_decorator.py
[2025-12-30T10:00:35.002+0000] {processor.py:830} INFO - Processing file /home/airflow/.local/lib/python3.8/site-packages/airflow/example_dags/example_task_group_decorator.py for tasks to queue
[2025-12-30T10:00:35.004+0000] {logging_mixin.py:188} INFO - [2025-12-30T10:00:35.003+0000] {dagbag.py:540} INFO - Filling up the DagBag from /home/airflow/.local/lib/python3.8/site-packages/airflow/example_dags/example_task_group_decorator.py
[2025-12-30T10:00:35.033+0000] {processor.py:840} INFO - DAG(s) 'example_task_group_decorator' retrieved from /home/airflow/.local/lib/python3.8/site-packages/airflow/example_dags/example_task_group_decorator.py
[2025-12-30T10:00:35.073+0000] {logging_mixin.py:188} INFO - [2025-12-30T10:00:35.072+0000] {dag.py:3047} INFO - Sync 1 DAGs
[2025-12-30T10:00:35.108+0000] {logging_mixin.py:188} INFO - [2025-12-30T10:00:35.108+0000] {dag.py:3834} INFO - Setting next_dagrun for example_task_group_decorator to 2025-12-29 00:00:00+00:00, run_after=2025-12-30 00:00:00+00:00
[2025-12-30T10:00:35.137+0000] {processor.py:183} INFO - Processing /home/airflow/.local/lib/python3.8/site-packages/airflow/example_dags/example_task_group_decorator.py took 0.143 seconds
