[2025-12-30T09:47:02.743+0000] {processor.py:161} INFO - Started process (PID=65) to work on /home/airflow/.local/lib/python3.8/site-packages/airflow/example_dags/example_datasets.py
[2025-12-30T09:47:02.745+0000] {processor.py:830} INFO - Processing file /home/airflow/.local/lib/python3.8/site-packages/airflow/example_dags/example_datasets.py for tasks to queue
[2025-12-30T09:47:02.753+0000] {logging_mixin.py:188} INFO - [2025-12-30T09:47:02.752+0000] {dagbag.py:540} INFO - Filling up the DagBag from /home/airflow/.local/lib/python3.8/site-packages/airflow/example_dags/example_datasets.py
[2025-12-30T09:47:03.182+0000] {processor.py:840} INFO - DAG(s) 'dataset_consumes_unknown_never_scheduled', 'dataset_produces_2', 'dataset_consumes_1_and_2', 'dataset_consumes_1_never_scheduled', 'dataset_consumes_1', 'dataset_produces_1' retrieved from /home/airflow/.local/lib/python3.8/site-packages/airflow/example_dags/example_datasets.py
[2025-12-30T09:47:04.399+0000] {logging_mixin.py:188} INFO - [2025-12-30T09:47:04.399+0000] {dag.py:3047} INFO - Sync 6 DAGs
[2025-12-30T09:47:04.485+0000] {logging_mixin.py:188} INFO - [2025-12-30T09:47:04.484+0000] {dag.py:3834} INFO - Setting next_dagrun for dataset_consumes_1 to None, run_after=None
[2025-12-30T09:47:04.495+0000] {logging_mixin.py:188} INFO - [2025-12-30T09:47:04.495+0000] {dag.py:3834} INFO - Setting next_dagrun for dataset_consumes_1_and_2 to None, run_after=None
[2025-12-30T09:47:04.498+0000] {logging_mixin.py:188} INFO - [2025-12-30T09:47:04.497+0000] {dag.py:3834} INFO - Setting next_dagrun for dataset_consumes_1_never_scheduled to None, run_after=None
[2025-12-30T09:47:04.502+0000] {logging_mixin.py:188} INFO - [2025-12-30T09:47:04.502+0000] {dag.py:3834} INFO - Setting next_dagrun for dataset_consumes_unknown_never_scheduled to None, run_after=None
[2025-12-30T09:47:04.511+0000] {logging_mixin.py:188} INFO - [2025-12-30T09:47:04.510+0000] {dag.py:3834} INFO - Setting next_dagrun for dataset_produces_1 to 2025-12-29 00:00:00+00:00, run_after=2025-12-30 00:00:00+00:00
[2025-12-30T09:47:04.514+0000] {logging_mixin.py:188} INFO - [2025-12-30T09:47:04.513+0000] {dag.py:3834} INFO - Setting next_dagrun for dataset_produces_2 to None, run_after=None
[2025-12-30T09:47:04.737+0000] {processor.py:183} INFO - Processing /home/airflow/.local/lib/python3.8/site-packages/airflow/example_dags/example_datasets.py took 2.001 seconds
[2025-12-30T09:47:36.966+0000] {processor.py:161} INFO - Started process (PID=119) to work on /home/airflow/.local/lib/python3.8/site-packages/airflow/example_dags/example_datasets.py
[2025-12-30T09:47:36.975+0000] {processor.py:830} INFO - Processing file /home/airflow/.local/lib/python3.8/site-packages/airflow/example_dags/example_datasets.py for tasks to queue
[2025-12-30T09:47:36.984+0000] {logging_mixin.py:188} INFO - [2025-12-30T09:47:36.982+0000] {dagbag.py:540} INFO - Filling up the DagBag from /home/airflow/.local/lib/python3.8/site-packages/airflow/example_dags/example_datasets.py
[2025-12-30T09:47:37.405+0000] {processor.py:840} INFO - DAG(s) 'dataset_produces_2', 'dataset_consumes_unknown_never_scheduled', 'dataset_produces_1', 'dataset_consumes_1_never_scheduled', 'dataset_consumes_1', 'dataset_consumes_1_and_2' retrieved from /home/airflow/.local/lib/python3.8/site-packages/airflow/example_dags/example_datasets.py
[2025-12-30T09:47:37.607+0000] {logging_mixin.py:188} INFO - [2025-12-30T09:47:37.607+0000] {dag.py:3047} INFO - Sync 6 DAGs
[2025-12-30T09:47:38.519+0000] {logging_mixin.py:188} INFO - [2025-12-30T09:47:38.519+0000] {dag.py:3834} INFO - Setting next_dagrun for dataset_consumes_1 to None, run_after=None
[2025-12-30T09:47:38.542+0000] {logging_mixin.py:188} INFO - [2025-12-30T09:47:38.541+0000] {dag.py:3834} INFO - Setting next_dagrun for dataset_consumes_1_and_2 to None, run_after=None
[2025-12-30T09:47:38.546+0000] {logging_mixin.py:188} INFO - [2025-12-30T09:47:38.545+0000] {dag.py:3834} INFO - Setting next_dagrun for dataset_consumes_1_never_scheduled to None, run_after=None
[2025-12-30T09:47:38.552+0000] {logging_mixin.py:188} INFO - [2025-12-30T09:47:38.552+0000] {dag.py:3834} INFO - Setting next_dagrun for dataset_consumes_unknown_never_scheduled to None, run_after=None
[2025-12-30T09:47:38.565+0000] {logging_mixin.py:188} INFO - [2025-12-30T09:47:38.564+0000] {dag.py:3834} INFO - Setting next_dagrun for dataset_produces_1 to 2025-12-29 00:00:00+00:00, run_after=2025-12-30 00:00:00+00:00
[2025-12-30T09:47:38.569+0000] {logging_mixin.py:188} INFO - [2025-12-30T09:47:38.568+0000] {dag.py:3834} INFO - Setting next_dagrun for dataset_produces_2 to None, run_after=None
[2025-12-30T09:47:38.829+0000] {processor.py:183} INFO - Processing /home/airflow/.local/lib/python3.8/site-packages/airflow/example_dags/example_datasets.py took 1.880 seconds
[2025-12-30T09:49:42.848+0000] {processor.py:161} INFO - Started process (PID=171) to work on /home/airflow/.local/lib/python3.8/site-packages/airflow/example_dags/example_datasets.py
[2025-12-30T09:49:42.860+0000] {processor.py:830} INFO - Processing file /home/airflow/.local/lib/python3.8/site-packages/airflow/example_dags/example_datasets.py for tasks to queue
[2025-12-30T09:49:42.924+0000] {logging_mixin.py:188} INFO - [2025-12-30T09:49:42.897+0000] {dagbag.py:540} INFO - Filling up the DagBag from /home/airflow/.local/lib/python3.8/site-packages/airflow/example_dags/example_datasets.py
[2025-12-30T09:49:43.643+0000] {processor.py:840} INFO - DAG(s) 'dataset_produces_1', 'dataset_consumes_1_never_scheduled', 'dataset_consumes_1_and_2', 'dataset_consumes_1', 'dataset_produces_2', 'dataset_consumes_unknown_never_scheduled' retrieved from /home/airflow/.local/lib/python3.8/site-packages/airflow/example_dags/example_datasets.py
[2025-12-30T09:49:57.333+0000] {logging_mixin.py:188} INFO - [2025-12-30T09:49:57.331+0000] {dag.py:3047} INFO - Sync 6 DAGs
[2025-12-30T09:49:57.562+0000] {logging_mixin.py:188} INFO - [2025-12-30T09:49:57.561+0000] {dag.py:3834} INFO - Setting next_dagrun for dataset_consumes_1 to None, run_after=None
[2025-12-30T09:49:57.604+0000] {logging_mixin.py:188} INFO - [2025-12-30T09:49:57.602+0000] {dag.py:3834} INFO - Setting next_dagrun for dataset_consumes_1_and_2 to None, run_after=None
[2025-12-30T09:49:57.612+0000] {logging_mixin.py:188} INFO - [2025-12-30T09:49:57.612+0000] {dag.py:3834} INFO - Setting next_dagrun for dataset_consumes_1_never_scheduled to None, run_after=None
[2025-12-30T09:49:57.616+0000] {logging_mixin.py:188} INFO - [2025-12-30T09:49:57.615+0000] {dag.py:3834} INFO - Setting next_dagrun for dataset_consumes_unknown_never_scheduled to None, run_after=None
[2025-12-30T09:49:57.696+0000] {logging_mixin.py:188} INFO - [2025-12-30T09:49:57.695+0000] {dag.py:3834} INFO - Setting next_dagrun for dataset_produces_1 to 2025-12-29 00:00:00+00:00, run_after=2025-12-30 00:00:00+00:00
[2025-12-30T09:49:57.706+0000] {logging_mixin.py:188} INFO - [2025-12-30T09:49:57.706+0000] {dag.py:3834} INFO - Setting next_dagrun for dataset_produces_2 to None, run_after=None
[2025-12-30T09:49:58.510+0000] {processor.py:183} INFO - Processing /home/airflow/.local/lib/python3.8/site-packages/airflow/example_dags/example_datasets.py took 15.665 seconds
[2025-12-30T09:50:28.790+0000] {processor.py:161} INFO - Started process (PID=226) to work on /home/airflow/.local/lib/python3.8/site-packages/airflow/example_dags/example_datasets.py
[2025-12-30T09:50:28.792+0000] {processor.py:830} INFO - Processing file /home/airflow/.local/lib/python3.8/site-packages/airflow/example_dags/example_datasets.py for tasks to queue
[2025-12-30T09:50:28.794+0000] {logging_mixin.py:188} INFO - [2025-12-30T09:50:28.793+0000] {dagbag.py:540} INFO - Filling up the DagBag from /home/airflow/.local/lib/python3.8/site-packages/airflow/example_dags/example_datasets.py
[2025-12-30T09:50:28.829+0000] {processor.py:840} INFO - DAG(s) 'dataset_consumes_1', 'dataset_produces_1', 'dataset_consumes_unknown_never_scheduled', 'dataset_consumes_1_and_2', 'dataset_consumes_1_never_scheduled', 'dataset_produces_2' retrieved from /home/airflow/.local/lib/python3.8/site-packages/airflow/example_dags/example_datasets.py
[2025-12-30T09:50:36.860+0000] {logging_mixin.py:188} INFO - [2025-12-30T09:50:36.859+0000] {dag.py:3047} INFO - Sync 6 DAGs
[2025-12-30T09:50:36.890+0000] {logging_mixin.py:188} INFO - [2025-12-30T09:50:36.890+0000] {dag.py:3834} INFO - Setting next_dagrun for dataset_consumes_1 to None, run_after=None
[2025-12-30T09:50:36.897+0000] {logging_mixin.py:188} INFO - [2025-12-30T09:50:36.896+0000] {dag.py:3834} INFO - Setting next_dagrun for dataset_consumes_1_and_2 to None, run_after=None
[2025-12-30T09:50:36.899+0000] {logging_mixin.py:188} INFO - [2025-12-30T09:50:36.898+0000] {dag.py:3834} INFO - Setting next_dagrun for dataset_consumes_1_never_scheduled to None, run_after=None
[2025-12-30T09:50:36.901+0000] {logging_mixin.py:188} INFO - [2025-12-30T09:50:36.901+0000] {dag.py:3834} INFO - Setting next_dagrun for dataset_consumes_unknown_never_scheduled to None, run_after=None
[2025-12-30T09:50:36.907+0000] {logging_mixin.py:188} INFO - [2025-12-30T09:50:36.906+0000] {dag.py:3834} INFO - Setting next_dagrun for dataset_produces_1 to 2025-12-29 00:00:00+00:00, run_after=2025-12-30 00:00:00+00:00
[2025-12-30T09:50:36.909+0000] {logging_mixin.py:188} INFO - [2025-12-30T09:50:36.909+0000] {dag.py:3834} INFO - Setting next_dagrun for dataset_produces_2 to None, run_after=None
[2025-12-30T09:50:36.965+0000] {processor.py:183} INFO - Processing /home/airflow/.local/lib/python3.8/site-packages/airflow/example_dags/example_datasets.py took 8.184 seconds
[2025-12-30T09:53:27.793+0000] {processor.py:161} INFO - Started process (PID=272) to work on /home/airflow/.local/lib/python3.8/site-packages/airflow/example_dags/example_datasets.py
[2025-12-30T09:53:27.799+0000] {processor.py:830} INFO - Processing file /home/airflow/.local/lib/python3.8/site-packages/airflow/example_dags/example_datasets.py for tasks to queue
[2025-12-30T09:53:27.805+0000] {logging_mixin.py:188} INFO - [2025-12-30T09:53:27.802+0000] {dagbag.py:540} INFO - Filling up the DagBag from /home/airflow/.local/lib/python3.8/site-packages/airflow/example_dags/example_datasets.py
[2025-12-30T09:53:27.902+0000] {processor.py:840} INFO - DAG(s) 'dataset_consumes_1_never_scheduled', 'dataset_produces_1', 'dataset_consumes_unknown_never_scheduled', 'dataset_produces_2', 'dataset_consumes_1_and_2', 'dataset_consumes_1' retrieved from /home/airflow/.local/lib/python3.8/site-packages/airflow/example_dags/example_datasets.py
[2025-12-30T09:53:28.208+0000] {logging_mixin.py:188} INFO - [2025-12-30T09:53:28.207+0000] {dag.py:3047} INFO - Sync 6 DAGs
[2025-12-30T09:53:28.337+0000] {logging_mixin.py:188} INFO - [2025-12-30T09:53:28.337+0000] {dag.py:3834} INFO - Setting next_dagrun for dataset_consumes_1 to None, run_after=None
[2025-12-30T09:53:28.363+0000] {logging_mixin.py:188} INFO - [2025-12-30T09:53:28.363+0000] {dag.py:3834} INFO - Setting next_dagrun for dataset_consumes_1_and_2 to None, run_after=None
[2025-12-30T09:53:28.374+0000] {logging_mixin.py:188} INFO - [2025-12-30T09:53:28.373+0000] {dag.py:3834} INFO - Setting next_dagrun for dataset_consumes_1_never_scheduled to None, run_after=None
[2025-12-30T09:53:28.383+0000] {logging_mixin.py:188} INFO - [2025-12-30T09:53:28.382+0000] {dag.py:3834} INFO - Setting next_dagrun for dataset_consumes_unknown_never_scheduled to None, run_after=None
[2025-12-30T09:53:28.409+0000] {logging_mixin.py:188} INFO - [2025-12-30T09:53:28.408+0000] {dag.py:3834} INFO - Setting next_dagrun for dataset_produces_1 to 2025-12-29 00:00:00+00:00, run_after=2025-12-30 00:00:00+00:00
[2025-12-30T09:53:28.430+0000] {logging_mixin.py:188} INFO - [2025-12-30T09:53:28.429+0000] {dag.py:3834} INFO - Setting next_dagrun for dataset_produces_2 to None, run_after=None
[2025-12-30T09:53:28.817+0000] {processor.py:183} INFO - Processing /home/airflow/.local/lib/python3.8/site-packages/airflow/example_dags/example_datasets.py took 1.031 seconds
[2025-12-30T09:55:09.000+0000] {processor.py:161} INFO - Started process (PID=327) to work on /home/airflow/.local/lib/python3.8/site-packages/airflow/example_dags/example_datasets.py
[2025-12-30T09:55:09.008+0000] {processor.py:830} INFO - Processing file /home/airflow/.local/lib/python3.8/site-packages/airflow/example_dags/example_datasets.py for tasks to queue
[2025-12-30T09:55:09.032+0000] {logging_mixin.py:188} INFO - [2025-12-30T09:55:09.016+0000] {dagbag.py:540} INFO - Filling up the DagBag from /home/airflow/.local/lib/python3.8/site-packages/airflow/example_dags/example_datasets.py
[2025-12-30T09:55:09.330+0000] {processor.py:840} INFO - DAG(s) 'dataset_consumes_unknown_never_scheduled', 'dataset_consumes_1_never_scheduled', 'dataset_produces_2', 'dataset_consumes_1', 'dataset_consumes_1_and_2', 'dataset_produces_1' retrieved from /home/airflow/.local/lib/python3.8/site-packages/airflow/example_dags/example_datasets.py
[2025-12-30T09:55:10.654+0000] {logging_mixin.py:188} INFO - [2025-12-30T09:55:10.654+0000] {dag.py:3047} INFO - Sync 6 DAGs
[2025-12-30T09:55:10.780+0000] {logging_mixin.py:188} INFO - [2025-12-30T09:55:10.779+0000] {dag.py:3834} INFO - Setting next_dagrun for dataset_consumes_1 to None, run_after=None
[2025-12-30T09:55:10.813+0000] {logging_mixin.py:188} INFO - [2025-12-30T09:55:10.813+0000] {dag.py:3834} INFO - Setting next_dagrun for dataset_consumes_1_and_2 to None, run_after=None
[2025-12-30T09:55:10.818+0000] {logging_mixin.py:188} INFO - [2025-12-30T09:55:10.817+0000] {dag.py:3834} INFO - Setting next_dagrun for dataset_consumes_1_never_scheduled to None, run_after=None
[2025-12-30T09:55:10.824+0000] {logging_mixin.py:188} INFO - [2025-12-30T09:55:10.823+0000] {dag.py:3834} INFO - Setting next_dagrun for dataset_consumes_unknown_never_scheduled to None, run_after=None
[2025-12-30T09:55:10.865+0000] {logging_mixin.py:188} INFO - [2025-12-30T09:55:10.864+0000] {dag.py:3834} INFO - Setting next_dagrun for dataset_produces_1 to 2025-12-29 00:00:00+00:00, run_after=2025-12-30 00:00:00+00:00
[2025-12-30T09:55:10.868+0000] {logging_mixin.py:188} INFO - [2025-12-30T09:55:10.868+0000] {dag.py:3834} INFO - Setting next_dagrun for dataset_produces_2 to None, run_after=None
[2025-12-30T09:55:11.052+0000] {processor.py:183} INFO - Processing /home/airflow/.local/lib/python3.8/site-packages/airflow/example_dags/example_datasets.py took 2.108 seconds
[2025-12-30T09:59:20.130+0000] {processor.py:161} INFO - Started process (PID=382) to work on /home/airflow/.local/lib/python3.8/site-packages/airflow/example_dags/example_datasets.py
[2025-12-30T09:59:20.135+0000] {processor.py:830} INFO - Processing file /home/airflow/.local/lib/python3.8/site-packages/airflow/example_dags/example_datasets.py for tasks to queue
[2025-12-30T09:59:20.137+0000] {logging_mixin.py:188} INFO - [2025-12-30T09:59:20.136+0000] {dagbag.py:540} INFO - Filling up the DagBag from /home/airflow/.local/lib/python3.8/site-packages/airflow/example_dags/example_datasets.py
[2025-12-30T09:59:20.162+0000] {processor.py:840} INFO - DAG(s) 'dataset_consumes_1_never_scheduled', 'dataset_consumes_unknown_never_scheduled', 'dataset_consumes_1', 'dataset_produces_1', 'dataset_produces_2', 'dataset_consumes_1_and_2' retrieved from /home/airflow/.local/lib/python3.8/site-packages/airflow/example_dags/example_datasets.py
[2025-12-30T09:59:20.251+0000] {logging_mixin.py:188} INFO - [2025-12-30T09:59:20.250+0000] {dag.py:3047} INFO - Sync 6 DAGs
[2025-12-30T09:59:20.313+0000] {logging_mixin.py:188} INFO - [2025-12-30T09:59:20.312+0000] {dag.py:3834} INFO - Setting next_dagrun for dataset_consumes_1 to None, run_after=None
[2025-12-30T09:59:20.319+0000] {logging_mixin.py:188} INFO - [2025-12-30T09:59:20.319+0000] {dag.py:3834} INFO - Setting next_dagrun for dataset_consumes_1_and_2 to None, run_after=None
[2025-12-30T09:59:20.333+0000] {logging_mixin.py:188} INFO - [2025-12-30T09:59:20.332+0000] {dag.py:3834} INFO - Setting next_dagrun for dataset_consumes_1_never_scheduled to None, run_after=None
[2025-12-30T09:59:20.343+0000] {logging_mixin.py:188} INFO - [2025-12-30T09:59:20.341+0000] {dag.py:3834} INFO - Setting next_dagrun for dataset_consumes_unknown_never_scheduled to None, run_after=None
[2025-12-30T09:59:20.355+0000] {logging_mixin.py:188} INFO - [2025-12-30T09:59:20.355+0000] {dag.py:3834} INFO - Setting next_dagrun for dataset_produces_1 to 2025-12-29 00:00:00+00:00, run_after=2025-12-30 00:00:00+00:00
[2025-12-30T09:59:20.359+0000] {logging_mixin.py:188} INFO - [2025-12-30T09:59:20.358+0000] {dag.py:3834} INFO - Setting next_dagrun for dataset_produces_2 to None, run_after=None
[2025-12-30T09:59:20.480+0000] {processor.py:183} INFO - Processing /home/airflow/.local/lib/python3.8/site-packages/airflow/example_dags/example_datasets.py took 0.358 seconds
[2025-12-30T10:00:33.901+0000] {processor.py:161} INFO - Started process (PID=422) to work on /home/airflow/.local/lib/python3.8/site-packages/airflow/example_dags/example_datasets.py
[2025-12-30T10:00:33.905+0000] {processor.py:830} INFO - Processing file /home/airflow/.local/lib/python3.8/site-packages/airflow/example_dags/example_datasets.py for tasks to queue
[2025-12-30T10:00:33.908+0000] {logging_mixin.py:188} INFO - [2025-12-30T10:00:33.906+0000] {dagbag.py:540} INFO - Filling up the DagBag from /home/airflow/.local/lib/python3.8/site-packages/airflow/example_dags/example_datasets.py
[2025-12-30T10:00:33.933+0000] {processor.py:840} INFO - DAG(s) 'dataset_consumes_1_never_scheduled', 'dataset_produces_2', 'dataset_produces_1', 'dataset_consumes_1_and_2', 'dataset_consumes_1', 'dataset_consumes_unknown_never_scheduled' retrieved from /home/airflow/.local/lib/python3.8/site-packages/airflow/example_dags/example_datasets.py
[2025-12-30T10:00:34.009+0000] {logging_mixin.py:188} INFO - [2025-12-30T10:00:34.009+0000] {dag.py:3047} INFO - Sync 6 DAGs
[2025-12-30T10:00:34.048+0000] {logging_mixin.py:188} INFO - [2025-12-30T10:00:34.048+0000] {dag.py:3834} INFO - Setting next_dagrun for dataset_consumes_1 to None, run_after=None
[2025-12-30T10:00:34.054+0000] {logging_mixin.py:188} INFO - [2025-12-30T10:00:34.054+0000] {dag.py:3834} INFO - Setting next_dagrun for dataset_consumes_1_and_2 to None, run_after=None
[2025-12-30T10:00:34.058+0000] {logging_mixin.py:188} INFO - [2025-12-30T10:00:34.057+0000] {dag.py:3834} INFO - Setting next_dagrun for dataset_consumes_1_never_scheduled to None, run_after=None
[2025-12-30T10:00:34.060+0000] {logging_mixin.py:188} INFO - [2025-12-30T10:00:34.059+0000] {dag.py:3834} INFO - Setting next_dagrun for dataset_consumes_unknown_never_scheduled to None, run_after=None
[2025-12-30T10:00:34.066+0000] {logging_mixin.py:188} INFO - [2025-12-30T10:00:34.066+0000] {dag.py:3834} INFO - Setting next_dagrun for dataset_produces_1 to 2025-12-29 00:00:00+00:00, run_after=2025-12-30 00:00:00+00:00
[2025-12-30T10:00:34.071+0000] {logging_mixin.py:188} INFO - [2025-12-30T10:00:34.070+0000] {dag.py:3834} INFO - Setting next_dagrun for dataset_produces_2 to None, run_after=None
[2025-12-30T10:00:34.142+0000] {processor.py:183} INFO - Processing /home/airflow/.local/lib/python3.8/site-packages/airflow/example_dags/example_datasets.py took 0.249 seconds
[2025-12-30T10:01:06.049+0000] {processor.py:161} INFO - Started process (PID=459) to work on /home/airflow/.local/lib/python3.8/site-packages/airflow/example_dags/example_datasets.py
[2025-12-30T10:01:06.058+0000] {processor.py:830} INFO - Processing file /home/airflow/.local/lib/python3.8/site-packages/airflow/example_dags/example_datasets.py for tasks to queue
[2025-12-30T10:01:06.060+0000] {logging_mixin.py:188} INFO - [2025-12-30T10:01:06.059+0000] {dagbag.py:540} INFO - Filling up the DagBag from /home/airflow/.local/lib/python3.8/site-packages/airflow/example_dags/example_datasets.py
[2025-12-30T10:01:06.110+0000] {processor.py:840} INFO - DAG(s) 'dataset_produces_2', 'dataset_consumes_1_never_scheduled', 'dataset_consumes_1', 'dataset_consumes_unknown_never_scheduled', 'dataset_consumes_1_and_2', 'dataset_produces_1' retrieved from /home/airflow/.local/lib/python3.8/site-packages/airflow/example_dags/example_datasets.py
[2025-12-30T10:01:06.444+0000] {logging_mixin.py:188} INFO - [2025-12-30T10:01:06.439+0000] {dag.py:3047} INFO - Sync 6 DAGs
[2025-12-30T10:01:06.602+0000] {logging_mixin.py:188} INFO - [2025-12-30T10:01:06.602+0000] {dag.py:3834} INFO - Setting next_dagrun for dataset_consumes_1 to None, run_after=None
[2025-12-30T10:01:06.629+0000] {logging_mixin.py:188} INFO - [2025-12-30T10:01:06.629+0000] {dag.py:3834} INFO - Setting next_dagrun for dataset_consumes_1_and_2 to None, run_after=None
[2025-12-30T10:01:06.633+0000] {logging_mixin.py:188} INFO - [2025-12-30T10:01:06.633+0000] {dag.py:3834} INFO - Setting next_dagrun for dataset_consumes_1_never_scheduled to None, run_after=None
[2025-12-30T10:01:06.666+0000] {logging_mixin.py:188} INFO - [2025-12-30T10:01:06.665+0000] {dag.py:3834} INFO - Setting next_dagrun for dataset_consumes_unknown_never_scheduled to None, run_after=None
[2025-12-30T10:01:06.685+0000] {logging_mixin.py:188} INFO - [2025-12-30T10:01:06.684+0000] {dag.py:3834} INFO - Setting next_dagrun for dataset_produces_1 to 2025-12-29 00:00:00+00:00, run_after=2025-12-30 00:00:00+00:00
[2025-12-30T10:01:06.700+0000] {logging_mixin.py:188} INFO - [2025-12-30T10:01:06.699+0000] {dag.py:3834} INFO - Setting next_dagrun for dataset_produces_2 to None, run_after=None
[2025-12-30T10:01:07.027+0000] {processor.py:183} INFO - Processing /home/airflow/.local/lib/python3.8/site-packages/airflow/example_dags/example_datasets.py took 0.991 seconds
