[2025-12-30T09:47:17.990+0000] {processor.py:161} INFO - Started process (PID=84) to work on /home/airflow/.local/lib/python3.8/site-packages/airflow/example_dags/example_xcomargs.py
[2025-12-30T09:47:17.992+0000] {processor.py:830} INFO - Processing file /home/airflow/.local/lib/python3.8/site-packages/airflow/example_dags/example_xcomargs.py for tasks to queue
[2025-12-30T09:47:18.008+0000] {logging_mixin.py:188} INFO - [2025-12-30T09:47:18.007+0000] {dagbag.py:540} INFO - Filling up the DagBag from /home/airflow/.local/lib/python3.8/site-packages/airflow/example_dags/example_xcomargs.py
[2025-12-30T09:47:18.328+0000] {processor.py:840} INFO - DAG(s) 'example_xcom_args_with_operators', 'example_xcom_args' retrieved from /home/airflow/.local/lib/python3.8/site-packages/airflow/example_dags/example_xcomargs.py
[2025-12-30T09:47:19.146+0000] {logging_mixin.py:188} INFO - [2025-12-30T09:47:19.145+0000] {dag.py:3047} INFO - Sync 2 DAGs
[2025-12-30T09:47:19.169+0000] {logging_mixin.py:188} INFO - [2025-12-30T09:47:19.168+0000] {dag.py:3834} INFO - Setting next_dagrun for example_xcom_args to None, run_after=None
[2025-12-30T09:47:19.174+0000] {logging_mixin.py:188} INFO - [2025-12-30T09:47:19.174+0000] {dag.py:3834} INFO - Setting next_dagrun for example_xcom_args_with_operators to None, run_after=None
[2025-12-30T09:47:19.758+0000] {processor.py:183} INFO - Processing /home/airflow/.local/lib/python3.8/site-packages/airflow/example_dags/example_xcomargs.py took 1.860 seconds
[2025-12-30T09:47:50.618+0000] {processor.py:161} INFO - Started process (PID=139) to work on /home/airflow/.local/lib/python3.8/site-packages/airflow/example_dags/example_xcomargs.py
[2025-12-30T09:47:50.621+0000] {processor.py:830} INFO - Processing file /home/airflow/.local/lib/python3.8/site-packages/airflow/example_dags/example_xcomargs.py for tasks to queue
[2025-12-30T09:47:50.631+0000] {logging_mixin.py:188} INFO - [2025-12-30T09:47:50.630+0000] {dagbag.py:540} INFO - Filling up the DagBag from /home/airflow/.local/lib/python3.8/site-packages/airflow/example_dags/example_xcomargs.py
[2025-12-30T09:47:50.655+0000] {processor.py:840} INFO - DAG(s) 'example_xcom_args_with_operators', 'example_xcom_args' retrieved from /home/airflow/.local/lib/python3.8/site-packages/airflow/example_dags/example_xcomargs.py
[2025-12-30T09:47:50.708+0000] {logging_mixin.py:188} INFO - [2025-12-30T09:47:50.708+0000] {dag.py:3047} INFO - Sync 2 DAGs
[2025-12-30T09:47:50.736+0000] {logging_mixin.py:188} INFO - [2025-12-30T09:47:50.736+0000] {dag.py:3834} INFO - Setting next_dagrun for example_xcom_args to None, run_after=None
[2025-12-30T09:47:50.749+0000] {logging_mixin.py:188} INFO - [2025-12-30T09:47:50.748+0000] {dag.py:3834} INFO - Setting next_dagrun for example_xcom_args_with_operators to None, run_after=None
[2025-12-30T09:47:50.795+0000] {processor.py:183} INFO - Processing /home/airflow/.local/lib/python3.8/site-packages/airflow/example_dags/example_xcomargs.py took 0.194 seconds
[2025-12-30T09:50:01.969+0000] {processor.py:161} INFO - Started process (PID=190) to work on /home/airflow/.local/lib/python3.8/site-packages/airflow/example_dags/example_xcomargs.py
[2025-12-30T09:50:01.973+0000] {processor.py:830} INFO - Processing file /home/airflow/.local/lib/python3.8/site-packages/airflow/example_dags/example_xcomargs.py for tasks to queue
[2025-12-30T09:50:01.975+0000] {logging_mixin.py:188} INFO - [2025-12-30T09:50:01.974+0000] {dagbag.py:540} INFO - Filling up the DagBag from /home/airflow/.local/lib/python3.8/site-packages/airflow/example_dags/example_xcomargs.py
[2025-12-30T09:50:01.996+0000] {processor.py:840} INFO - DAG(s) 'example_xcom_args_with_operators', 'example_xcom_args' retrieved from /home/airflow/.local/lib/python3.8/site-packages/airflow/example_dags/example_xcomargs.py
[2025-12-30T09:50:02.054+0000] {logging_mixin.py:188} INFO - [2025-12-30T09:50:02.054+0000] {dag.py:3047} INFO - Sync 2 DAGs
[2025-12-30T09:50:02.085+0000] {logging_mixin.py:188} INFO - [2025-12-30T09:50:02.085+0000] {dag.py:3834} INFO - Setting next_dagrun for example_xcom_args to None, run_after=None
[2025-12-30T09:50:02.097+0000] {logging_mixin.py:188} INFO - [2025-12-30T09:50:02.097+0000] {dag.py:3834} INFO - Setting next_dagrun for example_xcom_args_with_operators to None, run_after=None
[2025-12-30T09:50:02.131+0000] {processor.py:183} INFO - Processing /home/airflow/.local/lib/python3.8/site-packages/airflow/example_dags/example_xcomargs.py took 0.171 seconds
[2025-12-30T09:51:54.196+0000] {processor.py:161} INFO - Started process (PID=244) to work on /home/airflow/.local/lib/python3.8/site-packages/airflow/example_dags/example_xcomargs.py
[2025-12-30T09:51:54.199+0000] {processor.py:830} INFO - Processing file /home/airflow/.local/lib/python3.8/site-packages/airflow/example_dags/example_xcomargs.py for tasks to queue
[2025-12-30T09:51:54.200+0000] {logging_mixin.py:188} INFO - [2025-12-30T09:51:54.199+0000] {dagbag.py:540} INFO - Filling up the DagBag from /home/airflow/.local/lib/python3.8/site-packages/airflow/example_dags/example_xcomargs.py
[2025-12-30T09:51:54.225+0000] {processor.py:840} INFO - DAG(s) 'example_xcom_args', 'example_xcom_args_with_operators' retrieved from /home/airflow/.local/lib/python3.8/site-packages/airflow/example_dags/example_xcomargs.py
[2025-12-30T09:51:54.563+0000] {logging_mixin.py:188} INFO - [2025-12-30T09:51:54.552+0000] {dag.py:3047} INFO - Sync 2 DAGs
[2025-12-30T09:51:54.607+0000] {logging_mixin.py:188} INFO - [2025-12-30T09:51:54.607+0000] {dag.py:3834} INFO - Setting next_dagrun for example_xcom_args to None, run_after=None
[2025-12-30T09:51:54.619+0000] {logging_mixin.py:188} INFO - [2025-12-30T09:51:54.619+0000] {dag.py:3834} INFO - Setting next_dagrun for example_xcom_args_with_operators to None, run_after=None
[2025-12-30T09:51:54.672+0000] {processor.py:183} INFO - Processing /home/airflow/.local/lib/python3.8/site-packages/airflow/example_dags/example_xcomargs.py took 0.483 seconds
[2025-12-30T09:53:37.329+0000] {processor.py:161} INFO - Started process (PID=291) to work on /home/airflow/.local/lib/python3.8/site-packages/airflow/example_dags/example_xcomargs.py
[2025-12-30T09:53:37.333+0000] {processor.py:830} INFO - Processing file /home/airflow/.local/lib/python3.8/site-packages/airflow/example_dags/example_xcomargs.py for tasks to queue
[2025-12-30T09:53:37.343+0000] {logging_mixin.py:188} INFO - [2025-12-30T09:53:37.341+0000] {dagbag.py:540} INFO - Filling up the DagBag from /home/airflow/.local/lib/python3.8/site-packages/airflow/example_dags/example_xcomargs.py
[2025-12-30T09:53:37.398+0000] {processor.py:840} INFO - DAG(s) 'example_xcom_args', 'example_xcom_args_with_operators' retrieved from /home/airflow/.local/lib/python3.8/site-packages/airflow/example_dags/example_xcomargs.py
[2025-12-30T09:53:37.524+0000] {logging_mixin.py:188} INFO - [2025-12-30T09:53:37.523+0000] {dag.py:3047} INFO - Sync 2 DAGs
[2025-12-30T09:53:37.575+0000] {logging_mixin.py:188} INFO - [2025-12-30T09:53:37.574+0000] {dag.py:3834} INFO - Setting next_dagrun for example_xcom_args to None, run_after=None
[2025-12-30T09:53:37.607+0000] {logging_mixin.py:188} INFO - [2025-12-30T09:53:37.607+0000] {dag.py:3834} INFO - Setting next_dagrun for example_xcom_args_with_operators to None, run_after=None
[2025-12-30T09:53:37.749+0000] {processor.py:183} INFO - Processing /home/airflow/.local/lib/python3.8/site-packages/airflow/example_dags/example_xcomargs.py took 0.427 seconds
[2025-12-30T09:56:06.786+0000] {processor.py:161} INFO - Started process (PID=346) to work on /home/airflow/.local/lib/python3.8/site-packages/airflow/example_dags/example_xcomargs.py
[2025-12-30T09:56:06.789+0000] {processor.py:830} INFO - Processing file /home/airflow/.local/lib/python3.8/site-packages/airflow/example_dags/example_xcomargs.py for tasks to queue
[2025-12-30T09:56:06.791+0000] {logging_mixin.py:188} INFO - [2025-12-30T09:56:06.791+0000] {dagbag.py:540} INFO - Filling up the DagBag from /home/airflow/.local/lib/python3.8/site-packages/airflow/example_dags/example_xcomargs.py
[2025-12-30T09:56:06.838+0000] {processor.py:840} INFO - DAG(s) 'example_xcom_args', 'example_xcom_args_with_operators' retrieved from /home/airflow/.local/lib/python3.8/site-packages/airflow/example_dags/example_xcomargs.py
[2025-12-30T09:56:06.921+0000] {logging_mixin.py:188} INFO - [2025-12-30T09:56:06.921+0000] {dag.py:3047} INFO - Sync 2 DAGs
[2025-12-30T09:56:06.962+0000] {logging_mixin.py:188} INFO - [2025-12-30T09:56:06.961+0000] {dag.py:3834} INFO - Setting next_dagrun for example_xcom_args to None, run_after=None
[2025-12-30T09:56:06.971+0000] {logging_mixin.py:188} INFO - [2025-12-30T09:56:06.971+0000] {dag.py:3834} INFO - Setting next_dagrun for example_xcom_args_with_operators to None, run_after=None
[2025-12-30T09:56:07.040+0000] {processor.py:183} INFO - Processing /home/airflow/.local/lib/python3.8/site-packages/airflow/example_dags/example_xcomargs.py took 0.265 seconds
[2025-12-30T10:00:31.868+0000] {processor.py:161} INFO - Started process (PID=407) to work on /home/airflow/.local/lib/python3.8/site-packages/airflow/example_dags/example_xcomargs.py
[2025-12-30T10:00:31.871+0000] {processor.py:830} INFO - Processing file /home/airflow/.local/lib/python3.8/site-packages/airflow/example_dags/example_xcomargs.py for tasks to queue
[2025-12-30T10:00:31.872+0000] {logging_mixin.py:188} INFO - [2025-12-30T10:00:31.872+0000] {dagbag.py:540} INFO - Filling up the DagBag from /home/airflow/.local/lib/python3.8/site-packages/airflow/example_dags/example_xcomargs.py
[2025-12-30T10:00:31.890+0000] {processor.py:840} INFO - DAG(s) 'example_xcom_args_with_operators', 'example_xcom_args' retrieved from /home/airflow/.local/lib/python3.8/site-packages/airflow/example_dags/example_xcomargs.py
[2025-12-30T10:00:31.942+0000] {logging_mixin.py:188} INFO - [2025-12-30T10:00:31.941+0000] {dag.py:3047} INFO - Sync 2 DAGs
[2025-12-30T10:00:31.970+0000] {logging_mixin.py:188} INFO - [2025-12-30T10:00:31.969+0000] {dag.py:3834} INFO - Setting next_dagrun for example_xcom_args to None, run_after=None
[2025-12-30T10:00:31.982+0000] {logging_mixin.py:188} INFO - [2025-12-30T10:00:31.981+0000] {dag.py:3834} INFO - Setting next_dagrun for example_xcom_args_with_operators to None, run_after=None
[2025-12-30T10:00:32.017+0000] {processor.py:183} INFO - Processing /home/airflow/.local/lib/python3.8/site-packages/airflow/example_dags/example_xcomargs.py took 0.160 seconds
