[2025-12-30T09:47:04.817+0000] {processor.py:161} INFO - Started process (PID=67) to work on /home/airflow/.local/lib/python3.8/site-packages/airflow/example_dags/example_python_decorator.py
[2025-12-30T09:47:04.821+0000] {processor.py:830} INFO - Processing file /home/airflow/.local/lib/python3.8/site-packages/airflow/example_dags/example_python_decorator.py for tasks to queue
[2025-12-30T09:47:04.831+0000] {logging_mixin.py:188} INFO - [2025-12-30T09:47:04.830+0000] {dagbag.py:540} INFO - Filling up the DagBag from /home/airflow/.local/lib/python3.8/site-packages/airflow/example_dags/example_python_decorator.py
[2025-12-30T09:47:04.915+0000] {processor.py:840} INFO - DAG(s) 'example_python_decorator' retrieved from /home/airflow/.local/lib/python3.8/site-packages/airflow/example_dags/example_python_decorator.py
[2025-12-30T09:47:05.618+0000] {logging_mixin.py:188} INFO - [2025-12-30T09:47:05.618+0000] {dag.py:3047} INFO - Sync 1 DAGs
[2025-12-30T09:47:05.703+0000] {logging_mixin.py:188} INFO - [2025-12-30T09:47:05.702+0000] {dag.py:3834} INFO - Setting next_dagrun for example_python_decorator to None, run_after=None
[2025-12-30T09:47:05.861+0000] {processor.py:183} INFO - Processing /home/airflow/.local/lib/python3.8/site-packages/airflow/example_dags/example_python_decorator.py took 1.052 seconds
[2025-12-30T09:47:41.572+0000] {processor.py:161} INFO - Started process (PID=122) to work on /home/airflow/.local/lib/python3.8/site-packages/airflow/example_dags/example_python_decorator.py
[2025-12-30T09:47:41.574+0000] {processor.py:830} INFO - Processing file /home/airflow/.local/lib/python3.8/site-packages/airflow/example_dags/example_python_decorator.py for tasks to queue
[2025-12-30T09:47:41.581+0000] {logging_mixin.py:188} INFO - [2025-12-30T09:47:41.578+0000] {dagbag.py:540} INFO - Filling up the DagBag from /home/airflow/.local/lib/python3.8/site-packages/airflow/example_dags/example_python_decorator.py
[2025-12-30T09:47:41.627+0000] {processor.py:840} INFO - DAG(s) 'example_python_decorator' retrieved from /home/airflow/.local/lib/python3.8/site-packages/airflow/example_dags/example_python_decorator.py
[2025-12-30T09:47:41.688+0000] {logging_mixin.py:188} INFO - [2025-12-30T09:47:41.687+0000] {dag.py:3047} INFO - Sync 1 DAGs
[2025-12-30T09:47:41.732+0000] {logging_mixin.py:188} INFO - [2025-12-30T09:47:41.731+0000] {dag.py:3834} INFO - Setting next_dagrun for example_python_decorator to None, run_after=None
[2025-12-30T09:47:41.816+0000] {processor.py:183} INFO - Processing /home/airflow/.local/lib/python3.8/site-packages/airflow/example_dags/example_python_decorator.py took 0.251 seconds
[2025-12-30T09:49:58.565+0000] {processor.py:161} INFO - Started process (PID=173) to work on /home/airflow/.local/lib/python3.8/site-packages/airflow/example_dags/example_python_decorator.py
[2025-12-30T09:49:58.588+0000] {processor.py:830} INFO - Processing file /home/airflow/.local/lib/python3.8/site-packages/airflow/example_dags/example_python_decorator.py for tasks to queue
[2025-12-30T09:49:58.612+0000] {logging_mixin.py:188} INFO - [2025-12-30T09:49:58.612+0000] {dagbag.py:540} INFO - Filling up the DagBag from /home/airflow/.local/lib/python3.8/site-packages/airflow/example_dags/example_python_decorator.py
[2025-12-30T09:49:59.030+0000] {processor.py:840} INFO - DAG(s) 'example_python_decorator' retrieved from /home/airflow/.local/lib/python3.8/site-packages/airflow/example_dags/example_python_decorator.py
[2025-12-30T09:49:59.114+0000] {logging_mixin.py:188} INFO - [2025-12-30T09:49:59.111+0000] {dag.py:3047} INFO - Sync 1 DAGs
[2025-12-30T09:49:59.161+0000] {logging_mixin.py:188} INFO - [2025-12-30T09:49:59.160+0000] {dag.py:3834} INFO - Setting next_dagrun for example_python_decorator to None, run_after=None
[2025-12-30T09:49:59.258+0000] {processor.py:183} INFO - Processing /home/airflow/.local/lib/python3.8/site-packages/airflow/example_dags/example_python_decorator.py took 1.034 seconds
[2025-12-30T09:50:36.973+0000] {processor.py:161} INFO - Started process (PID=227) to work on /home/airflow/.local/lib/python3.8/site-packages/airflow/example_dags/example_python_decorator.py
[2025-12-30T09:50:36.975+0000] {processor.py:830} INFO - Processing file /home/airflow/.local/lib/python3.8/site-packages/airflow/example_dags/example_python_decorator.py for tasks to queue
[2025-12-30T09:50:36.977+0000] {logging_mixin.py:188} INFO - [2025-12-30T09:50:36.976+0000] {dagbag.py:540} INFO - Filling up the DagBag from /home/airflow/.local/lib/python3.8/site-packages/airflow/example_dags/example_python_decorator.py
[2025-12-30T09:50:37.021+0000] {processor.py:840} INFO - DAG(s) 'example_python_decorator' retrieved from /home/airflow/.local/lib/python3.8/site-packages/airflow/example_dags/example_python_decorator.py
[2025-12-30T09:50:37.105+0000] {logging_mixin.py:188} INFO - [2025-12-30T09:50:37.105+0000] {dag.py:3047} INFO - Sync 1 DAGs
[2025-12-30T09:50:37.128+0000] {logging_mixin.py:188} INFO - [2025-12-30T09:50:37.127+0000] {dag.py:3834} INFO - Setting next_dagrun for example_python_decorator to None, run_after=None
[2025-12-30T09:50:37.170+0000] {processor.py:183} INFO - Processing /home/airflow/.local/lib/python3.8/site-packages/airflow/example_dags/example_python_decorator.py took 0.214 seconds
[2025-12-30T09:53:29.020+0000] {processor.py:161} INFO - Started process (PID=274) to work on /home/airflow/.local/lib/python3.8/site-packages/airflow/example_dags/example_python_decorator.py
[2025-12-30T09:53:29.029+0000] {processor.py:830} INFO - Processing file /home/airflow/.local/lib/python3.8/site-packages/airflow/example_dags/example_python_decorator.py for tasks to queue
[2025-12-30T09:53:29.045+0000] {logging_mixin.py:188} INFO - [2025-12-30T09:53:29.031+0000] {dagbag.py:540} INFO - Filling up the DagBag from /home/airflow/.local/lib/python3.8/site-packages/airflow/example_dags/example_python_decorator.py
[2025-12-30T09:53:29.183+0000] {processor.py:840} INFO - DAG(s) 'example_python_decorator' retrieved from /home/airflow/.local/lib/python3.8/site-packages/airflow/example_dags/example_python_decorator.py
[2025-12-30T09:53:29.314+0000] {logging_mixin.py:188} INFO - [2025-12-30T09:53:29.313+0000] {dag.py:3047} INFO - Sync 1 DAGs
[2025-12-30T09:53:29.346+0000] {logging_mixin.py:188} INFO - [2025-12-30T09:53:29.345+0000] {dag.py:3834} INFO - Setting next_dagrun for example_python_decorator to None, run_after=None
[2025-12-30T09:53:29.441+0000] {processor.py:183} INFO - Processing /home/airflow/.local/lib/python3.8/site-packages/airflow/example_dags/example_python_decorator.py took 0.451 seconds
[2025-12-30T09:55:11.054+0000] {processor.py:161} INFO - Started process (PID=329) to work on /home/airflow/.local/lib/python3.8/site-packages/airflow/example_dags/example_python_decorator.py
[2025-12-30T09:55:11.057+0000] {processor.py:830} INFO - Processing file /home/airflow/.local/lib/python3.8/site-packages/airflow/example_dags/example_python_decorator.py for tasks to queue
[2025-12-30T09:55:11.061+0000] {logging_mixin.py:188} INFO - [2025-12-30T09:55:11.059+0000] {dagbag.py:540} INFO - Filling up the DagBag from /home/airflow/.local/lib/python3.8/site-packages/airflow/example_dags/example_python_decorator.py
[2025-12-30T09:55:11.280+0000] {processor.py:840} INFO - DAG(s) 'example_python_decorator' retrieved from /home/airflow/.local/lib/python3.8/site-packages/airflow/example_dags/example_python_decorator.py
[2025-12-30T09:55:11.980+0000] {logging_mixin.py:188} INFO - [2025-12-30T09:55:11.956+0000] {dag.py:3047} INFO - Sync 1 DAGs
[2025-12-30T09:55:12.063+0000] {logging_mixin.py:188} INFO - [2025-12-30T09:55:12.062+0000] {dag.py:3834} INFO - Setting next_dagrun for example_python_decorator to None, run_after=None
[2025-12-30T09:55:12.167+0000] {processor.py:183} INFO - Processing /home/airflow/.local/lib/python3.8/site-packages/airflow/example_dags/example_python_decorator.py took 1.123 seconds
[2025-12-30T09:59:20.730+0000] {processor.py:161} INFO - Started process (PID=384) to work on /home/airflow/.local/lib/python3.8/site-packages/airflow/example_dags/example_python_decorator.py
[2025-12-30T09:59:20.732+0000] {processor.py:830} INFO - Processing file /home/airflow/.local/lib/python3.8/site-packages/airflow/example_dags/example_python_decorator.py for tasks to queue
[2025-12-30T09:59:20.734+0000] {logging_mixin.py:188} INFO - [2025-12-30T09:59:20.733+0000] {dagbag.py:540} INFO - Filling up the DagBag from /home/airflow/.local/lib/python3.8/site-packages/airflow/example_dags/example_python_decorator.py
[2025-12-30T09:59:20.764+0000] {processor.py:840} INFO - DAG(s) 'example_python_decorator' retrieved from /home/airflow/.local/lib/python3.8/site-packages/airflow/example_dags/example_python_decorator.py
[2025-12-30T09:59:20.807+0000] {logging_mixin.py:188} INFO - [2025-12-30T09:59:20.807+0000] {dag.py:3047} INFO - Sync 1 DAGs
[2025-12-30T09:59:20.838+0000] {logging_mixin.py:188} INFO - [2025-12-30T09:59:20.837+0000] {dag.py:3834} INFO - Setting next_dagrun for example_python_decorator to None, run_after=None
[2025-12-30T09:59:20.884+0000] {processor.py:183} INFO - Processing /home/airflow/.local/lib/python3.8/site-packages/airflow/example_dags/example_python_decorator.py took 0.159 seconds
[2025-12-30T10:00:34.186+0000] {processor.py:161} INFO - Started process (PID=424) to work on /home/airflow/.local/lib/python3.8/site-packages/airflow/example_dags/example_python_decorator.py
[2025-12-30T10:00:34.188+0000] {processor.py:830} INFO - Processing file /home/airflow/.local/lib/python3.8/site-packages/airflow/example_dags/example_python_decorator.py for tasks to queue
[2025-12-30T10:00:34.189+0000] {logging_mixin.py:188} INFO - [2025-12-30T10:00:34.189+0000] {dagbag.py:540} INFO - Filling up the DagBag from /home/airflow/.local/lib/python3.8/site-packages/airflow/example_dags/example_python_decorator.py
[2025-12-30T10:00:34.215+0000] {processor.py:840} INFO - DAG(s) 'example_python_decorator' retrieved from /home/airflow/.local/lib/python3.8/site-packages/airflow/example_dags/example_python_decorator.py
[2025-12-30T10:00:34.263+0000] {logging_mixin.py:188} INFO - [2025-12-30T10:00:34.262+0000] {dag.py:3047} INFO - Sync 1 DAGs
[2025-12-30T10:00:34.281+0000] {logging_mixin.py:188} INFO - [2025-12-30T10:00:34.281+0000] {dag.py:3834} INFO - Setting next_dagrun for example_python_decorator to None, run_after=None
[2025-12-30T10:00:34.315+0000] {processor.py:183} INFO - Processing /home/airflow/.local/lib/python3.8/site-packages/airflow/example_dags/example_python_decorator.py took 0.133 seconds
