[2025-12-30T09:47:30.814+0000] {processor.py:161} INFO - Started process (PID=106) to work on /home/airflow/.local/lib/python3.8/site-packages/airflow/example_dags/example_task_group.py
[2025-12-30T09:47:30.815+0000] {processor.py:830} INFO - Processing file /home/airflow/.local/lib/python3.8/site-packages/airflow/example_dags/example_task_group.py for tasks to queue
[2025-12-30T09:47:30.817+0000] {logging_mixin.py:188} INFO - [2025-12-30T09:47:30.817+0000] {dagbag.py:540} INFO - Filling up the DagBag from /home/airflow/.local/lib/python3.8/site-packages/airflow/example_dags/example_task_group.py
[2025-12-30T09:47:30.831+0000] {processor.py:840} INFO - DAG(s) 'example_task_group' retrieved from /home/airflow/.local/lib/python3.8/site-packages/airflow/example_dags/example_task_group.py
[2025-12-30T09:47:31.042+0000] {logging_mixin.py:188} INFO - [2025-12-30T09:47:31.042+0000] {dag.py:3047} INFO - Sync 1 DAGs
[2025-12-30T09:47:31.073+0000] {logging_mixin.py:188} INFO - [2025-12-30T09:47:31.069+0000] {dag.py:3834} INFO - Setting next_dagrun for example_task_group to 2025-12-29 00:00:00+00:00, run_after=2025-12-30 00:00:00+00:00
[2025-12-30T09:47:31.204+0000] {processor.py:183} INFO - Processing /home/airflow/.local/lib/python3.8/site-packages/airflow/example_dags/example_task_group.py took 0.394 seconds
[2025-12-30T09:48:01.808+0000] {processor.py:161} INFO - Started process (PID=155) to work on /home/airflow/.local/lib/python3.8/site-packages/airflow/example_dags/example_task_group.py
[2025-12-30T09:48:01.811+0000] {processor.py:830} INFO - Processing file /home/airflow/.local/lib/python3.8/site-packages/airflow/example_dags/example_task_group.py for tasks to queue
[2025-12-30T09:48:01.815+0000] {logging_mixin.py:188} INFO - [2025-12-30T09:48:01.815+0000] {dagbag.py:540} INFO - Filling up the DagBag from /home/airflow/.local/lib/python3.8/site-packages/airflow/example_dags/example_task_group.py
[2025-12-30T09:48:01.846+0000] {processor.py:840} INFO - DAG(s) 'example_task_group' retrieved from /home/airflow/.local/lib/python3.8/site-packages/airflow/example_dags/example_task_group.py
[2025-12-30T09:48:01.915+0000] {logging_mixin.py:188} INFO - [2025-12-30T09:48:01.914+0000] {dag.py:3047} INFO - Sync 1 DAGs
[2025-12-30T09:48:01.997+0000] {logging_mixin.py:188} INFO - [2025-12-30T09:48:01.996+0000] {dag.py:3834} INFO - Setting next_dagrun for example_task_group to 2025-12-29 00:00:00+00:00, run_after=2025-12-30 00:00:00+00:00
[2025-12-30T09:48:02.053+0000] {processor.py:183} INFO - Processing /home/airflow/.local/lib/python3.8/site-packages/airflow/example_dags/example_task_group.py took 0.250 seconds
[2025-12-30T09:50:05.013+0000] {processor.py:161} INFO - Started process (PID=206) to work on /home/airflow/.local/lib/python3.8/site-packages/airflow/example_dags/example_task_group.py
[2025-12-30T09:50:05.016+0000] {processor.py:830} INFO - Processing file /home/airflow/.local/lib/python3.8/site-packages/airflow/example_dags/example_task_group.py for tasks to queue
[2025-12-30T09:50:05.018+0000] {logging_mixin.py:188} INFO - [2025-12-30T09:50:05.018+0000] {dagbag.py:540} INFO - Filling up the DagBag from /home/airflow/.local/lib/python3.8/site-packages/airflow/example_dags/example_task_group.py
[2025-12-30T09:50:05.061+0000] {processor.py:840} INFO - DAG(s) 'example_task_group' retrieved from /home/airflow/.local/lib/python3.8/site-packages/airflow/example_dags/example_task_group.py
[2025-12-30T09:50:05.116+0000] {logging_mixin.py:188} INFO - [2025-12-30T09:50:05.116+0000] {dag.py:3047} INFO - Sync 1 DAGs
[2025-12-30T09:50:05.160+0000] {logging_mixin.py:188} INFO - [2025-12-30T09:50:05.160+0000] {dag.py:3834} INFO - Setting next_dagrun for example_task_group to 2025-12-29 00:00:00+00:00, run_after=2025-12-30 00:00:00+00:00
[2025-12-30T09:50:05.229+0000] {processor.py:183} INFO - Processing /home/airflow/.local/lib/python3.8/site-packages/airflow/example_dags/example_task_group.py took 0.223 seconds
[2025-12-30T09:53:13.649+0000] {processor.py:161} INFO - Started process (PID=260) to work on /home/airflow/.local/lib/python3.8/site-packages/airflow/example_dags/example_task_group.py
[2025-12-30T09:53:13.651+0000] {processor.py:830} INFO - Processing file /home/airflow/.local/lib/python3.8/site-packages/airflow/example_dags/example_task_group.py for tasks to queue
[2025-12-30T09:53:13.653+0000] {logging_mixin.py:188} INFO - [2025-12-30T09:53:13.652+0000] {dagbag.py:540} INFO - Filling up the DagBag from /home/airflow/.local/lib/python3.8/site-packages/airflow/example_dags/example_task_group.py
[2025-12-30T09:53:13.687+0000] {processor.py:840} INFO - DAG(s) 'example_task_group' retrieved from /home/airflow/.local/lib/python3.8/site-packages/airflow/example_dags/example_task_group.py
[2025-12-30T09:53:13.760+0000] {logging_mixin.py:188} INFO - [2025-12-30T09:53:13.759+0000] {dag.py:3047} INFO - Sync 1 DAGs
[2025-12-30T09:53:13.843+0000] {logging_mixin.py:188} INFO - [2025-12-30T09:53:13.841+0000] {dag.py:3834} INFO - Setting next_dagrun for example_task_group to 2025-12-29 00:00:00+00:00, run_after=2025-12-30 00:00:00+00:00
[2025-12-30T09:53:13.914+0000] {processor.py:183} INFO - Processing /home/airflow/.local/lib/python3.8/site-packages/airflow/example_dags/example_task_group.py took 0.283 seconds
[2025-12-30T09:53:44.466+0000] {processor.py:161} INFO - Started process (PID=315) to work on /home/airflow/.local/lib/python3.8/site-packages/airflow/example_dags/example_task_group.py
[2025-12-30T09:53:44.468+0000] {processor.py:830} INFO - Processing file /home/airflow/.local/lib/python3.8/site-packages/airflow/example_dags/example_task_group.py for tasks to queue
[2025-12-30T09:53:44.470+0000] {logging_mixin.py:188} INFO - [2025-12-30T09:53:44.469+0000] {dagbag.py:540} INFO - Filling up the DagBag from /home/airflow/.local/lib/python3.8/site-packages/airflow/example_dags/example_task_group.py
[2025-12-30T09:53:44.487+0000] {processor.py:840} INFO - DAG(s) 'example_task_group' retrieved from /home/airflow/.local/lib/python3.8/site-packages/airflow/example_dags/example_task_group.py
[2025-12-30T09:53:44.539+0000] {logging_mixin.py:188} INFO - [2025-12-30T09:53:44.534+0000] {dag.py:3047} INFO - Sync 1 DAGs
[2025-12-30T09:53:44.586+0000] {logging_mixin.py:188} INFO - [2025-12-30T09:53:44.586+0000] {dag.py:3834} INFO - Setting next_dagrun for example_task_group to 2025-12-29 00:00:00+00:00, run_after=2025-12-30 00:00:00+00:00
[2025-12-30T09:53:44.640+0000] {processor.py:183} INFO - Processing /home/airflow/.local/lib/python3.8/site-packages/airflow/example_dags/example_task_group.py took 0.182 seconds
[2025-12-30T09:58:53.920+0000] {processor.py:161} INFO - Started process (PID=362) to work on /home/airflow/.local/lib/python3.8/site-packages/airflow/example_dags/example_task_group.py
[2025-12-30T09:58:53.926+0000] {processor.py:830} INFO - Processing file /home/airflow/.local/lib/python3.8/site-packages/airflow/example_dags/example_task_group.py for tasks to queue
[2025-12-30T09:58:53.942+0000] {logging_mixin.py:188} INFO - [2025-12-30T09:58:53.928+0000] {dagbag.py:540} INFO - Filling up the DagBag from /home/airflow/.local/lib/python3.8/site-packages/airflow/example_dags/example_task_group.py
[2025-12-30T09:58:54.095+0000] {processor.py:840} INFO - DAG(s) 'example_task_group' retrieved from /home/airflow/.local/lib/python3.8/site-packages/airflow/example_dags/example_task_group.py
[2025-12-30T09:59:16.675+0000] {logging_mixin.py:188} INFO - [2025-12-30T09:59:16.670+0000] {dag.py:3047} INFO - Sync 1 DAGs
[2025-12-30T09:59:16.897+0000] {logging_mixin.py:188} INFO - [2025-12-30T09:59:16.896+0000] {dag.py:3834} INFO - Setting next_dagrun for example_task_group to 2025-12-29 00:00:00+00:00, run_after=2025-12-30 00:00:00+00:00
[2025-12-30T09:59:16.987+0000] {processor.py:183} INFO - Processing /home/airflow/.local/lib/python3.8/site-packages/airflow/example_dags/example_task_group.py took 23.032 seconds
[2025-12-30T10:00:34.842+0000] {processor.py:161} INFO - Started process (PID=430) to work on /home/airflow/.local/lib/python3.8/site-packages/airflow/example_dags/example_task_group.py
[2025-12-30T10:00:34.845+0000] {processor.py:830} INFO - Processing file /home/airflow/.local/lib/python3.8/site-packages/airflow/example_dags/example_task_group.py for tasks to queue
[2025-12-30T10:00:34.846+0000] {logging_mixin.py:188} INFO - [2025-12-30T10:00:34.846+0000] {dagbag.py:540} INFO - Filling up the DagBag from /home/airflow/.local/lib/python3.8/site-packages/airflow/example_dags/example_task_group.py
[2025-12-30T10:00:34.860+0000] {processor.py:840} INFO - DAG(s) 'example_task_group' retrieved from /home/airflow/.local/lib/python3.8/site-packages/airflow/example_dags/example_task_group.py
[2025-12-30T10:00:34.894+0000] {logging_mixin.py:188} INFO - [2025-12-30T10:00:34.893+0000] {dag.py:3047} INFO - Sync 1 DAGs
[2025-12-30T10:00:34.930+0000] {logging_mixin.py:188} INFO - [2025-12-30T10:00:34.930+0000] {dag.py:3834} INFO - Setting next_dagrun for example_task_group to 2025-12-29 00:00:00+00:00, run_after=2025-12-30 00:00:00+00:00
[2025-12-30T10:00:34.958+0000] {processor.py:183} INFO - Processing /home/airflow/.local/lib/python3.8/site-packages/airflow/example_dags/example_task_group.py took 0.124 seconds
