[2025-12-30T09:47:32.068+0000] {processor.py:161} INFO - Started process (PID=109) to work on /home/airflow/.local/lib/python3.8/site-packages/airflow/example_dags/example_complex.py
[2025-12-30T09:47:32.069+0000] {processor.py:830} INFO - Processing file /home/airflow/.local/lib/python3.8/site-packages/airflow/example_dags/example_complex.py for tasks to queue
[2025-12-30T09:47:32.074+0000] {logging_mixin.py:188} INFO - [2025-12-30T09:47:32.074+0000] {dagbag.py:540} INFO - Filling up the DagBag from /home/airflow/.local/lib/python3.8/site-packages/airflow/example_dags/example_complex.py
[2025-12-30T09:47:32.105+0000] {processor.py:840} INFO - DAG(s) 'example_complex' retrieved from /home/airflow/.local/lib/python3.8/site-packages/airflow/example_dags/example_complex.py
[2025-12-30T09:47:32.627+0000] {logging_mixin.py:188} INFO - [2025-12-30T09:47:32.625+0000] {dag.py:3047} INFO - Sync 1 DAGs
[2025-12-30T09:47:32.731+0000] {logging_mixin.py:188} INFO - [2025-12-30T09:47:32.731+0000] {dag.py:3834} INFO - Setting next_dagrun for example_complex to None, run_after=None
[2025-12-30T09:47:32.835+0000] {processor.py:183} INFO - Processing /home/airflow/.local/lib/python3.8/site-packages/airflow/example_dags/example_complex.py took 0.774 seconds
[2025-12-30T09:48:03.985+0000] {processor.py:161} INFO - Started process (PID=163) to work on /home/airflow/.local/lib/python3.8/site-packages/airflow/example_dags/example_complex.py
[2025-12-30T09:48:04.028+0000] {processor.py:830} INFO - Processing file /home/airflow/.local/lib/python3.8/site-packages/airflow/example_dags/example_complex.py for tasks to queue
[2025-12-30T09:48:04.098+0000] {logging_mixin.py:188} INFO - [2025-12-30T09:48:04.029+0000] {dagbag.py:540} INFO - Filling up the DagBag from /home/airflow/.local/lib/python3.8/site-packages/airflow/example_dags/example_complex.py
[2025-12-30T09:48:04.478+0000] {processor.py:840} INFO - DAG(s) 'example_complex' retrieved from /home/airflow/.local/lib/python3.8/site-packages/airflow/example_dags/example_complex.py
[2025-12-30T09:48:38.776+0000] {logging_mixin.py:188} INFO - [2025-12-30T09:48:38.774+0000] {dag.py:3047} INFO - Sync 1 DAGs
[2025-12-30T09:48:38.855+0000] {logging_mixin.py:188} INFO - [2025-12-30T09:48:38.855+0000] {dag.py:3834} INFO - Setting next_dagrun for example_complex to None, run_after=None
[2025-12-30T09:48:39.014+0000] {processor.py:183} INFO - Processing /home/airflow/.local/lib/python3.8/site-packages/airflow/example_dags/example_complex.py took 35.136 seconds
[2025-12-30T09:50:05.820+0000] {processor.py:161} INFO - Started process (PID=211) to work on /home/airflow/.local/lib/python3.8/site-packages/airflow/example_dags/example_complex.py
[2025-12-30T09:50:05.822+0000] {processor.py:830} INFO - Processing file /home/airflow/.local/lib/python3.8/site-packages/airflow/example_dags/example_complex.py for tasks to queue
[2025-12-30T09:50:05.824+0000] {logging_mixin.py:188} INFO - [2025-12-30T09:50:05.823+0000] {dagbag.py:540} INFO - Filling up the DagBag from /home/airflow/.local/lib/python3.8/site-packages/airflow/example_dags/example_complex.py
[2025-12-30T09:50:05.852+0000] {processor.py:840} INFO - DAG(s) 'example_complex' retrieved from /home/airflow/.local/lib/python3.8/site-packages/airflow/example_dags/example_complex.py
[2025-12-30T09:50:05.911+0000] {logging_mixin.py:188} INFO - [2025-12-30T09:50:05.910+0000] {dag.py:3047} INFO - Sync 1 DAGs
[2025-12-30T09:50:05.928+0000] {logging_mixin.py:188} INFO - [2025-12-30T09:50:05.927+0000] {dag.py:3834} INFO - Setting next_dagrun for example_complex to None, run_after=None
[2025-12-30T09:50:05.966+0000] {processor.py:183} INFO - Processing /home/airflow/.local/lib/python3.8/site-packages/airflow/example_dags/example_complex.py took 0.152 seconds
[2025-12-30T09:53:14.297+0000] {processor.py:161} INFO - Started process (PID=263) to work on /home/airflow/.local/lib/python3.8/site-packages/airflow/example_dags/example_complex.py
[2025-12-30T09:53:14.301+0000] {processor.py:830} INFO - Processing file /home/airflow/.local/lib/python3.8/site-packages/airflow/example_dags/example_complex.py for tasks to queue
[2025-12-30T09:53:14.303+0000] {logging_mixin.py:188} INFO - [2025-12-30T09:53:14.302+0000] {dagbag.py:540} INFO - Filling up the DagBag from /home/airflow/.local/lib/python3.8/site-packages/airflow/example_dags/example_complex.py
[2025-12-30T09:53:14.359+0000] {processor.py:840} INFO - DAG(s) 'example_complex' retrieved from /home/airflow/.local/lib/python3.8/site-packages/airflow/example_dags/example_complex.py
[2025-12-30T09:53:14.658+0000] {logging_mixin.py:188} INFO - [2025-12-30T09:53:14.657+0000] {dag.py:3047} INFO - Sync 1 DAGs
[2025-12-30T09:53:14.689+0000] {logging_mixin.py:188} INFO - [2025-12-30T09:53:14.689+0000] {dag.py:3834} INFO - Setting next_dagrun for example_complex to None, run_after=None
[2025-12-30T09:53:14.759+0000] {processor.py:183} INFO - Processing /home/airflow/.local/lib/python3.8/site-packages/airflow/example_dags/example_complex.py took 0.470 seconds
[2025-12-30T09:53:45.348+0000] {processor.py:161} INFO - Started process (PID=318) to work on /home/airflow/.local/lib/python3.8/site-packages/airflow/example_dags/example_complex.py
[2025-12-30T09:53:45.353+0000] {processor.py:830} INFO - Processing file /home/airflow/.local/lib/python3.8/site-packages/airflow/example_dags/example_complex.py for tasks to queue
[2025-12-30T09:53:45.364+0000] {logging_mixin.py:188} INFO - [2025-12-30T09:53:45.356+0000] {dagbag.py:540} INFO - Filling up the DagBag from /home/airflow/.local/lib/python3.8/site-packages/airflow/example_dags/example_complex.py
[2025-12-30T09:53:45.416+0000] {processor.py:840} INFO - DAG(s) 'example_complex' retrieved from /home/airflow/.local/lib/python3.8/site-packages/airflow/example_dags/example_complex.py
[2025-12-30T09:53:45.548+0000] {logging_mixin.py:188} INFO - [2025-12-30T09:53:45.548+0000] {dag.py:3047} INFO - Sync 1 DAGs
[2025-12-30T09:53:45.588+0000] {logging_mixin.py:188} INFO - [2025-12-30T09:53:45.587+0000] {dag.py:3834} INFO - Setting next_dagrun for example_complex to None, run_after=None
[2025-12-30T09:53:45.634+0000] {processor.py:183} INFO - Processing /home/airflow/.local/lib/python3.8/site-packages/airflow/example_dags/example_complex.py took 0.313 seconds
[2025-12-30T09:59:17.515+0000] {processor.py:161} INFO - Started process (PID=371) to work on /home/airflow/.local/lib/python3.8/site-packages/airflow/example_dags/example_complex.py
[2025-12-30T09:59:17.522+0000] {processor.py:830} INFO - Processing file /home/airflow/.local/lib/python3.8/site-packages/airflow/example_dags/example_complex.py for tasks to queue
[2025-12-30T09:59:17.525+0000] {logging_mixin.py:188} INFO - [2025-12-30T09:59:17.524+0000] {dagbag.py:540} INFO - Filling up the DagBag from /home/airflow/.local/lib/python3.8/site-packages/airflow/example_dags/example_complex.py
[2025-12-30T09:59:17.552+0000] {processor.py:840} INFO - DAG(s) 'example_complex' retrieved from /home/airflow/.local/lib/python3.8/site-packages/airflow/example_dags/example_complex.py
[2025-12-30T09:59:17.640+0000] {logging_mixin.py:188} INFO - [2025-12-30T09:59:17.640+0000] {dag.py:3047} INFO - Sync 1 DAGs
[2025-12-30T09:59:17.679+0000] {logging_mixin.py:188} INFO - [2025-12-30T09:59:17.678+0000] {dag.py:3834} INFO - Setting next_dagrun for example_complex to None, run_after=None
[2025-12-30T09:59:17.749+0000] {processor.py:183} INFO - Processing /home/airflow/.local/lib/python3.8/site-packages/airflow/example_dags/example_complex.py took 0.240 seconds
[2025-12-30T10:00:35.072+0000] {processor.py:161} INFO - Started process (PID=433) to work on /home/airflow/.local/lib/python3.8/site-packages/airflow/example_dags/example_complex.py
[2025-12-30T10:00:35.074+0000] {processor.py:830} INFO - Processing file /home/airflow/.local/lib/python3.8/site-packages/airflow/example_dags/example_complex.py for tasks to queue
[2025-12-30T10:00:35.075+0000] {logging_mixin.py:188} INFO - [2025-12-30T10:00:35.075+0000] {dagbag.py:540} INFO - Filling up the DagBag from /home/airflow/.local/lib/python3.8/site-packages/airflow/example_dags/example_complex.py
[2025-12-30T10:00:35.092+0000] {processor.py:840} INFO - DAG(s) 'example_complex' retrieved from /home/airflow/.local/lib/python3.8/site-packages/airflow/example_dags/example_complex.py
[2025-12-30T10:00:35.143+0000] {logging_mixin.py:188} INFO - [2025-12-30T10:00:35.143+0000] {dag.py:3047} INFO - Sync 1 DAGs
[2025-12-30T10:00:35.163+0000] {logging_mixin.py:188} INFO - [2025-12-30T10:00:35.163+0000] {dag.py:3834} INFO - Setting next_dagrun for example_complex to None, run_after=None
[2025-12-30T10:00:35.195+0000] {processor.py:183} INFO - Processing /home/airflow/.local/lib/python3.8/site-packages/airflow/example_dags/example_complex.py took 0.128 seconds
