[2025-12-30T09:47:19.084+0000] {processor.py:161} INFO - Started process (PID=85) to work on /home/airflow/.local/lib/python3.8/site-packages/airflow/example_dags/example_subdag_operator.py
[2025-12-30T09:47:19.086+0000] {processor.py:830} INFO - Processing file /home/airflow/.local/lib/python3.8/site-packages/airflow/example_dags/example_subdag_operator.py for tasks to queue
[2025-12-30T09:47:19.088+0000] {logging_mixin.py:188} INFO - [2025-12-30T09:47:19.087+0000] {dagbag.py:540} INFO - Filling up the DagBag from /home/airflow/.local/lib/python3.8/site-packages/airflow/example_dags/example_subdag_operator.py
[2025-12-30T09:47:20.053+0000] {processor.py:840} INFO - DAG(s) 'example_subdag_operator.section-1', 'example_subdag_operator.section-2', 'example_subdag_operator' retrieved from /home/airflow/.local/lib/python3.8/site-packages/airflow/example_dags/example_subdag_operator.py
[2025-12-30T09:47:20.204+0000] {logging_mixin.py:188} INFO - [2025-12-30T09:47:20.204+0000] {dag.py:3047} INFO - Sync 3 DAGs
[2025-12-30T09:47:20.243+0000] {logging_mixin.py:188} INFO - [2025-12-30T09:47:20.243+0000] {dag.py:3834} INFO - Setting next_dagrun for example_subdag_operator to 2022-01-01 00:00:00+00:00, run_after=2022-01-01 00:00:00+00:00
[2025-12-30T09:47:20.250+0000] {logging_mixin.py:188} INFO - [2025-12-30T09:47:20.250+0000] {dag.py:3834} INFO - Setting next_dagrun for example_subdag_operator.section-1 to None, run_after=None
[2025-12-30T09:47:20.253+0000] {logging_mixin.py:188} INFO - [2025-12-30T09:47:20.252+0000] {dag.py:3834} INFO - Setting next_dagrun for example_subdag_operator.section-2 to None, run_after=None
[2025-12-30T09:47:20.276+0000] {logging_mixin.py:188} INFO - [2025-12-30T09:47:20.276+0000] {dag.py:3047} INFO - Sync 2 DAGs
[2025-12-30T09:47:20.283+0000] {logging_mixin.py:188} INFO - [2025-12-30T09:47:20.283+0000] {dag.py:3834} INFO - Setting next_dagrun for example_subdag_operator.section-1 to None, run_after=None
[2025-12-30T09:47:20.284+0000] {logging_mixin.py:188} INFO - [2025-12-30T09:47:20.284+0000] {dag.py:3834} INFO - Setting next_dagrun for example_subdag_operator.section-2 to None, run_after=None
[2025-12-30T09:47:20.607+0000] {processor.py:183} INFO - Processing /home/airflow/.local/lib/python3.8/site-packages/airflow/example_dags/example_subdag_operator.py took 1.533 seconds
[2025-12-30T09:47:50.902+0000] {processor.py:161} INFO - Started process (PID=140) to work on /home/airflow/.local/lib/python3.8/site-packages/airflow/example_dags/example_subdag_operator.py
[2025-12-30T09:47:50.904+0000] {processor.py:830} INFO - Processing file /home/airflow/.local/lib/python3.8/site-packages/airflow/example_dags/example_subdag_operator.py for tasks to queue
[2025-12-30T09:47:50.907+0000] {logging_mixin.py:188} INFO - [2025-12-30T09:47:50.907+0000] {dagbag.py:540} INFO - Filling up the DagBag from /home/airflow/.local/lib/python3.8/site-packages/airflow/example_dags/example_subdag_operator.py
[2025-12-30T09:47:50.965+0000] {processor.py:840} INFO - DAG(s) 'example_subdag_operator.section-1', 'example_subdag_operator.section-2', 'example_subdag_operator' retrieved from /home/airflow/.local/lib/python3.8/site-packages/airflow/example_dags/example_subdag_operator.py
[2025-12-30T09:47:51.006+0000] {logging_mixin.py:188} INFO - [2025-12-30T09:47:51.006+0000] {dag.py:3047} INFO - Sync 3 DAGs
[2025-12-30T09:47:51.045+0000] {logging_mixin.py:188} INFO - [2025-12-30T09:47:51.044+0000] {dag.py:3834} INFO - Setting next_dagrun for example_subdag_operator to 2022-01-01 00:00:00+00:00, run_after=2022-01-01 00:00:00+00:00
[2025-12-30T09:47:51.051+0000] {logging_mixin.py:188} INFO - [2025-12-30T09:47:51.051+0000] {dag.py:3834} INFO - Setting next_dagrun for example_subdag_operator.section-1 to None, run_after=None
[2025-12-30T09:47:51.054+0000] {logging_mixin.py:188} INFO - [2025-12-30T09:47:51.053+0000] {dag.py:3834} INFO - Setting next_dagrun for example_subdag_operator.section-2 to None, run_after=None
[2025-12-30T09:47:51.066+0000] {logging_mixin.py:188} INFO - [2025-12-30T09:47:51.066+0000] {dag.py:3047} INFO - Sync 2 DAGs
[2025-12-30T09:47:51.080+0000] {logging_mixin.py:188} INFO - [2025-12-30T09:47:51.080+0000] {dag.py:3834} INFO - Setting next_dagrun for example_subdag_operator.section-1 to None, run_after=None
[2025-12-30T09:47:51.081+0000] {logging_mixin.py:188} INFO - [2025-12-30T09:47:51.081+0000] {dag.py:3834} INFO - Setting next_dagrun for example_subdag_operator.section-2 to None, run_after=None
[2025-12-30T09:47:51.117+0000] {processor.py:183} INFO - Processing /home/airflow/.local/lib/python3.8/site-packages/airflow/example_dags/example_subdag_operator.py took 0.221 seconds
[2025-12-30T09:50:02.168+0000] {processor.py:161} INFO - Started process (PID=191) to work on /home/airflow/.local/lib/python3.8/site-packages/airflow/example_dags/example_subdag_operator.py
[2025-12-30T09:50:02.169+0000] {processor.py:830} INFO - Processing file /home/airflow/.local/lib/python3.8/site-packages/airflow/example_dags/example_subdag_operator.py for tasks to queue
[2025-12-30T09:50:02.173+0000] {logging_mixin.py:188} INFO - [2025-12-30T09:50:02.172+0000] {dagbag.py:540} INFO - Filling up the DagBag from /home/airflow/.local/lib/python3.8/site-packages/airflow/example_dags/example_subdag_operator.py
[2025-12-30T09:50:02.236+0000] {processor.py:840} INFO - DAG(s) 'example_subdag_operator.section-1', 'example_subdag_operator.section-2', 'example_subdag_operator' retrieved from /home/airflow/.local/lib/python3.8/site-packages/airflow/example_dags/example_subdag_operator.py
[2025-12-30T09:50:02.269+0000] {logging_mixin.py:188} INFO - [2025-12-30T09:50:02.269+0000] {dag.py:3047} INFO - Sync 3 DAGs
[2025-12-30T09:50:02.305+0000] {logging_mixin.py:188} INFO - [2025-12-30T09:50:02.304+0000] {dag.py:3834} INFO - Setting next_dagrun for example_subdag_operator to 2022-01-01 00:00:00+00:00, run_after=2022-01-01 00:00:00+00:00
[2025-12-30T09:50:02.316+0000] {logging_mixin.py:188} INFO - [2025-12-30T09:50:02.314+0000] {dag.py:3834} INFO - Setting next_dagrun for example_subdag_operator.section-1 to None, run_after=None
[2025-12-30T09:50:02.319+0000] {logging_mixin.py:188} INFO - [2025-12-30T09:50:02.318+0000] {dag.py:3834} INFO - Setting next_dagrun for example_subdag_operator.section-2 to None, run_after=None
[2025-12-30T09:50:02.332+0000] {logging_mixin.py:188} INFO - [2025-12-30T09:50:02.332+0000] {dag.py:3047} INFO - Sync 2 DAGs
[2025-12-30T09:50:02.342+0000] {logging_mixin.py:188} INFO - [2025-12-30T09:50:02.341+0000] {dag.py:3834} INFO - Setting next_dagrun for example_subdag_operator.section-1 to None, run_after=None
[2025-12-30T09:50:02.342+0000] {logging_mixin.py:188} INFO - [2025-12-30T09:50:02.342+0000] {dag.py:3834} INFO - Setting next_dagrun for example_subdag_operator.section-2 to None, run_after=None
[2025-12-30T09:50:02.364+0000] {processor.py:183} INFO - Processing /home/airflow/.local/lib/python3.8/site-packages/airflow/example_dags/example_subdag_operator.py took 0.202 seconds
[2025-12-30T09:51:54.733+0000] {processor.py:161} INFO - Started process (PID=245) to work on /home/airflow/.local/lib/python3.8/site-packages/airflow/example_dags/example_subdag_operator.py
[2025-12-30T09:51:54.735+0000] {processor.py:830} INFO - Processing file /home/airflow/.local/lib/python3.8/site-packages/airflow/example_dags/example_subdag_operator.py for tasks to queue
[2025-12-30T09:51:54.739+0000] {logging_mixin.py:188} INFO - [2025-12-30T09:51:54.736+0000] {dagbag.py:540} INFO - Filling up the DagBag from /home/airflow/.local/lib/python3.8/site-packages/airflow/example_dags/example_subdag_operator.py
[2025-12-30T09:51:55.095+0000] {processor.py:840} INFO - DAG(s) 'example_subdag_operator.section-1', 'example_subdag_operator.section-2', 'example_subdag_operator' retrieved from /home/airflow/.local/lib/python3.8/site-packages/airflow/example_dags/example_subdag_operator.py
[2025-12-30T09:51:55.145+0000] {logging_mixin.py:188} INFO - [2025-12-30T09:51:55.140+0000] {dag.py:3047} INFO - Sync 3 DAGs
[2025-12-30T09:51:55.192+0000] {logging_mixin.py:188} INFO - [2025-12-30T09:51:55.191+0000] {dag.py:3834} INFO - Setting next_dagrun for example_subdag_operator to 2022-01-01 00:00:00+00:00, run_after=2022-01-01 00:00:00+00:00
[2025-12-30T09:51:55.199+0000] {logging_mixin.py:188} INFO - [2025-12-30T09:51:55.198+0000] {dag.py:3834} INFO - Setting next_dagrun for example_subdag_operator.section-1 to None, run_after=None
[2025-12-30T09:51:55.202+0000] {logging_mixin.py:188} INFO - [2025-12-30T09:51:55.201+0000] {dag.py:3834} INFO - Setting next_dagrun for example_subdag_operator.section-2 to None, run_after=None
[2025-12-30T09:51:55.225+0000] {logging_mixin.py:188} INFO - [2025-12-30T09:51:55.225+0000] {dag.py:3047} INFO - Sync 2 DAGs
[2025-12-30T09:51:55.233+0000] {logging_mixin.py:188} INFO - [2025-12-30T09:51:55.233+0000] {dag.py:3834} INFO - Setting next_dagrun for example_subdag_operator.section-1 to None, run_after=None
[2025-12-30T09:51:55.234+0000] {logging_mixin.py:188} INFO - [2025-12-30T09:51:55.234+0000] {dag.py:3834} INFO - Setting next_dagrun for example_subdag_operator.section-2 to None, run_after=None
[2025-12-30T09:51:55.890+0000] {processor.py:183} INFO - Processing /home/airflow/.local/lib/python3.8/site-packages/airflow/example_dags/example_subdag_operator.py took 1.166 seconds
[2025-12-30T09:53:37.525+0000] {processor.py:161} INFO - Started process (PID=292) to work on /home/airflow/.local/lib/python3.8/site-packages/airflow/example_dags/example_subdag_operator.py
[2025-12-30T09:53:37.537+0000] {processor.py:830} INFO - Processing file /home/airflow/.local/lib/python3.8/site-packages/airflow/example_dags/example_subdag_operator.py for tasks to queue
[2025-12-30T09:53:37.540+0000] {logging_mixin.py:188} INFO - [2025-12-30T09:53:37.539+0000] {dagbag.py:540} INFO - Filling up the DagBag from /home/airflow/.local/lib/python3.8/site-packages/airflow/example_dags/example_subdag_operator.py
[2025-12-30T09:53:37.774+0000] {processor.py:840} INFO - DAG(s) 'example_subdag_operator.section-1', 'example_subdag_operator.section-2', 'example_subdag_operator' retrieved from /home/airflow/.local/lib/python3.8/site-packages/airflow/example_dags/example_subdag_operator.py
[2025-12-30T09:53:37.833+0000] {logging_mixin.py:188} INFO - [2025-12-30T09:53:37.833+0000] {dag.py:3047} INFO - Sync 3 DAGs
[2025-12-30T09:53:37.983+0000] {logging_mixin.py:188} INFO - [2025-12-30T09:53:37.983+0000] {dag.py:3834} INFO - Setting next_dagrun for example_subdag_operator to 2022-01-01 00:00:00+00:00, run_after=2022-01-01 00:00:00+00:00
[2025-12-30T09:53:37.993+0000] {logging_mixin.py:188} INFO - [2025-12-30T09:53:37.993+0000] {dag.py:3834} INFO - Setting next_dagrun for example_subdag_operator.section-1 to None, run_after=None
[2025-12-30T09:53:37.997+0000] {logging_mixin.py:188} INFO - [2025-12-30T09:53:37.996+0000] {dag.py:3834} INFO - Setting next_dagrun for example_subdag_operator.section-2 to None, run_after=None
[2025-12-30T09:53:38.018+0000] {logging_mixin.py:188} INFO - [2025-12-30T09:53:38.017+0000] {dag.py:3047} INFO - Sync 2 DAGs
[2025-12-30T09:53:38.030+0000] {logging_mixin.py:188} INFO - [2025-12-30T09:53:38.029+0000] {dag.py:3834} INFO - Setting next_dagrun for example_subdag_operator.section-1 to None, run_after=None
[2025-12-30T09:53:38.033+0000] {logging_mixin.py:188} INFO - [2025-12-30T09:53:38.033+0000] {dag.py:3834} INFO - Setting next_dagrun for example_subdag_operator.section-2 to None, run_after=None
[2025-12-30T09:53:38.071+0000] {processor.py:183} INFO - Processing /home/airflow/.local/lib/python3.8/site-packages/airflow/example_dags/example_subdag_operator.py took 0.576 seconds
[2025-12-30T09:56:07.109+0000] {processor.py:161} INFO - Started process (PID=347) to work on /home/airflow/.local/lib/python3.8/site-packages/airflow/example_dags/example_subdag_operator.py
[2025-12-30T09:56:07.113+0000] {processor.py:830} INFO - Processing file /home/airflow/.local/lib/python3.8/site-packages/airflow/example_dags/example_subdag_operator.py for tasks to queue
[2025-12-30T09:56:07.116+0000] {logging_mixin.py:188} INFO - [2025-12-30T09:56:07.115+0000] {dagbag.py:540} INFO - Filling up the DagBag from /home/airflow/.local/lib/python3.8/site-packages/airflow/example_dags/example_subdag_operator.py
[2025-12-30T09:56:07.245+0000] {processor.py:840} INFO - DAG(s) 'example_subdag_operator.section-1', 'example_subdag_operator.section-2', 'example_subdag_operator' retrieved from /home/airflow/.local/lib/python3.8/site-packages/airflow/example_dags/example_subdag_operator.py
[2025-12-30T09:56:07.313+0000] {logging_mixin.py:188} INFO - [2025-12-30T09:56:07.312+0000] {dag.py:3047} INFO - Sync 3 DAGs
[2025-12-30T09:56:07.420+0000] {logging_mixin.py:188} INFO - [2025-12-30T09:56:07.419+0000] {dag.py:3834} INFO - Setting next_dagrun for example_subdag_operator to 2022-01-01 00:00:00+00:00, run_after=2022-01-01 00:00:00+00:00
[2025-12-30T09:56:07.441+0000] {logging_mixin.py:188} INFO - [2025-12-30T09:56:07.440+0000] {dag.py:3834} INFO - Setting next_dagrun for example_subdag_operator.section-1 to None, run_after=None
[2025-12-30T09:56:07.444+0000] {logging_mixin.py:188} INFO - [2025-12-30T09:56:07.444+0000] {dag.py:3834} INFO - Setting next_dagrun for example_subdag_operator.section-2 to None, run_after=None
[2025-12-30T09:56:07.472+0000] {logging_mixin.py:188} INFO - [2025-12-30T09:56:07.472+0000] {dag.py:3047} INFO - Sync 2 DAGs
[2025-12-30T09:56:07.490+0000] {logging_mixin.py:188} INFO - [2025-12-30T09:56:07.489+0000] {dag.py:3834} INFO - Setting next_dagrun for example_subdag_operator.section-1 to None, run_after=None
[2025-12-30T09:56:07.491+0000] {logging_mixin.py:188} INFO - [2025-12-30T09:56:07.491+0000] {dag.py:3834} INFO - Setting next_dagrun for example_subdag_operator.section-2 to None, run_after=None
[2025-12-30T09:56:07.529+0000] {processor.py:183} INFO - Processing /home/airflow/.local/lib/python3.8/site-packages/airflow/example_dags/example_subdag_operator.py took 0.431 seconds
[2025-12-30T10:00:31.969+0000] {processor.py:161} INFO - Started process (PID=408) to work on /home/airflow/.local/lib/python3.8/site-packages/airflow/example_dags/example_subdag_operator.py
[2025-12-30T10:00:31.972+0000] {processor.py:830} INFO - Processing file /home/airflow/.local/lib/python3.8/site-packages/airflow/example_dags/example_subdag_operator.py for tasks to queue
[2025-12-30T10:00:31.974+0000] {logging_mixin.py:188} INFO - [2025-12-30T10:00:31.973+0000] {dagbag.py:540} INFO - Filling up the DagBag from /home/airflow/.local/lib/python3.8/site-packages/airflow/example_dags/example_subdag_operator.py
[2025-12-30T10:00:32.034+0000] {processor.py:840} INFO - DAG(s) 'example_subdag_operator.section-1', 'example_subdag_operator.section-2', 'example_subdag_operator' retrieved from /home/airflow/.local/lib/python3.8/site-packages/airflow/example_dags/example_subdag_operator.py
[2025-12-30T10:00:32.067+0000] {logging_mixin.py:188} INFO - [2025-12-30T10:00:32.067+0000] {dag.py:3047} INFO - Sync 3 DAGs
[2025-12-30T10:00:32.105+0000] {logging_mixin.py:188} INFO - [2025-12-30T10:00:32.104+0000] {dag.py:3834} INFO - Setting next_dagrun for example_subdag_operator to 2022-01-01 00:00:00+00:00, run_after=2022-01-01 00:00:00+00:00
[2025-12-30T10:00:32.114+0000] {logging_mixin.py:188} INFO - [2025-12-30T10:00:32.113+0000] {dag.py:3834} INFO - Setting next_dagrun for example_subdag_operator.section-1 to None, run_after=None
[2025-12-30T10:00:32.119+0000] {logging_mixin.py:188} INFO - [2025-12-30T10:00:32.118+0000] {dag.py:3834} INFO - Setting next_dagrun for example_subdag_operator.section-2 to None, run_after=None
[2025-12-30T10:00:32.136+0000] {logging_mixin.py:188} INFO - [2025-12-30T10:00:32.135+0000] {dag.py:3047} INFO - Sync 2 DAGs
[2025-12-30T10:00:32.150+0000] {logging_mixin.py:188} INFO - [2025-12-30T10:00:32.149+0000] {dag.py:3834} INFO - Setting next_dagrun for example_subdag_operator.section-1 to None, run_after=None
[2025-12-30T10:00:32.150+0000] {logging_mixin.py:188} INFO - [2025-12-30T10:00:32.150+0000] {dag.py:3834} INFO - Setting next_dagrun for example_subdag_operator.section-2 to None, run_after=None
[2025-12-30T10:00:32.178+0000] {processor.py:183} INFO - Processing /home/airflow/.local/lib/python3.8/site-packages/airflow/example_dags/example_subdag_operator.py took 0.215 seconds
