[2025-12-30T09:47:08.718+0000] {processor.py:161} INFO - Started process (PID=75) to work on /home/airflow/.local/lib/python3.8/site-packages/airflow/example_dags/example_external_task_marker_dag.py
[2025-12-30T09:47:08.720+0000] {processor.py:830} INFO - Processing file /home/airflow/.local/lib/python3.8/site-packages/airflow/example_dags/example_external_task_marker_dag.py for tasks to queue
[2025-12-30T09:47:08.723+0000] {logging_mixin.py:188} INFO - [2025-12-30T09:47:08.722+0000] {dagbag.py:540} INFO - Filling up the DagBag from /home/airflow/.local/lib/python3.8/site-packages/airflow/example_dags/example_external_task_marker_dag.py
[2025-12-30T09:47:08.743+0000] {processor.py:840} INFO - DAG(s) 'example_external_task_marker_child', 'example_external_task_marker_parent' retrieved from /home/airflow/.local/lib/python3.8/site-packages/airflow/example_dags/example_external_task_marker_dag.py
[2025-12-30T09:47:09.163+0000] {logging_mixin.py:188} INFO - [2025-12-30T09:47:09.163+0000] {dag.py:3047} INFO - Sync 2 DAGs
[2025-12-30T09:47:09.175+0000] {logging_mixin.py:188} INFO - [2025-12-30T09:47:09.175+0000] {dag.py:3834} INFO - Setting next_dagrun for example_external_task_marker_child to None, run_after=None
[2025-12-30T09:47:09.179+0000] {logging_mixin.py:188} INFO - [2025-12-30T09:47:09.178+0000] {dag.py:3834} INFO - Setting next_dagrun for example_external_task_marker_parent to None, run_after=None
[2025-12-30T09:47:09.274+0000] {processor.py:183} INFO - Processing /home/airflow/.local/lib/python3.8/site-packages/airflow/example_dags/example_external_task_marker_dag.py took 0.563 seconds
[2025-12-30T09:47:45.736+0000] {processor.py:161} INFO - Started process (PID=130) to work on /home/airflow/.local/lib/python3.8/site-packages/airflow/example_dags/example_external_task_marker_dag.py
[2025-12-30T09:47:45.738+0000] {processor.py:830} INFO - Processing file /home/airflow/.local/lib/python3.8/site-packages/airflow/example_dags/example_external_task_marker_dag.py for tasks to queue
[2025-12-30T09:47:45.742+0000] {logging_mixin.py:188} INFO - [2025-12-30T09:47:45.741+0000] {dagbag.py:540} INFO - Filling up the DagBag from /home/airflow/.local/lib/python3.8/site-packages/airflow/example_dags/example_external_task_marker_dag.py
[2025-12-30T09:47:45.757+0000] {processor.py:840} INFO - DAG(s) 'example_external_task_marker_child', 'example_external_task_marker_parent' retrieved from /home/airflow/.local/lib/python3.8/site-packages/airflow/example_dags/example_external_task_marker_dag.py
[2025-12-30T09:47:45.817+0000] {logging_mixin.py:188} INFO - [2025-12-30T09:47:45.816+0000] {dag.py:3047} INFO - Sync 2 DAGs
[2025-12-30T09:47:45.866+0000] {logging_mixin.py:188} INFO - [2025-12-30T09:47:45.865+0000] {dag.py:3834} INFO - Setting next_dagrun for example_external_task_marker_child to None, run_after=None
[2025-12-30T09:47:45.878+0000] {logging_mixin.py:188} INFO - [2025-12-30T09:47:45.878+0000] {dag.py:3834} INFO - Setting next_dagrun for example_external_task_marker_parent to None, run_after=None
[2025-12-30T09:47:45.932+0000] {processor.py:183} INFO - Processing /home/airflow/.local/lib/python3.8/site-packages/airflow/example_dags/example_external_task_marker_dag.py took 0.202 seconds
[2025-12-30T09:50:00.105+0000] {processor.py:161} INFO - Started process (PID=181) to work on /home/airflow/.local/lib/python3.8/site-packages/airflow/example_dags/example_external_task_marker_dag.py
[2025-12-30T09:50:00.110+0000] {processor.py:830} INFO - Processing file /home/airflow/.local/lib/python3.8/site-packages/airflow/example_dags/example_external_task_marker_dag.py for tasks to queue
[2025-12-30T09:50:00.112+0000] {logging_mixin.py:188} INFO - [2025-12-30T09:50:00.111+0000] {dagbag.py:540} INFO - Filling up the DagBag from /home/airflow/.local/lib/python3.8/site-packages/airflow/example_dags/example_external_task_marker_dag.py
[2025-12-30T09:50:00.155+0000] {processor.py:840} INFO - DAG(s) 'example_external_task_marker_child', 'example_external_task_marker_parent' retrieved from /home/airflow/.local/lib/python3.8/site-packages/airflow/example_dags/example_external_task_marker_dag.py
[2025-12-30T09:50:00.215+0000] {logging_mixin.py:188} INFO - [2025-12-30T09:50:00.215+0000] {dag.py:3047} INFO - Sync 2 DAGs
[2025-12-30T09:50:00.251+0000] {logging_mixin.py:188} INFO - [2025-12-30T09:50:00.250+0000] {dag.py:3834} INFO - Setting next_dagrun for example_external_task_marker_child to None, run_after=None
[2025-12-30T09:50:00.270+0000] {logging_mixin.py:188} INFO - [2025-12-30T09:50:00.269+0000] {dag.py:3834} INFO - Setting next_dagrun for example_external_task_marker_parent to None, run_after=None
[2025-12-30T09:50:00.336+0000] {processor.py:183} INFO - Processing /home/airflow/.local/lib/python3.8/site-packages/airflow/example_dags/example_external_task_marker_dag.py took 0.240 seconds
[2025-12-30T09:50:39.122+0000] {processor.py:161} INFO - Started process (PID=235) to work on /home/airflow/.local/lib/python3.8/site-packages/airflow/example_dags/example_external_task_marker_dag.py
[2025-12-30T09:50:39.124+0000] {processor.py:830} INFO - Processing file /home/airflow/.local/lib/python3.8/site-packages/airflow/example_dags/example_external_task_marker_dag.py for tasks to queue
[2025-12-30T09:50:39.125+0000] {logging_mixin.py:188} INFO - [2025-12-30T09:50:39.124+0000] {dagbag.py:540} INFO - Filling up the DagBag from /home/airflow/.local/lib/python3.8/site-packages/airflow/example_dags/example_external_task_marker_dag.py
[2025-12-30T09:50:39.134+0000] {processor.py:840} INFO - DAG(s) 'example_external_task_marker_child', 'example_external_task_marker_parent' retrieved from /home/airflow/.local/lib/python3.8/site-packages/airflow/example_dags/example_external_task_marker_dag.py
[2025-12-30T09:50:50.027+0000] {logging_mixin.py:188} INFO - [2025-12-30T09:50:49.596+0000] {dag.py:3047} INFO - Sync 2 DAGs
[2025-12-30T09:50:59.049+0000] {logging_mixin.py:188} INFO - [2025-12-30T09:50:59.022+0000] {dag.py:3834} INFO - Setting next_dagrun for example_external_task_marker_child to None, run_after=None
[2025-12-30T09:50:59.507+0000] {logging_mixin.py:188} INFO - [2025-12-30T09:50:59.468+0000] {dag.py:3834} INFO - Setting next_dagrun for example_external_task_marker_parent to None, run_after=None
[2025-12-30T09:51:00.053+0000] {processor.py:183} INFO - Processing /home/airflow/.local/lib/python3.8/site-packages/airflow/example_dags/example_external_task_marker_dag.py took 20.936 seconds
[2025-12-30T09:53:32.063+0000] {processor.py:161} INFO - Started process (PID=282) to work on /home/airflow/.local/lib/python3.8/site-packages/airflow/example_dags/example_external_task_marker_dag.py
[2025-12-30T09:53:32.066+0000] {processor.py:830} INFO - Processing file /home/airflow/.local/lib/python3.8/site-packages/airflow/example_dags/example_external_task_marker_dag.py for tasks to queue
[2025-12-30T09:53:32.069+0000] {logging_mixin.py:188} INFO - [2025-12-30T09:53:32.068+0000] {dagbag.py:540} INFO - Filling up the DagBag from /home/airflow/.local/lib/python3.8/site-packages/airflow/example_dags/example_external_task_marker_dag.py
[2025-12-30T09:53:32.109+0000] {processor.py:840} INFO - DAG(s) 'example_external_task_marker_child', 'example_external_task_marker_parent' retrieved from /home/airflow/.local/lib/python3.8/site-packages/airflow/example_dags/example_external_task_marker_dag.py
[2025-12-30T09:53:32.415+0000] {logging_mixin.py:188} INFO - [2025-12-30T09:53:32.406+0000] {dag.py:3047} INFO - Sync 2 DAGs
[2025-12-30T09:53:32.516+0000] {logging_mixin.py:188} INFO - [2025-12-30T09:53:32.515+0000] {dag.py:3834} INFO - Setting next_dagrun for example_external_task_marker_child to None, run_after=None
[2025-12-30T09:53:32.574+0000] {logging_mixin.py:188} INFO - [2025-12-30T09:53:32.574+0000] {dag.py:3834} INFO - Setting next_dagrun for example_external_task_marker_parent to None, run_after=None
[2025-12-30T09:53:32.821+0000] {processor.py:183} INFO - Processing /home/airflow/.local/lib/python3.8/site-packages/airflow/example_dags/example_external_task_marker_dag.py took 0.773 seconds
[2025-12-30T09:56:01.566+0000] {processor.py:161} INFO - Started process (PID=337) to work on /home/airflow/.local/lib/python3.8/site-packages/airflow/example_dags/example_external_task_marker_dag.py
[2025-12-30T09:56:01.581+0000] {processor.py:830} INFO - Processing file /home/airflow/.local/lib/python3.8/site-packages/airflow/example_dags/example_external_task_marker_dag.py for tasks to queue
[2025-12-30T09:56:01.583+0000] {logging_mixin.py:188} INFO - [2025-12-30T09:56:01.582+0000] {dagbag.py:540} INFO - Filling up the DagBag from /home/airflow/.local/lib/python3.8/site-packages/airflow/example_dags/example_external_task_marker_dag.py
[2025-12-30T09:56:01.622+0000] {processor.py:840} INFO - DAG(s) 'example_external_task_marker_parent', 'example_external_task_marker_child' retrieved from /home/airflow/.local/lib/python3.8/site-packages/airflow/example_dags/example_external_task_marker_dag.py
[2025-12-30T09:56:01.819+0000] {logging_mixin.py:188} INFO - [2025-12-30T09:56:01.818+0000] {dag.py:3047} INFO - Sync 2 DAGs
[2025-12-30T09:56:01.931+0000] {logging_mixin.py:188} INFO - [2025-12-30T09:56:01.930+0000] {dag.py:3834} INFO - Setting next_dagrun for example_external_task_marker_child to None, run_after=None
[2025-12-30T09:56:01.963+0000] {logging_mixin.py:188} INFO - [2025-12-30T09:56:01.961+0000] {dag.py:3834} INFO - Setting next_dagrun for example_external_task_marker_parent to None, run_after=None
[2025-12-30T09:56:02.058+0000] {processor.py:183} INFO - Processing /home/airflow/.local/lib/python3.8/site-packages/airflow/example_dags/example_external_task_marker_dag.py took 0.517 seconds
[2025-12-30T10:00:30.506+0000] {processor.py:161} INFO - Started process (PID=398) to work on /home/airflow/.local/lib/python3.8/site-packages/airflow/example_dags/example_external_task_marker_dag.py
[2025-12-30T10:00:30.508+0000] {processor.py:830} INFO - Processing file /home/airflow/.local/lib/python3.8/site-packages/airflow/example_dags/example_external_task_marker_dag.py for tasks to queue
[2025-12-30T10:00:30.511+0000] {logging_mixin.py:188} INFO - [2025-12-30T10:00:30.511+0000] {dagbag.py:540} INFO - Filling up the DagBag from /home/airflow/.local/lib/python3.8/site-packages/airflow/example_dags/example_external_task_marker_dag.py
[2025-12-30T10:00:30.529+0000] {processor.py:840} INFO - DAG(s) 'example_external_task_marker_child', 'example_external_task_marker_parent' retrieved from /home/airflow/.local/lib/python3.8/site-packages/airflow/example_dags/example_external_task_marker_dag.py
[2025-12-30T10:00:30.592+0000] {logging_mixin.py:188} INFO - [2025-12-30T10:00:30.591+0000] {dag.py:3047} INFO - Sync 2 DAGs
[2025-12-30T10:00:30.622+0000] {logging_mixin.py:188} INFO - [2025-12-30T10:00:30.621+0000] {dag.py:3834} INFO - Setting next_dagrun for example_external_task_marker_child to None, run_after=None
[2025-12-30T10:00:30.632+0000] {logging_mixin.py:188} INFO - [2025-12-30T10:00:30.631+0000] {dag.py:3834} INFO - Setting next_dagrun for example_external_task_marker_parent to None, run_after=None
[2025-12-30T10:00:30.698+0000] {processor.py:183} INFO - Processing /home/airflow/.local/lib/python3.8/site-packages/airflow/example_dags/example_external_task_marker_dag.py took 0.198 seconds
[2025-12-30T10:01:02.446+0000] {processor.py:161} INFO - Started process (PID=454) to work on /home/airflow/.local/lib/python3.8/site-packages/airflow/example_dags/example_external_task_marker_dag.py
[2025-12-30T10:01:02.464+0000] {processor.py:830} INFO - Processing file /home/airflow/.local/lib/python3.8/site-packages/airflow/example_dags/example_external_task_marker_dag.py for tasks to queue
[2025-12-30T10:01:02.479+0000] {logging_mixin.py:188} INFO - [2025-12-30T10:01:02.478+0000] {dagbag.py:540} INFO - Filling up the DagBag from /home/airflow/.local/lib/python3.8/site-packages/airflow/example_dags/example_external_task_marker_dag.py
[2025-12-30T10:01:02.563+0000] {processor.py:840} INFO - DAG(s) 'example_external_task_marker_parent', 'example_external_task_marker_child' retrieved from /home/airflow/.local/lib/python3.8/site-packages/airflow/example_dags/example_external_task_marker_dag.py
[2025-12-30T10:01:02.801+0000] {logging_mixin.py:188} INFO - [2025-12-30T10:01:02.797+0000] {dag.py:3047} INFO - Sync 2 DAGs
[2025-12-30T10:01:02.863+0000] {logging_mixin.py:188} INFO - [2025-12-30T10:01:02.863+0000] {dag.py:3834} INFO - Setting next_dagrun for example_external_task_marker_child to None, run_after=None
[2025-12-30T10:01:02.883+0000] {logging_mixin.py:188} INFO - [2025-12-30T10:01:02.882+0000] {dag.py:3834} INFO - Setting next_dagrun for example_external_task_marker_parent to None, run_after=None
[2025-12-30T10:01:03.222+0000] {processor.py:183} INFO - Processing /home/airflow/.local/lib/python3.8/site-packages/airflow/example_dags/example_external_task_marker_dag.py took 0.812 seconds
