[2025-12-30T09:47:06.048+0000] {processor.py:161} INFO - Started process (PID=69) to work on /home/airflow/.local/lib/python3.8/site-packages/airflow/example_dags/example_short_circuit_operator.py
[2025-12-30T09:47:06.050+0000] {processor.py:830} INFO - Processing file /home/airflow/.local/lib/python3.8/site-packages/airflow/example_dags/example_short_circuit_operator.py for tasks to queue
[2025-12-30T09:47:06.055+0000] {logging_mixin.py:188} INFO - [2025-12-30T09:47:06.054+0000] {dagbag.py:540} INFO - Filling up the DagBag from /home/airflow/.local/lib/python3.8/site-packages/airflow/example_dags/example_short_circuit_operator.py
[2025-12-30T09:47:06.095+0000] {processor.py:840} INFO - DAG(s) 'example_short_circuit_operator' retrieved from /home/airflow/.local/lib/python3.8/site-packages/airflow/example_dags/example_short_circuit_operator.py
[2025-12-30T09:47:06.711+0000] {logging_mixin.py:188} INFO - [2025-12-30T09:47:06.710+0000] {dag.py:3047} INFO - Sync 1 DAGs
[2025-12-30T09:47:06.832+0000] {logging_mixin.py:188} INFO - [2025-12-30T09:47:06.831+0000] {dag.py:3834} INFO - Setting next_dagrun for example_short_circuit_operator to 2025-12-29 00:00:00+00:00, run_after=2025-12-30 00:00:00+00:00
[2025-12-30T09:47:06.933+0000] {processor.py:183} INFO - Processing /home/airflow/.local/lib/python3.8/site-packages/airflow/example_dags/example_short_circuit_operator.py took 0.900 seconds
[2025-12-30T09:47:42.986+0000] {processor.py:161} INFO - Started process (PID=124) to work on /home/airflow/.local/lib/python3.8/site-packages/airflow/example_dags/example_short_circuit_operator.py
[2025-12-30T09:47:42.988+0000] {processor.py:830} INFO - Processing file /home/airflow/.local/lib/python3.8/site-packages/airflow/example_dags/example_short_circuit_operator.py for tasks to queue
[2025-12-30T09:47:42.993+0000] {logging_mixin.py:188} INFO - [2025-12-30T09:47:42.991+0000] {dagbag.py:540} INFO - Filling up the DagBag from /home/airflow/.local/lib/python3.8/site-packages/airflow/example_dags/example_short_circuit_operator.py
[2025-12-30T09:47:43.008+0000] {processor.py:840} INFO - DAG(s) 'example_short_circuit_operator' retrieved from /home/airflow/.local/lib/python3.8/site-packages/airflow/example_dags/example_short_circuit_operator.py
[2025-12-30T09:47:43.059+0000] {logging_mixin.py:188} INFO - [2025-12-30T09:47:43.058+0000] {dag.py:3047} INFO - Sync 1 DAGs
[2025-12-30T09:47:43.147+0000] {logging_mixin.py:188} INFO - [2025-12-30T09:47:43.146+0000] {dag.py:3834} INFO - Setting next_dagrun for example_short_circuit_operator to 2025-12-29 00:00:00+00:00, run_after=2025-12-30 00:00:00+00:00
[2025-12-30T09:47:43.289+0000] {processor.py:183} INFO - Processing /home/airflow/.local/lib/python3.8/site-packages/airflow/example_dags/example_short_circuit_operator.py took 0.319 seconds
[2025-12-30T09:49:59.290+0000] {processor.py:161} INFO - Started process (PID=175) to work on /home/airflow/.local/lib/python3.8/site-packages/airflow/example_dags/example_short_circuit_operator.py
[2025-12-30T09:49:59.294+0000] {processor.py:830} INFO - Processing file /home/airflow/.local/lib/python3.8/site-packages/airflow/example_dags/example_short_circuit_operator.py for tasks to queue
[2025-12-30T09:49:59.297+0000] {logging_mixin.py:188} INFO - [2025-12-30T09:49:59.296+0000] {dagbag.py:540} INFO - Filling up the DagBag from /home/airflow/.local/lib/python3.8/site-packages/airflow/example_dags/example_short_circuit_operator.py
[2025-12-30T09:49:59.328+0000] {processor.py:840} INFO - DAG(s) 'example_short_circuit_operator' retrieved from /home/airflow/.local/lib/python3.8/site-packages/airflow/example_dags/example_short_circuit_operator.py
[2025-12-30T09:49:59.397+0000] {logging_mixin.py:188} INFO - [2025-12-30T09:49:59.397+0000] {dag.py:3047} INFO - Sync 1 DAGs
[2025-12-30T09:49:59.470+0000] {logging_mixin.py:188} INFO - [2025-12-30T09:49:59.469+0000] {dag.py:3834} INFO - Setting next_dagrun for example_short_circuit_operator to 2025-12-29 00:00:00+00:00, run_after=2025-12-30 00:00:00+00:00
[2025-12-30T09:49:59.518+0000] {processor.py:183} INFO - Processing /home/airflow/.local/lib/python3.8/site-packages/airflow/example_dags/example_short_circuit_operator.py took 0.234 seconds
[2025-12-30T09:50:37.209+0000] {processor.py:161} INFO - Started process (PID=229) to work on /home/airflow/.local/lib/python3.8/site-packages/airflow/example_dags/example_short_circuit_operator.py
[2025-12-30T09:50:37.213+0000] {processor.py:830} INFO - Processing file /home/airflow/.local/lib/python3.8/site-packages/airflow/example_dags/example_short_circuit_operator.py for tasks to queue
[2025-12-30T09:50:37.215+0000] {logging_mixin.py:188} INFO - [2025-12-30T09:50:37.215+0000] {dagbag.py:540} INFO - Filling up the DagBag from /home/airflow/.local/lib/python3.8/site-packages/airflow/example_dags/example_short_circuit_operator.py
[2025-12-30T09:50:37.232+0000] {processor.py:840} INFO - DAG(s) 'example_short_circuit_operator' retrieved from /home/airflow/.local/lib/python3.8/site-packages/airflow/example_dags/example_short_circuit_operator.py
[2025-12-30T09:50:37.278+0000] {logging_mixin.py:188} INFO - [2025-12-30T09:50:37.278+0000] {dag.py:3047} INFO - Sync 1 DAGs
[2025-12-30T09:50:37.311+0000] {logging_mixin.py:188} INFO - [2025-12-30T09:50:37.310+0000] {dag.py:3834} INFO - Setting next_dagrun for example_short_circuit_operator to 2025-12-29 00:00:00+00:00, run_after=2025-12-30 00:00:00+00:00
[2025-12-30T09:50:37.332+0000] {processor.py:183} INFO - Processing /home/airflow/.local/lib/python3.8/site-packages/airflow/example_dags/example_short_circuit_operator.py took 0.129 seconds
[2025-12-30T09:53:29.538+0000] {processor.py:161} INFO - Started process (PID=276) to work on /home/airflow/.local/lib/python3.8/site-packages/airflow/example_dags/example_short_circuit_operator.py
[2025-12-30T09:53:29.586+0000] {processor.py:830} INFO - Processing file /home/airflow/.local/lib/python3.8/site-packages/airflow/example_dags/example_short_circuit_operator.py for tasks to queue
[2025-12-30T09:53:29.587+0000] {logging_mixin.py:188} INFO - [2025-12-30T09:53:29.587+0000] {dagbag.py:540} INFO - Filling up the DagBag from /home/airflow/.local/lib/python3.8/site-packages/airflow/example_dags/example_short_circuit_operator.py
[2025-12-30T09:53:29.638+0000] {processor.py:840} INFO - DAG(s) 'example_short_circuit_operator' retrieved from /home/airflow/.local/lib/python3.8/site-packages/airflow/example_dags/example_short_circuit_operator.py
[2025-12-30T09:53:29.999+0000] {logging_mixin.py:188} INFO - [2025-12-30T09:53:29.998+0000] {dag.py:3047} INFO - Sync 1 DAGs
[2025-12-30T09:53:30.647+0000] {logging_mixin.py:188} INFO - [2025-12-30T09:53:30.646+0000] {dag.py:3834} INFO - Setting next_dagrun for example_short_circuit_operator to 2025-12-29 00:00:00+00:00, run_after=2025-12-30 00:00:00+00:00
[2025-12-30T09:53:30.832+0000] {processor.py:183} INFO - Processing /home/airflow/.local/lib/python3.8/site-packages/airflow/example_dags/example_short_circuit_operator.py took 1.299 seconds
[2025-12-30T09:55:12.323+0000] {processor.py:161} INFO - Started process (PID=331) to work on /home/airflow/.local/lib/python3.8/site-packages/airflow/example_dags/example_short_circuit_operator.py
[2025-12-30T09:55:12.326+0000] {processor.py:830} INFO - Processing file /home/airflow/.local/lib/python3.8/site-packages/airflow/example_dags/example_short_circuit_operator.py for tasks to queue
[2025-12-30T09:55:12.329+0000] {logging_mixin.py:188} INFO - [2025-12-30T09:55:12.328+0000] {dagbag.py:540} INFO - Filling up the DagBag from /home/airflow/.local/lib/python3.8/site-packages/airflow/example_dags/example_short_circuit_operator.py
[2025-12-30T09:55:12.368+0000] {processor.py:840} INFO - DAG(s) 'example_short_circuit_operator' retrieved from /home/airflow/.local/lib/python3.8/site-packages/airflow/example_dags/example_short_circuit_operator.py
[2025-12-30T09:55:12.892+0000] {logging_mixin.py:188} INFO - [2025-12-30T09:55:12.886+0000] {dag.py:3047} INFO - Sync 1 DAGs
[2025-12-30T09:55:12.980+0000] {logging_mixin.py:188} INFO - [2025-12-30T09:55:12.980+0000] {dag.py:3834} INFO - Setting next_dagrun for example_short_circuit_operator to 2025-12-29 00:00:00+00:00, run_after=2025-12-30 00:00:00+00:00
[2025-12-30T09:55:13.195+0000] {processor.py:183} INFO - Processing /home/airflow/.local/lib/python3.8/site-packages/airflow/example_dags/example_short_circuit_operator.py took 0.889 seconds
[2025-12-30T09:59:21.094+0000] {processor.py:161} INFO - Started process (PID=386) to work on /home/airflow/.local/lib/python3.8/site-packages/airflow/example_dags/example_short_circuit_operator.py
[2025-12-30T09:59:21.097+0000] {processor.py:830} INFO - Processing file /home/airflow/.local/lib/python3.8/site-packages/airflow/example_dags/example_short_circuit_operator.py for tasks to queue
[2025-12-30T09:59:21.098+0000] {logging_mixin.py:188} INFO - [2025-12-30T09:59:21.098+0000] {dagbag.py:540} INFO - Filling up the DagBag from /home/airflow/.local/lib/python3.8/site-packages/airflow/example_dags/example_short_circuit_operator.py
[2025-12-30T09:59:21.126+0000] {processor.py:840} INFO - DAG(s) 'example_short_circuit_operator' retrieved from /home/airflow/.local/lib/python3.8/site-packages/airflow/example_dags/example_short_circuit_operator.py
[2025-12-30T09:59:21.704+0000] {logging_mixin.py:188} INFO - [2025-12-30T09:59:21.694+0000] {dag.py:3047} INFO - Sync 1 DAGs
[2025-12-30T09:59:21.770+0000] {logging_mixin.py:188} INFO - [2025-12-30T09:59:21.769+0000] {dag.py:3834} INFO - Setting next_dagrun for example_short_circuit_operator to 2025-12-29 00:00:00+00:00, run_after=2025-12-30 00:00:00+00:00
[2025-12-30T09:59:21.862+0000] {processor.py:183} INFO - Processing /home/airflow/.local/lib/python3.8/site-packages/airflow/example_dags/example_short_circuit_operator.py took 0.774 seconds
[2025-12-30T10:00:34.359+0000] {processor.py:161} INFO - Started process (PID=426) to work on /home/airflow/.local/lib/python3.8/site-packages/airflow/example_dags/example_short_circuit_operator.py
[2025-12-30T10:00:34.360+0000] {processor.py:830} INFO - Processing file /home/airflow/.local/lib/python3.8/site-packages/airflow/example_dags/example_short_circuit_operator.py for tasks to queue
[2025-12-30T10:00:34.362+0000] {logging_mixin.py:188} INFO - [2025-12-30T10:00:34.362+0000] {dagbag.py:540} INFO - Filling up the DagBag from /home/airflow/.local/lib/python3.8/site-packages/airflow/example_dags/example_short_circuit_operator.py
[2025-12-30T10:00:34.377+0000] {processor.py:840} INFO - DAG(s) 'example_short_circuit_operator' retrieved from /home/airflow/.local/lib/python3.8/site-packages/airflow/example_dags/example_short_circuit_operator.py
[2025-12-30T10:00:34.417+0000] {logging_mixin.py:188} INFO - [2025-12-30T10:00:34.416+0000] {dag.py:3047} INFO - Sync 1 DAGs
[2025-12-30T10:00:34.450+0000] {logging_mixin.py:188} INFO - [2025-12-30T10:00:34.450+0000] {dag.py:3834} INFO - Setting next_dagrun for example_short_circuit_operator to 2025-12-29 00:00:00+00:00, run_after=2025-12-30 00:00:00+00:00
[2025-12-30T10:00:34.481+0000] {processor.py:183} INFO - Processing /home/airflow/.local/lib/python3.8/site-packages/airflow/example_dags/example_short_circuit_operator.py took 0.127 seconds
