[2025-12-30T09:47:30.645+0000] {processor.py:161} INFO - Started process (PID=105) to work on /home/airflow/.local/lib/python3.8/site-packages/airflow/example_dags/tutorial_objectstorage.py
[2025-12-30T09:47:30.647+0000] {processor.py:830} INFO - Processing file /home/airflow/.local/lib/python3.8/site-packages/airflow/example_dags/tutorial_objectstorage.py for tasks to queue
[2025-12-30T09:47:30.650+0000] {logging_mixin.py:188} INFO - [2025-12-30T09:47:30.649+0000] {dagbag.py:540} INFO - Filling up the DagBag from /home/airflow/.local/lib/python3.8/site-packages/airflow/example_dags/tutorial_objectstorage.py
[2025-12-30T09:47:30.660+0000] {processor.py:840} INFO - DAG(s) 'tutorial_objectstorage' retrieved from /home/airflow/.local/lib/python3.8/site-packages/airflow/example_dags/tutorial_objectstorage.py
[2025-12-30T09:47:30.843+0000] {logging_mixin.py:188} INFO - [2025-12-30T09:47:30.843+0000] {dag.py:3047} INFO - Sync 1 DAGs
[2025-12-30T09:47:30.857+0000] {logging_mixin.py:188} INFO - [2025-12-30T09:47:30.856+0000] {dag.py:3834} INFO - Setting next_dagrun for tutorial_objectstorage to None, run_after=None
[2025-12-30T09:47:30.984+0000] {processor.py:183} INFO - Processing /home/airflow/.local/lib/python3.8/site-packages/airflow/example_dags/tutorial_objectstorage.py took 0.343 seconds
[2025-12-30T09:48:01.519+0000] {processor.py:161} INFO - Started process (PID=154) to work on /home/airflow/.local/lib/python3.8/site-packages/airflow/example_dags/tutorial_objectstorage.py
[2025-12-30T09:48:01.520+0000] {processor.py:830} INFO - Processing file /home/airflow/.local/lib/python3.8/site-packages/airflow/example_dags/tutorial_objectstorage.py for tasks to queue
[2025-12-30T09:48:01.528+0000] {logging_mixin.py:188} INFO - [2025-12-30T09:48:01.527+0000] {dagbag.py:540} INFO - Filling up the DagBag from /home/airflow/.local/lib/python3.8/site-packages/airflow/example_dags/tutorial_objectstorage.py
[2025-12-30T09:48:01.570+0000] {processor.py:840} INFO - DAG(s) 'tutorial_objectstorage' retrieved from /home/airflow/.local/lib/python3.8/site-packages/airflow/example_dags/tutorial_objectstorage.py
[2025-12-30T09:48:01.680+0000] {logging_mixin.py:188} INFO - [2025-12-30T09:48:01.679+0000] {dag.py:3047} INFO - Sync 1 DAGs
[2025-12-30T09:48:01.713+0000] {logging_mixin.py:188} INFO - [2025-12-30T09:48:01.713+0000] {dag.py:3834} INFO - Setting next_dagrun for tutorial_objectstorage to None, run_after=None
[2025-12-30T09:48:01.761+0000] {processor.py:183} INFO - Processing /home/airflow/.local/lib/python3.8/site-packages/airflow/example_dags/tutorial_objectstorage.py took 0.250 seconds
[2025-12-30T09:50:04.993+0000] {processor.py:161} INFO - Started process (PID=205) to work on /home/airflow/.local/lib/python3.8/site-packages/airflow/example_dags/tutorial_objectstorage.py
[2025-12-30T09:50:04.996+0000] {processor.py:830} INFO - Processing file /home/airflow/.local/lib/python3.8/site-packages/airflow/example_dags/tutorial_objectstorage.py for tasks to queue
[2025-12-30T09:50:04.998+0000] {logging_mixin.py:188} INFO - [2025-12-30T09:50:04.997+0000] {dagbag.py:540} INFO - Filling up the DagBag from /home/airflow/.local/lib/python3.8/site-packages/airflow/example_dags/tutorial_objectstorage.py
[2025-12-30T09:50:05.020+0000] {processor.py:840} INFO - DAG(s) 'tutorial_objectstorage' retrieved from /home/airflow/.local/lib/python3.8/site-packages/airflow/example_dags/tutorial_objectstorage.py
[2025-12-30T09:50:05.104+0000] {logging_mixin.py:188} INFO - [2025-12-30T09:50:05.103+0000] {dag.py:3047} INFO - Sync 1 DAGs
[2025-12-30T09:50:05.128+0000] {logging_mixin.py:188} INFO - [2025-12-30T09:50:05.128+0000] {dag.py:3834} INFO - Setting next_dagrun for tutorial_objectstorage to None, run_after=None
[2025-12-30T09:50:05.173+0000] {processor.py:183} INFO - Processing /home/airflow/.local/lib/python3.8/site-packages/airflow/example_dags/tutorial_objectstorage.py took 0.194 seconds
[2025-12-30T09:53:13.364+0000] {processor.py:161} INFO - Started process (PID=259) to work on /home/airflow/.local/lib/python3.8/site-packages/airflow/example_dags/tutorial_objectstorage.py
[2025-12-30T09:53:13.369+0000] {processor.py:830} INFO - Processing file /home/airflow/.local/lib/python3.8/site-packages/airflow/example_dags/tutorial_objectstorage.py for tasks to queue
[2025-12-30T09:53:13.372+0000] {logging_mixin.py:188} INFO - [2025-12-30T09:53:13.371+0000] {dagbag.py:540} INFO - Filling up the DagBag from /home/airflow/.local/lib/python3.8/site-packages/airflow/example_dags/tutorial_objectstorage.py
[2025-12-30T09:53:13.428+0000] {processor.py:840} INFO - DAG(s) 'tutorial_objectstorage' retrieved from /home/airflow/.local/lib/python3.8/site-packages/airflow/example_dags/tutorial_objectstorage.py
[2025-12-30T09:53:13.573+0000] {logging_mixin.py:188} INFO - [2025-12-30T09:53:13.572+0000] {dag.py:3047} INFO - Sync 1 DAGs
[2025-12-30T09:53:13.616+0000] {logging_mixin.py:188} INFO - [2025-12-30T09:53:13.616+0000] {dag.py:3834} INFO - Setting next_dagrun for tutorial_objectstorage to None, run_after=None
[2025-12-30T09:53:13.696+0000] {processor.py:183} INFO - Processing /home/airflow/.local/lib/python3.8/site-packages/airflow/example_dags/tutorial_objectstorage.py took 0.366 seconds
[2025-12-30T09:53:44.279+0000] {processor.py:161} INFO - Started process (PID=314) to work on /home/airflow/.local/lib/python3.8/site-packages/airflow/example_dags/tutorial_objectstorage.py
[2025-12-30T09:53:44.283+0000] {processor.py:830} INFO - Processing file /home/airflow/.local/lib/python3.8/site-packages/airflow/example_dags/tutorial_objectstorage.py for tasks to queue
[2025-12-30T09:53:44.284+0000] {logging_mixin.py:188} INFO - [2025-12-30T09:53:44.284+0000] {dagbag.py:540} INFO - Filling up the DagBag from /home/airflow/.local/lib/python3.8/site-packages/airflow/example_dags/tutorial_objectstorage.py
[2025-12-30T09:53:44.302+0000] {processor.py:840} INFO - DAG(s) 'tutorial_objectstorage' retrieved from /home/airflow/.local/lib/python3.8/site-packages/airflow/example_dags/tutorial_objectstorage.py
[2025-12-30T09:53:44.344+0000] {logging_mixin.py:188} INFO - [2025-12-30T09:53:44.344+0000] {dag.py:3047} INFO - Sync 1 DAGs
[2025-12-30T09:53:44.381+0000] {logging_mixin.py:188} INFO - [2025-12-30T09:53:44.380+0000] {dag.py:3834} INFO - Setting next_dagrun for tutorial_objectstorage to None, run_after=None
[2025-12-30T09:53:44.418+0000] {processor.py:183} INFO - Processing /home/airflow/.local/lib/python3.8/site-packages/airflow/example_dags/tutorial_objectstorage.py took 0.155 seconds
[2025-12-30T09:58:53.920+0000] {processor.py:161} INFO - Started process (PID=361) to work on /home/airflow/.local/lib/python3.8/site-packages/airflow/example_dags/tutorial_objectstorage.py
[2025-12-30T09:58:53.928+0000] {processor.py:830} INFO - Processing file /home/airflow/.local/lib/python3.8/site-packages/airflow/example_dags/tutorial_objectstorage.py for tasks to queue
[2025-12-30T09:58:53.942+0000] {logging_mixin.py:188} INFO - [2025-12-30T09:58:53.930+0000] {dagbag.py:540} INFO - Filling up the DagBag from /home/airflow/.local/lib/python3.8/site-packages/airflow/example_dags/tutorial_objectstorage.py
[2025-12-30T09:58:54.077+0000] {processor.py:840} INFO - DAG(s) 'tutorial_objectstorage' retrieved from /home/airflow/.local/lib/python3.8/site-packages/airflow/example_dags/tutorial_objectstorage.py
[2025-12-30T09:59:16.675+0000] {logging_mixin.py:188} INFO - [2025-12-30T09:59:16.672+0000] {dag.py:3047} INFO - Sync 1 DAGs
[2025-12-30T09:59:16.841+0000] {logging_mixin.py:188} INFO - [2025-12-30T09:59:16.840+0000] {dag.py:3834} INFO - Setting next_dagrun for tutorial_objectstorage to None, run_after=None
[2025-12-30T09:59:16.987+0000] {processor.py:183} INFO - Processing /home/airflow/.local/lib/python3.8/site-packages/airflow/example_dags/tutorial_objectstorage.py took 23.036 seconds
[2025-12-30T10:00:34.697+0000] {processor.py:161} INFO - Started process (PID=429) to work on /home/airflow/.local/lib/python3.8/site-packages/airflow/example_dags/tutorial_objectstorage.py
[2025-12-30T10:00:34.699+0000] {processor.py:830} INFO - Processing file /home/airflow/.local/lib/python3.8/site-packages/airflow/example_dags/tutorial_objectstorage.py for tasks to queue
[2025-12-30T10:00:34.700+0000] {logging_mixin.py:188} INFO - [2025-12-30T10:00:34.700+0000] {dagbag.py:540} INFO - Filling up the DagBag from /home/airflow/.local/lib/python3.8/site-packages/airflow/example_dags/tutorial_objectstorage.py
[2025-12-30T10:00:34.716+0000] {processor.py:840} INFO - DAG(s) 'tutorial_objectstorage' retrieved from /home/airflow/.local/lib/python3.8/site-packages/airflow/example_dags/tutorial_objectstorage.py
[2025-12-30T10:00:34.749+0000] {logging_mixin.py:188} INFO - [2025-12-30T10:00:34.749+0000] {dag.py:3047} INFO - Sync 1 DAGs
[2025-12-30T10:00:34.775+0000] {logging_mixin.py:188} INFO - [2025-12-30T10:00:34.774+0000] {dag.py:3834} INFO - Setting next_dagrun for tutorial_objectstorage to None, run_after=None
[2025-12-30T10:00:34.805+0000] {processor.py:183} INFO - Processing /home/airflow/.local/lib/python3.8/site-packages/airflow/example_dags/tutorial_objectstorage.py took 0.115 seconds
