[2025-12-30T09:47:11.363+0000] {processor.py:161} INFO - Started process (PID=79) to work on /home/airflow/.local/lib/python3.8/site-packages/airflow/example_dags/tutorial.py
[2025-12-30T09:47:11.365+0000] {processor.py:830} INFO - Processing file /home/airflow/.local/lib/python3.8/site-packages/airflow/example_dags/tutorial.py for tasks to queue
[2025-12-30T09:47:11.412+0000] {logging_mixin.py:188} INFO - [2025-12-30T09:47:11.410+0000] {dagbag.py:540} INFO - Filling up the DagBag from /home/airflow/.local/lib/python3.8/site-packages/airflow/example_dags/tutorial.py
[2025-12-30T09:47:11.495+0000] {processor.py:840} INFO - DAG(s) 'tutorial' retrieved from /home/airflow/.local/lib/python3.8/site-packages/airflow/example_dags/tutorial.py
[2025-12-30T09:47:13.274+0000] {logging_mixin.py:188} INFO - [2025-12-30T09:47:13.270+0000] {dag.py:3047} INFO - Sync 1 DAGs
[2025-12-30T09:47:13.423+0000] {logging_mixin.py:188} INFO - [2025-12-30T09:47:13.423+0000] {dag.py:3834} INFO - Setting next_dagrun for tutorial to 2025-12-29 00:00:00+00:00, run_after=2025-12-30 00:00:00+00:00
[2025-12-30T09:47:13.766+0000] {processor.py:183} INFO - Processing /home/airflow/.local/lib/python3.8/site-packages/airflow/example_dags/tutorial.py took 2.411 seconds
[2025-12-30T09:47:47.485+0000] {processor.py:161} INFO - Started process (PID=134) to work on /home/airflow/.local/lib/python3.8/site-packages/airflow/example_dags/tutorial.py
[2025-12-30T09:47:47.493+0000] {processor.py:830} INFO - Processing file /home/airflow/.local/lib/python3.8/site-packages/airflow/example_dags/tutorial.py for tasks to queue
[2025-12-30T09:47:47.503+0000] {logging_mixin.py:188} INFO - [2025-12-30T09:47:47.502+0000] {dagbag.py:540} INFO - Filling up the DagBag from /home/airflow/.local/lib/python3.8/site-packages/airflow/example_dags/tutorial.py
[2025-12-30T09:47:47.523+0000] {processor.py:840} INFO - DAG(s) 'tutorial' retrieved from /home/airflow/.local/lib/python3.8/site-packages/airflow/example_dags/tutorial.py
[2025-12-30T09:47:47.608+0000] {logging_mixin.py:188} INFO - [2025-12-30T09:47:47.607+0000] {dag.py:3047} INFO - Sync 1 DAGs
[2025-12-30T09:47:47.687+0000] {logging_mixin.py:188} INFO - [2025-12-30T09:47:47.686+0000] {dag.py:3834} INFO - Setting next_dagrun for tutorial to 2025-12-29 00:00:00+00:00, run_after=2025-12-30 00:00:00+00:00
[2025-12-30T09:47:47.963+0000] {processor.py:183} INFO - Processing /home/airflow/.local/lib/python3.8/site-packages/airflow/example_dags/tutorial.py took 0.489 seconds
[2025-12-30T09:50:00.697+0000] {processor.py:161} INFO - Started process (PID=185) to work on /home/airflow/.local/lib/python3.8/site-packages/airflow/example_dags/tutorial.py
[2025-12-30T09:50:00.700+0000] {processor.py:830} INFO - Processing file /home/airflow/.local/lib/python3.8/site-packages/airflow/example_dags/tutorial.py for tasks to queue
[2025-12-30T09:50:00.701+0000] {logging_mixin.py:188} INFO - [2025-12-30T09:50:00.701+0000] {dagbag.py:540} INFO - Filling up the DagBag from /home/airflow/.local/lib/python3.8/site-packages/airflow/example_dags/tutorial.py
[2025-12-30T09:50:00.719+0000] {processor.py:840} INFO - DAG(s) 'tutorial' retrieved from /home/airflow/.local/lib/python3.8/site-packages/airflow/example_dags/tutorial.py
[2025-12-30T09:50:00.760+0000] {logging_mixin.py:188} INFO - [2025-12-30T09:50:00.760+0000] {dag.py:3047} INFO - Sync 1 DAGs
[2025-12-30T09:50:00.802+0000] {logging_mixin.py:188} INFO - [2025-12-30T09:50:00.801+0000] {dag.py:3834} INFO - Setting next_dagrun for tutorial to 2025-12-29 00:00:00+00:00, run_after=2025-12-30 00:00:00+00:00
[2025-12-30T09:50:00.849+0000] {processor.py:183} INFO - Processing /home/airflow/.local/lib/python3.8/site-packages/airflow/example_dags/tutorial.py took 0.159 seconds
[2025-12-30T09:51:34.047+0000] {processor.py:161} INFO - Started process (PID=239) to work on /home/airflow/.local/lib/python3.8/site-packages/airflow/example_dags/tutorial.py
[2025-12-30T09:51:34.093+0000] {processor.py:830} INFO - Processing file /home/airflow/.local/lib/python3.8/site-packages/airflow/example_dags/tutorial.py for tasks to queue
[2025-12-30T09:51:34.160+0000] {logging_mixin.py:188} INFO - [2025-12-30T09:51:34.127+0000] {dagbag.py:540} INFO - Filling up the DagBag from /home/airflow/.local/lib/python3.8/site-packages/airflow/example_dags/tutorial.py
[2025-12-30T09:51:34.472+0000] {processor.py:840} INFO - DAG(s) 'tutorial' retrieved from /home/airflow/.local/lib/python3.8/site-packages/airflow/example_dags/tutorial.py
[2025-12-30T09:51:52.381+0000] {logging_mixin.py:188} INFO - [2025-12-30T09:51:52.376+0000] {dag.py:3047} INFO - Sync 1 DAGs
[2025-12-30T09:51:52.499+0000] {logging_mixin.py:188} INFO - [2025-12-30T09:51:52.499+0000] {dag.py:3834} INFO - Setting next_dagrun for tutorial to 2025-12-29 00:00:00+00:00, run_after=2025-12-30 00:00:00+00:00
[2025-12-30T09:51:52.629+0000] {processor.py:183} INFO - Processing /home/airflow/.local/lib/python3.8/site-packages/airflow/example_dags/tutorial.py took 18.651 seconds
[2025-12-30T09:53:35.224+0000] {processor.py:161} INFO - Started process (PID=286) to work on /home/airflow/.local/lib/python3.8/site-packages/airflow/example_dags/tutorial.py
[2025-12-30T09:53:35.234+0000] {processor.py:830} INFO - Processing file /home/airflow/.local/lib/python3.8/site-packages/airflow/example_dags/tutorial.py for tasks to queue
[2025-12-30T09:53:35.236+0000] {logging_mixin.py:188} INFO - [2025-12-30T09:53:35.235+0000] {dagbag.py:540} INFO - Filling up the DagBag from /home/airflow/.local/lib/python3.8/site-packages/airflow/example_dags/tutorial.py
[2025-12-30T09:53:35.287+0000] {processor.py:840} INFO - DAG(s) 'tutorial' retrieved from /home/airflow/.local/lib/python3.8/site-packages/airflow/example_dags/tutorial.py
[2025-12-30T09:53:35.488+0000] {logging_mixin.py:188} INFO - [2025-12-30T09:53:35.487+0000] {dag.py:3047} INFO - Sync 1 DAGs
[2025-12-30T09:53:35.622+0000] {logging_mixin.py:188} INFO - [2025-12-30T09:53:35.621+0000] {dag.py:3834} INFO - Setting next_dagrun for tutorial to 2025-12-29 00:00:00+00:00, run_after=2025-12-30 00:00:00+00:00
[2025-12-30T09:53:35.930+0000] {processor.py:183} INFO - Processing /home/airflow/.local/lib/python3.8/site-packages/airflow/example_dags/tutorial.py took 0.707 seconds
[2025-12-30T09:56:03.056+0000] {processor.py:161} INFO - Started process (PID=341) to work on /home/airflow/.local/lib/python3.8/site-packages/airflow/example_dags/tutorial.py
[2025-12-30T09:56:03.060+0000] {processor.py:830} INFO - Processing file /home/airflow/.local/lib/python3.8/site-packages/airflow/example_dags/tutorial.py for tasks to queue
[2025-12-30T09:56:03.063+0000] {logging_mixin.py:188} INFO - [2025-12-30T09:56:03.062+0000] {dagbag.py:540} INFO - Filling up the DagBag from /home/airflow/.local/lib/python3.8/site-packages/airflow/example_dags/tutorial.py
[2025-12-30T09:56:03.092+0000] {processor.py:840} INFO - DAG(s) 'tutorial' retrieved from /home/airflow/.local/lib/python3.8/site-packages/airflow/example_dags/tutorial.py
[2025-12-30T09:56:03.274+0000] {logging_mixin.py:188} INFO - [2025-12-30T09:56:03.265+0000] {dag.py:3047} INFO - Sync 1 DAGs
[2025-12-30T09:56:03.387+0000] {logging_mixin.py:188} INFO - [2025-12-30T09:56:03.386+0000] {dag.py:3834} INFO - Setting next_dagrun for tutorial to 2025-12-29 00:00:00+00:00, run_after=2025-12-30 00:00:00+00:00
[2025-12-30T09:56:03.582+0000] {processor.py:183} INFO - Processing /home/airflow/.local/lib/python3.8/site-packages/airflow/example_dags/tutorial.py took 0.546 seconds
[2025-12-30T10:00:31.082+0000] {processor.py:161} INFO - Started process (PID=402) to work on /home/airflow/.local/lib/python3.8/site-packages/airflow/example_dags/tutorial.py
[2025-12-30T10:00:31.085+0000] {processor.py:830} INFO - Processing file /home/airflow/.local/lib/python3.8/site-packages/airflow/example_dags/tutorial.py for tasks to queue
[2025-12-30T10:00:31.086+0000] {logging_mixin.py:188} INFO - [2025-12-30T10:00:31.086+0000] {dagbag.py:540} INFO - Filling up the DagBag from /home/airflow/.local/lib/python3.8/site-packages/airflow/example_dags/tutorial.py
[2025-12-30T10:00:31.101+0000] {processor.py:840} INFO - DAG(s) 'tutorial' retrieved from /home/airflow/.local/lib/python3.8/site-packages/airflow/example_dags/tutorial.py
[2025-12-30T10:00:31.161+0000] {logging_mixin.py:188} INFO - [2025-12-30T10:00:31.160+0000] {dag.py:3047} INFO - Sync 1 DAGs
[2025-12-30T10:00:31.206+0000] {logging_mixin.py:188} INFO - [2025-12-30T10:00:31.206+0000] {dag.py:3834} INFO - Setting next_dagrun for tutorial to 2025-12-29 00:00:00+00:00, run_after=2025-12-30 00:00:00+00:00
[2025-12-30T10:00:31.252+0000] {processor.py:183} INFO - Processing /home/airflow/.local/lib/python3.8/site-packages/airflow/example_dags/tutorial.py took 0.182 seconds
